#
# There is insufficient memory for the Java Runtime Environment to continue.
# Native memory allocation (mmap) failed to map 99614720 bytes for Failed to commit area from 0x0000000096400000 to 0x000000009c300000 of length 99614720.
# Possible reasons:
#   The system is out of physical RAM or swap space
#   The process is running with CompressedOops enabled, and the Java Heap may be blocking the growth of the native heap
# Possible solutions:
#   Reduce memory load on the system
#   Increase physical memory or swap space
#   Check if swap backing store is full
#   Decrease Java heap size (-Xmx/-Xms)
#   Decrease number of Java threads
#   Decrease Java thread stack sizes (-Xss)
#   Set larger code cache with -XX:ReservedCodeCacheSize=
#   JVM is running with Unscaled Compressed Oops mode in which the Java heap is
#     placed in the first 4GB address space. The Java Heap base address is the
#     maximum limit for the native heap growth. Please use -XX:HeapBaseMinAddress
#     to set the Java Heap base and to place the Java Heap above 4GB virtual address.
# This output file may be truncated or incomplete.
#
#  Out of Memory Error (./src/hotspot/os/windows/os_windows.cpp:3301), pid=19660, tid=19748
#
# JRE version: OpenJDK Runtime Environment (11.0.10) (build 11.0.10+0-b96-7249189)
# Java VM: OpenJDK 64-Bit Server VM (11.0.10+0-b96-7249189, mixed mode, tiered, compressed oops, g1 gc, windows-amd64)
# No core dump will be written. Minidumps are not enabled by default on client versions of Windows
#

---------------  S U M M A R Y ------------

Command Line: --add-opens=java.base/java.util=ALL-UNNAMED --add-opens=java.base/java.lang=ALL-UNNAMED --add-opens=java.base/java.lang.invoke=ALL-UNNAMED --add-opens=java.base/java.util=ALL-UNNAMED --add-opens=java.prefs/java.util.prefs=ALL-UNNAMED --add-opens=java.prefs/java.util.prefs=ALL-UNNAMED --add-opens=java.base/java.nio.charset=ALL-UNNAMED --add-opens=java.base/java.net=ALL-UNNAMED --add-opens=java.base/java.util.concurrent.atomic=ALL-UNNAMED -Xmx2048m -Dfile.encoding=UTF-8 -Duser.country=RU -Duser.language=ru -Duser.variant org.gradle.launcher.daemon.bootstrap.GradleDaemon 7.0.2

Host: AMD Ryzen 5 4600H with Radeon Graphics         , 12 cores, 15G,  Windows 10 , 64 bit Build 19041 (10.0.19041.2364)
Time: Sat Jan 14 01:25:08 2023 RTZ 6 (зима) elapsed time: 10.907736 seconds (0d 0h 0m 10s)

---------------  T H R E A D  ---------------

Current thread (0x000002690f022800):  VMThread "VM Thread" [stack: 0x000000b9be400000,0x000000b9be500000] [id=19748]

Stack: [0x000000b9be400000,0x000000b9be500000]
[error occurred during error reporting (printing stack bounds), id 0xc0000005, EXCEPTION_ACCESS_VIOLATION (0xc0000005) at pc=0x0000026900000f2d]

Native frames: (J=compiled Java code, j=interpreted, Vv=VM code, C=native code)
V  [jvm.dll+0x5ecfaa]
V  [jvm.dll+0x722bd5]
V  [jvm.dll+0x72412d]
V  [jvm.dll+0x724745]
V  [jvm.dll+0x7246fb]
V  [jvm.dll+0x5ec348]
V  [jvm.dll+0x5ecad8]
C  [ntdll.dll+0xa241f]
C  [ntdll.dll+0x514a4]
C  [ntdll.dll+0xa0f4e]
C  0x0000026900000f2d

VM_Operation (0x000000b9c21f92b0): G1CollectForAllocation, mode: safepoint, requested by thread 0x0000026912efe800


---------------  P R O C E S S  ---------------

Threads class SMR info:
_java_thread_list=0x0000026915ba7610, length=74, elements={
0x0000026973ded800, 0x000002690f026800, 0x000002690f029800, 0x000002690f047800,
0x000002690f048800, 0x000002690f04b800, 0x000002690f09c800, 0x000002690f0a1000,
0x000002690f0a3000, 0x000002690f231800, 0x000002690f22f800, 0x000002690f22d800,
0x000002690f22c000, 0x000002690f22d000, 0x000002690f22e800, 0x000002690f230000,
0x000002690f231000, 0x000002690f232800, 0x000002690fd02000, 0x000002690fd01000,
0x000002690fcfe000, 0x000002690fd02800, 0x000002690fcff800, 0x0000026911533800,
0x000002690fcfd000, 0x000002690fd03800, 0x000002690fd00000, 0x000002690fd04800,
0x000002690fcfe800, 0x0000026912f69800, 0x000002690fd0b000, 0x000002690fd0a000,
0x000002690fd07800, 0x000002690fd06000, 0x000002690fd07000, 0x0000026912ef9000,
0x0000026912efa800, 0x0000026912ef7800, 0x0000026912ef8000, 0x0000026912efb800,
0x0000026912efa000, 0x0000026912efd000, 0x0000026912efe000, 0x0000026912efc800,
0x0000026912eff800, 0x0000026912f03800, 0x0000026912f00800, 0x0000026912f01000,
0x0000026912f04800, 0x0000026912efe800, 0x0000026912f02000, 0x0000026912f03000,
0x0000026912f05800, 0x0000026912f06000, 0x0000026915b5e800, 0x0000026915b60000,
0x0000026915b62000, 0x0000026915b62800, 0x0000026915b63800, 0x0000026915b61000,
0x0000026915b65000, 0x0000026915b5f800, 0x0000026915b67000, 0x0000026915b6a000,
0x0000026915b6b800, 0x0000026915b6b000, 0x0000026915b67800, 0x0000026915b68800,
0x0000026915b69000, 0x0000026915b66000, 0x0000026915b6c800, 0x0000026914a67000,
0x0000026914a69000, 0x0000026914a6b000
}

Java Threads: ( => current thread )
  0x0000026973ded800 JavaThread "main" [_thread_blocked, id=19724, stack(0x000000b9bde00000,0x000000b9bdf00000)]
  0x000002690f026800 JavaThread "Reference Handler" daemon [_thread_blocked, id=19752, stack(0x000000b9be500000,0x000000b9be600000)]
  0x000002690f029800 JavaThread "Finalizer" daemon [_thread_blocked, id=19756, stack(0x000000b9be600000,0x000000b9be700000)]
  0x000002690f047800 JavaThread "Signal Dispatcher" daemon [_thread_blocked, id=19760, stack(0x000000b9be700000,0x000000b9be800000)]
  0x000002690f048800 JavaThread "Attach Listener" daemon [_thread_blocked, id=19764, stack(0x000000b9be800000,0x000000b9be900000)]
  0x000002690f04b800 JavaThread "Service Thread" daemon [_thread_blocked, id=19768, stack(0x000000b9be900000,0x000000b9bea00000)]
  0x000002690f09c800 JavaThread "C2 CompilerThread0" daemon [_thread_blocked, id=19772, stack(0x000000b9bea00000,0x000000b9beb00000)]
  0x000002690f0a1000 JavaThread "C1 CompilerThread0" daemon [_thread_blocked, id=19776, stack(0x000000b9beb00000,0x000000b9bec00000)]
  0x000002690f0a3000 JavaThread "Sweeper thread" daemon [_thread_blocked, id=19780, stack(0x000000b9bec00000,0x000000b9bed00000)]
  0x000002690f231800 JavaThread "Common-Cleaner" daemon [_thread_blocked, id=19784, stack(0x000000b9bed00000,0x000000b9bee00000)]
  0x000002690f22f800 JavaThread "Daemon health stats" [_thread_blocked, id=19848, stack(0x000000b9bf500000,0x000000b9bf600000)]
  0x000002690f22d800 JavaThread "Incoming local TCP Connector on port 58806" [_thread_in_native, id=19852, stack(0x000000b9bef00000,0x000000b9bf000000)]
  0x000002690f22c000 JavaThread "Daemon periodic checks" [_thread_blocked, id=19856, stack(0x000000b9bf000000,0x000000b9bf100000)]
  0x000002690f22d000 JavaThread "Daemon" [_thread_blocked, id=19860, stack(0x000000b9bf600000,0x000000b9bf700000)]
  0x000002690f22e800 JavaThread "Handler for socket connection from /127.0.0.1:58806 to /127.0.0.1:58807" [_thread_in_native, id=19864, stack(0x000000b9bf700000,0x000000b9bf800000)]
  0x000002690f230000 JavaThread "Cancel handler" [_thread_blocked, id=19868, stack(0x000000b9bf800000,0x000000b9bf900000)]
  0x000002690f231000 JavaThread "Daemon worker" [_thread_blocked, id=19872, stack(0x000000b9bf900000,0x000000b9bfa00000)]
  0x000002690f232800 JavaThread "Asynchronous log dispatcher for DefaultDaemonConnection: socket connection from /127.0.0.1:58806 to /127.0.0.1:58807" [_thread_blocked, id=19884, stack(0x000000b9bfa00000,0x000000b9bfb00000)]
  0x000002690fd02000 JavaThread "Stdin handler" [_thread_blocked, id=19888, stack(0x000000b9bfb00000,0x000000b9bfc00000)]
  0x000002690fd01000 JavaThread "Daemon client event forwarder" [_thread_blocked, id=19892, stack(0x000000b9bfc00000,0x000000b9bfd00000)]
  0x000002690fcfe000 JavaThread "Cache worker for file hash cache (C:\Users\o5bre\.gradle\caches\7.0.2\fileHashes)" [_thread_blocked, id=19896, stack(0x000000b9bfd00000,0x000000b9bfe00000)]
  0x000002690fd02800 JavaThread "File lock request listener" [_thread_in_native, id=19900, stack(0x000000b9bfe00000,0x000000b9bff00000)]
  0x000002690fcff800 JavaThread "Cache worker for journal cache (C:\Users\o5bre\.gradle\caches\journal-1)" [_thread_blocked, id=19932, stack(0x000000b9c0600000,0x000000b9c0700000)]
  0x0000026911533800 JavaThread "C2 CompilerThread1" daemon [_thread_in_native, id=19936, stack(0x000000b9c0700000,0x000000b9c0800000)]
  0x000002690fcfd000 JavaThread "Cache worker for file hash cache (D:\Institute\Lab4\Lab4\.gradle\7.0.2\fileHashes)" [_thread_blocked, id=19940, stack(0x000000b9c0800000,0x000000b9c0900000)]
  0x000002690fd03800 JavaThread "File watcher server" daemon [_thread_blocked, id=19944, stack(0x000000b9c0900000,0x000000b9c0a00000)]
  0x000002690fd00000 JavaThread "File watcher consumer" daemon [_thread_blocked, id=19948, stack(0x000000b9c0a00000,0x000000b9c0b00000)]
  0x000002690fd04800 JavaThread "Cache worker for checksums cache (D:\Institute\Lab4\Lab4\.gradle\checksums)" [_thread_blocked, id=19952, stack(0x000000b9c0b00000,0x000000b9c0c00000)]
  0x000002690fcfe800 JavaThread "Cache worker for cache directory md-supplier (C:\Users\o5bre\.gradle\caches\7.0.2\md-supplier)" [_thread_blocked, id=19956, stack(0x000000b9c0c00000,0x000000b9c0d00000)]
  0x0000026912f69800 JavaThread "C2 CompilerThread2" daemon [_thread_blocked, id=19960, stack(0x000000b9c0d00000,0x000000b9c0e00000)]
  0x000002690fd0b000 JavaThread "Cache worker for cache directory md-rule (C:\Users\o5bre\.gradle\caches\7.0.2\md-rule)" [_thread_blocked, id=19964, stack(0x000000b9c0e00000,0x000000b9c0f00000)]
  0x000002690fd0a000 JavaThread "Cache worker for execution history cache (C:\Users\o5bre\.gradle\caches\7.0.2\executionHistory)" [_thread_blocked, id=19968, stack(0x000000b9c0f00000,0x000000b9c1000000)]
  0x000002690fd07800 JavaThread "jar transforms" [_thread_blocked, id=19972, stack(0x000000b9c1000000,0x000000b9c1100000)]
  0x000002690fd06000 JavaThread "jar transforms Thread 2" [_thread_blocked, id=19980, stack(0x000000b9c1100000,0x000000b9c1200000)]
  0x000002690fd07000 JavaThread "Cache worker for file content cache (C:\Users\o5bre\.gradle\caches\7.0.2\fileContent)" [_thread_blocked, id=19984, stack(0x000000b9c1200000,0x000000b9c1300000)]
  0x0000026912ef9000 JavaThread "Cache worker for dependencies-accessors (D:\Institute\Lab4\Lab4\.gradle\7.0.2\dependencies-accessors)" [_thread_blocked, id=20016, stack(0x000000b9c1300000,0x000000b9c1400000)]
  0x0000026912efa800 JavaThread "jar transforms Thread 3" [_thread_blocked, id=20024, stack(0x000000b9c1400000,0x000000b9c1500000)]
  0x0000026912ef7800 JavaThread "Cache worker for Build Output Cleanup Cache (D:\Institute\Lab4\Lab4\.gradle\buildOutputCleanup)" [_thread_blocked, id=20036, stack(0x000000b9c1500000,0x000000b9c1600000)]
  0x0000026912ef8000 JavaThread "Build operations" [_thread_blocked, id=20040, stack(0x000000b9c1600000,0x000000b9c1700000)]
  0x0000026912efb800 JavaThread "Build operations Thread 2" [_thread_blocked, id=20044, stack(0x000000b9c1700000,0x000000b9c1800000)]
  0x0000026912efa000 JavaThread "Build operations Thread 3" [_thread_blocked, id=20048, stack(0x000000b9c1800000,0x000000b9c1900000)]
  0x0000026912efd000 JavaThread "Build operations Thread 4" [_thread_blocked, id=20052, stack(0x000000b9c1900000,0x000000b9c1a00000)]
  0x0000026912efe000 JavaThread "Build operations Thread 5" [_thread_blocked, id=20056, stack(0x000000b9c1a00000,0x000000b9c1b00000)]
  0x0000026912efc800 JavaThread "Build operations Thread 6" [_thread_blocked, id=20060, stack(0x000000b9c1b00000,0x000000b9c1c00000)]
  0x0000026912eff800 JavaThread "Build operations Thread 7" [_thread_blocked, id=20064, stack(0x000000b9c1c00000,0x000000b9c1d00000)]
  0x0000026912f03800 JavaThread "Build operations Thread 8" [_thread_blocked, id=20068, stack(0x000000b9c1d00000,0x000000b9c1e00000)]
  0x0000026912f00800 JavaThread "Build operations Thread 9" [_thread_blocked, id=20072, stack(0x000000b9c1e00000,0x000000b9c1f00000)]
  0x0000026912f01000 JavaThread "Build operations Thread 10" [_thread_blocked, id=20076, stack(0x000000b9c1f00000,0x000000b9c2000000)]
  0x0000026912f04800 JavaThread "Build operations Thread 11" [_thread_blocked, id=20080, stack(0x000000b9c2000000,0x000000b9c2100000)]
  0x0000026912efe800 JavaThread "Build operations Thread 12" [_thread_blocked, id=20084, stack(0x000000b9c2100000,0x000000b9c2200000)]
  0x0000026912f02000 JavaThread "jar transforms Thread 4" [_thread_blocked, id=20088, stack(0x000000b9c2200000,0x000000b9c2300000)]
  0x0000026912f03000 JavaThread "jar transforms Thread 5" [_thread_blocked, id=20092, stack(0x000000b9c2300000,0x000000b9c2400000)]
  0x0000026912f05800 JavaThread "jar transforms Thread 6" [_thread_blocked, id=20096, stack(0x000000b9c2400000,0x000000b9c2500000)]
  0x0000026912f06000 JavaThread "jar transforms Thread 7" [_thread_blocked, id=20100, stack(0x000000b9c2500000,0x000000b9c2600000)]
  0x0000026915b5e800 JavaThread "jar transforms Thread 8" [_thread_blocked, id=20104, stack(0x000000b9c2600000,0x000000b9c2700000)]
  0x0000026915b60000 JavaThread "jar transforms Thread 9" [_thread_blocked, id=20108, stack(0x000000b9c2700000,0x000000b9c2800000)]
  0x0000026915b62000 JavaThread "jar transforms Thread 10" [_thread_blocked, id=20112, stack(0x000000b9c2800000,0x000000b9c2900000)]
  0x0000026915b62800 JavaThread "jar transforms Thread 11" [_thread_blocked, id=20116, stack(0x000000b9c2900000,0x000000b9c2a00000)]
  0x0000026915b63800 JavaThread "jar transforms Thread 12" [_thread_blocked, id=20120, stack(0x000000b9c2a00000,0x000000b9c2b00000)]
  0x0000026915b61000 JavaThread "Memory manager" [_thread_blocked, id=20124, stack(0x000000b9c2b00000,0x000000b9c2c00000)]
  0x0000026915b65000 JavaThread "build event listener" [_thread_blocked, id=20128, stack(0x000000b9c2c00000,0x000000b9c2d00000)]
  0x0000026915b5f800 JavaThread "Execution worker for ':'" [_thread_blocked, id=20132, stack(0x000000b9c2d00000,0x000000b9c2e00000)]
  0x0000026915b67000 JavaThread "Execution worker for ':' Thread 2" [_thread_blocked, id=20136, stack(0x000000b9c2e00000,0x000000b9c2f00000)]
  0x0000026915b6a000 JavaThread "Execution worker for ':' Thread 3" [_thread_blocked, id=20140, stack(0x000000b9c2f00000,0x000000b9c3000000)]
  0x0000026915b6b800 JavaThread "Execution worker for ':' Thread 4" [_thread_blocked, id=20144, stack(0x000000b9c3000000,0x000000b9c3100000)]
  0x0000026915b6b000 JavaThread "Execution worker for ':' Thread 5" [_thread_blocked, id=20148, stack(0x000000b9c3100000,0x000000b9c3200000)]
  0x0000026915b67800 JavaThread "Execution worker for ':' Thread 6" [_thread_blocked, id=20152, stack(0x000000b9c3200000,0x000000b9c3300000)]
  0x0000026915b68800 JavaThread "Execution worker for ':' Thread 7" [_thread_blocked, id=20156, stack(0x000000b9c3300000,0x000000b9c3400000)]
  0x0000026915b69000 JavaThread "Execution worker for ':' Thread 8" [_thread_blocked, id=20160, stack(0x000000b9c3400000,0x000000b9c3500000)]
  0x0000026915b66000 JavaThread "Execution worker for ':' Thread 9" [_thread_blocked, id=20164, stack(0x000000b9c3500000,0x000000b9c3600000)]
  0x0000026915b6c800 JavaThread "Execution worker for ':' Thread 10" [_thread_blocked, id=20168, stack(0x000000b9c3600000,0x000000b9c3700000)]
  0x0000026914a67000 JavaThread "Execution worker for ':' Thread 11" [_thread_blocked, id=20172, stack(0x000000b9c3700000,0x000000b9c3800000)]
  0x0000026914a69000 JavaThread "Cache worker for execution history cache (D:\Institute\Lab4\Lab4\.gradle\7.0.2\executionHistory)" [_thread_blocked, id=20176, stack(0x000000b9c3800000,0x000000b9c3900000)]
  0x0000026914a6b000 JavaThread "WorkerExecutor Queue" [_thread_blocked, id=20200, stack(0x000000b9c3900000,0x000000b9c3a00000)]

Other Threads:
=>0x000002690f022800 VMThread "VM Thread" [stack: 0x000000b9be400000,0x000000b9be500000] [id=19748]
  0x000002690f267800 WatcherThread [stack: 0x000000b9bee00000,0x000000b9bef00000] [id=19788]
  0x0000026973e08800 GCTaskThread "GC Thread#0" [stack: 0x000000b9bdf00000,0x000000b9be000000] [id=19728]
  0x000002690ff0d800 GCTaskThread "GC Thread#1" [stack: 0x000000b9bf100000,0x000000b9bf200000] [id=19820]
  0x000002690fdbb800 GCTaskThread "GC Thread#2" [stack: 0x000000b9bf200000,0x000000b9bf300000] [id=19824]
  0x0000026910044000 GCTaskThread "GC Thread#3" [stack: 0x000000b9bf300000,0x000000b9bf400000] [id=19828]
  0x0000026910045000 GCTaskThread "GC Thread#4" [stack: 0x000000b9bf400000,0x000000b9bf500000] [id=19832]
  0x0000026910bb1800 GCTaskThread "GC Thread#5" [stack: 0x000000b9bff00000,0x000000b9c0000000] [id=19904]
  0x0000026911b63800 GCTaskThread "GC Thread#6" [stack: 0x000000b9c0000000,0x000000b9c0100000] [id=19908]
  0x00000269102a4000 GCTaskThread "GC Thread#7" [stack: 0x000000b9c0100000,0x000000b9c0200000] [id=19912]
  0x00000269115cb800 GCTaskThread "GC Thread#8" [stack: 0x000000b9c0200000,0x000000b9c0300000] [id=19916]
  0x0000026911694000 GCTaskThread "GC Thread#9" [stack: 0x000000b9c0300000,0x000000b9c0400000] [id=19920]
  0x0000026973e38800 ConcurrentGCThread "G1 Main Marker" [stack: 0x000000b9be000000,0x000000b9be100000] [id=19732]
  0x0000026973e39800 ConcurrentGCThread "G1 Conc#0" [stack: 0x000000b9be100000,0x000000b9be200000] [id=19736]
  0x0000026911692000 ConcurrentGCThread "G1 Conc#1" [stack: 0x000000b9c0400000,0x000000b9c0500000] [id=19924]
  0x0000026911693000 ConcurrentGCThread "G1 Conc#2" [stack: 0x000000b9c0500000,0x000000b9c0600000] [id=19928]
  0x0000026973ece000 ConcurrentGCThread "G1 Refine#0" [stack: 0x000000b9be200000,0x000000b9be300000] [id=19740]
  0x0000026911694800 ConcurrentGCThread "G1 Refine#1" [stack: 0x000000b9c3a00000,0x000000b9c3b00000] [id=20212]
  0x000002691168f000 ConcurrentGCThread "G1 Refine#2" [stack: 0x000000b9c3b00000,0x000000b9c3c00000] [id=20216]
  0x0000026915101000 ConcurrentGCThread "G1 Refine#3" [stack: 0x000000b9c3c00000,0x000000b9c3d00000] [id=20220]
  0x00000269150fd800 ConcurrentGCThread "G1 Refine#4" [stack: 0x000000b9c3d00000,0x000000b9c3e00000] [id=20224]
  0x0000026915102800 ConcurrentGCThread "G1 Refine#5" [stack: 0x000000b9c3e00000,0x000000b9c3f00000] [id=20228]
  0x000002697f533000 ConcurrentGCThread "G1 Young RemSet Sampling" [stack: 0x000000b9be300000,0x000000b9be400000] [id=19744]

Threads with active compile tasks:
C2 CompilerThread0  10914 12216       4       java.util.Collections::unmodifiableList (27 bytes)
C1 CompilerThread0  10914 12441       2       com.android.tools.r8.graph.i0$b::<init> (48 bytes)
C2 CompilerThread1  10914 10491 %     4       com.android.tools.r8.internal.U6::a @ 2560 (6044 bytes)
C2 CompilerThread2  10914 12221       4       com.android.tools.r8.internal.Nv::a (455 bytes)

VM state:at safepoint (normal execution)

VM Mutex/Monitor currently owned by a thread:  ([mutex/lock_event])
[0x0000026973de98d0] Threads_lock - owner thread: 0x000002690f022800
[0x0000026973de8f40] Heap_lock - owner thread: 0x0000026912efe800

Heap address: 0x0000000080000000, size: 2048 MB, Compressed Oops mode: 32-bit
Narrow klass base: 0x0000000000000000, Narrow klass shift: 3
Compressed class space size: 1073741824 Address: 0x0000000100000000

Heap:
 garbage-first heap   total 461824K, used 204772K [0x0000000080000000, 0x0000000100000000)
  region size 1024K, 6 young (6144K), 6 survivors (6144K)
 Metaspace       used 99287K, capacity 101953K, committed 102860K, reserved 1138688K
  class space    used 13114K, capacity 14142K, committed 14540K, reserved 1048576K
Heap Regions: E=young(eden), S=young(survivor), O=old, HS=humongous(starts), HC=humongous(continues), CS=collection set, F=free, A=archive, TAMS=top-at-mark-start (previous, next)
|   0|0x0000000080000000, 0x0000000080100000, 0x0000000080100000|100%| O|  |TAMS 0x0000000080100000, 0x0000000080000000| Untracked 
|   1|0x0000000080100000, 0x0000000080200000, 0x0000000080200000|100%| O|  |TAMS 0x0000000080200000, 0x0000000080100000| Untracked 
|   2|0x0000000080200000, 0x0000000080300000, 0x0000000080300000|100%| O|  |TAMS 0x0000000080300000, 0x0000000080200000| Untracked 
|   3|0x0000000080300000, 0x0000000080400000, 0x0000000080400000|100%|HS|  |TAMS 0x0000000080400000, 0x0000000080300000| Complete 
|   4|0x0000000080400000, 0x0000000080500000, 0x0000000080500000|100%|HC|  |TAMS 0x0000000080500000, 0x0000000080400000| Complete 
|   5|0x0000000080500000, 0x0000000080600000, 0x0000000080600000|100%|HC|  |TAMS 0x0000000080600000, 0x0000000080500000| Complete 
|   6|0x0000000080600000, 0x0000000080700000, 0x0000000080700000|100%| O|  |TAMS 0x0000000080700000, 0x0000000080600000| Untracked 
|   7|0x0000000080700000, 0x0000000080800000, 0x0000000080800000|100%| O|  |TAMS 0x0000000080800000, 0x0000000080700000| Untracked 
|   8|0x0000000080800000, 0x0000000080900000, 0x0000000080900000|100%| O|  |TAMS 0x0000000080900000, 0x0000000080800000| Untracked 
|   9|0x0000000080900000, 0x0000000080a00000, 0x0000000080a00000|100%| O|  |TAMS 0x0000000080a00000, 0x0000000080900000| Untracked 
|  10|0x0000000080a00000, 0x0000000080b00000, 0x0000000080b00000|100%| O|  |TAMS 0x0000000080b00000, 0x0000000080a00000| Untracked 
|  11|0x0000000080b00000, 0x0000000080c00000, 0x0000000080c00000|100%| O|  |TAMS 0x0000000080c00000, 0x0000000080b00000| Untracked 
|  12|0x0000000080c00000, 0x0000000080d00000, 0x0000000080d00000|100%| O|  |TAMS 0x0000000080d00000, 0x0000000080c00000| Untracked 
|  13|0x0000000080d00000, 0x0000000080e00000, 0x0000000080e00000|100%| O|  |TAMS 0x0000000080e00000, 0x0000000080d00000| Untracked 
|  14|0x0000000080e00000, 0x0000000080f00000, 0x0000000080f00000|100%| O|  |TAMS 0x0000000080f00000, 0x0000000080e00000| Untracked 
|  15|0x0000000080f00000, 0x0000000081000000, 0x0000000081000000|100%| O|  |TAMS 0x0000000081000000, 0x0000000080f00000| Untracked 
|  16|0x0000000081000000, 0x0000000081100000, 0x0000000081100000|100%|HS|  |TAMS 0x0000000081100000, 0x0000000081000000| Complete 
|  17|0x0000000081100000, 0x0000000081200000, 0x0000000081200000|100%|HS|  |TAMS 0x0000000081200000, 0x0000000081100000| Complete 
|  18|0x0000000081200000, 0x0000000081300000, 0x0000000081300000|100%|HS|  |TAMS 0x0000000081300000, 0x0000000081200000| Complete 
|  19|0x0000000081300000, 0x0000000081400000, 0x0000000081400000|100%|HS|  |TAMS 0x0000000081400000, 0x0000000081300000| Complete 
|  20|0x0000000081400000, 0x0000000081500000, 0x0000000081500000|100%|HC|  |TAMS 0x0000000081500000, 0x0000000081400000| Complete 
|  21|0x0000000081500000, 0x0000000081600000, 0x0000000081600000|100%|HC|  |TAMS 0x0000000081600000, 0x0000000081500000| Complete 
|  22|0x0000000081600000, 0x0000000081700000, 0x0000000081700000|100%|HS|  |TAMS 0x0000000081700000, 0x0000000081600000| Complete 
|  23|0x0000000081700000, 0x0000000081800000, 0x0000000081800000|100%|HC|  |TAMS 0x0000000081800000, 0x0000000081700000| Complete 
|  24|0x0000000081800000, 0x0000000081900000, 0x0000000081900000|100%| O|  |TAMS 0x0000000081900000, 0x0000000081800000| Untracked 
|  25|0x0000000081900000, 0x0000000081a00000, 0x0000000081a00000|100%| O|  |TAMS 0x0000000081a00000, 0x0000000081900000| Untracked 
|  26|0x0000000081a00000, 0x0000000081b00000, 0x0000000081b00000|100%| O|  |TAMS 0x0000000081b00000, 0x0000000081a00000| Untracked 
|  27|0x0000000081b00000, 0x0000000081c00000, 0x0000000081c00000|100%| O|  |TAMS 0x0000000081c00000, 0x0000000081b00000| Untracked 
|  28|0x0000000081c00000, 0x0000000081d00000, 0x0000000081d00000|100%| O|  |TAMS 0x0000000081d00000, 0x0000000081c00000| Untracked 
|  29|0x0000000081d00000, 0x0000000081e00000, 0x0000000081e00000|100%| O|  |TAMS 0x0000000081e00000, 0x0000000081d00000| Untracked 
|  30|0x0000000081e00000, 0x0000000081f00000, 0x0000000081f00000|100%| O|  |TAMS 0x0000000081f00000, 0x0000000081e00000| Untracked 
|  31|0x0000000081f00000, 0x0000000082000000, 0x0000000082000000|100%| O|  |TAMS 0x0000000082000000, 0x0000000081f00000| Untracked 
|  32|0x0000000082000000, 0x0000000082100000, 0x0000000082100000|100%| O|  |TAMS 0x0000000082100000, 0x0000000082000000| Untracked 
|  33|0x0000000082100000, 0x0000000082200000, 0x0000000082200000|100%| O|  |TAMS 0x0000000082200000, 0x0000000082100000| Untracked 
|  34|0x0000000082200000, 0x0000000082300000, 0x0000000082300000|100%| O|  |TAMS 0x0000000082300000, 0x0000000082200000| Untracked 
|  35|0x0000000082300000, 0x0000000082400000, 0x0000000082400000|100%| O|  |TAMS 0x0000000082400000, 0x0000000082300000| Untracked 
|  36|0x0000000082400000, 0x0000000082500000, 0x0000000082500000|100%| O|  |TAMS 0x0000000082500000, 0x0000000082400000| Untracked 
|  37|0x0000000082500000, 0x0000000082600000, 0x0000000082600000|100%| O|  |TAMS 0x0000000082600000, 0x0000000082500000| Untracked 
|  38|0x0000000082600000, 0x0000000082700000, 0x0000000082700000|100%| O|  |TAMS 0x0000000082700000, 0x0000000082600000| Untracked 
|  39|0x0000000082700000, 0x0000000082800000, 0x0000000082800000|100%| O|  |TAMS 0x0000000082800000, 0x0000000082700000| Untracked 
|  40|0x0000000082800000, 0x0000000082900000, 0x0000000082900000|100%| O|  |TAMS 0x0000000082900000, 0x0000000082800000| Untracked 
|  41|0x0000000082900000, 0x0000000082a00000, 0x0000000082a00000|100%| O|  |TAMS 0x0000000082a00000, 0x0000000082900000| Untracked 
|  42|0x0000000082a00000, 0x0000000082b00000, 0x0000000082b00000|100%| O|  |TAMS 0x0000000082b00000, 0x0000000082a00000| Untracked 
|  43|0x0000000082b00000, 0x0000000082c00000, 0x0000000082c00000|100%| O|  |TAMS 0x0000000082c00000, 0x0000000082b00000| Untracked 
|  44|0x0000000082c00000, 0x0000000082d00000, 0x0000000082d00000|100%| O|  |TAMS 0x0000000082d00000, 0x0000000082c00000| Untracked 
|  45|0x0000000082d00000, 0x0000000082e00000, 0x0000000082e00000|100%| O|  |TAMS 0x0000000082e00000, 0x0000000082d00000| Complete 
|  46|0x0000000082e00000, 0x0000000082f00000, 0x0000000082f00000|100%| O|  |TAMS 0x0000000082f00000, 0x0000000082e00000| Untracked 
|  47|0x0000000082f00000, 0x0000000083000000, 0x0000000083000000|100%| O|  |TAMS 0x0000000083000000, 0x0000000082f00000| Untracked 
|  48|0x0000000083000000, 0x0000000083100000, 0x0000000083100000|100%| O|  |TAMS 0x0000000083100000, 0x0000000083000000| Untracked 
|  49|0x0000000083100000, 0x0000000083200000, 0x0000000083200000|100%| O|  |TAMS 0x0000000083200000, 0x0000000083100000| Untracked 
|  50|0x0000000083200000, 0x0000000083300000, 0x0000000083300000|100%| O|  |TAMS 0x0000000083300000, 0x0000000083200000| Untracked 
|  51|0x0000000083300000, 0x0000000083400000, 0x0000000083400000|100%| O|  |TAMS 0x0000000083400000, 0x0000000083300000| Untracked 
|  52|0x0000000083400000, 0x0000000083500000, 0x0000000083500000|100%| O|  |TAMS 0x0000000083500000, 0x0000000083400000| Untracked 
|  53|0x0000000083500000, 0x0000000083600000, 0x0000000083600000|100%| O|  |TAMS 0x0000000083600000, 0x0000000083500000| Untracked 
|  54|0x0000000083600000, 0x0000000083700000, 0x0000000083700000|100%| O|  |TAMS 0x0000000083700000, 0x0000000083600000| Complete 
|  55|0x0000000083700000, 0x0000000083800000, 0x0000000083800000|100%| O|  |TAMS 0x0000000083800000, 0x0000000083700000| Untracked 
|  56|0x0000000083800000, 0x0000000083900000, 0x0000000083900000|100%| O|  |TAMS 0x0000000083900000, 0x0000000083800000| Untracked 
|  57|0x0000000083900000, 0x0000000083a00000, 0x0000000083a00000|100%| O|  |TAMS 0x0000000083a00000, 0x0000000083900000| Untracked 
|  58|0x0000000083a00000, 0x0000000083b00000, 0x0000000083b00000|100%| O|  |TAMS 0x0000000083b00000, 0x0000000083a00000| Untracked 
|  59|0x0000000083b00000, 0x0000000083c00000, 0x0000000083c00000|100%| O|  |TAMS 0x0000000083c00000, 0x0000000083b00000| Untracked 
|  60|0x0000000083c00000, 0x0000000083d00000, 0x0000000083d00000|100%| O|  |TAMS 0x0000000083d00000, 0x0000000083c00000| Complete 
|  61|0x0000000083d00000, 0x0000000083e00000, 0x0000000083e00000|100%| O|  |TAMS 0x0000000083e00000, 0x0000000083d00000| Untracked 
|  62|0x0000000083e00000, 0x0000000083f00000, 0x0000000083f00000|100%|HS|  |TAMS 0x0000000083f00000, 0x0000000083e00000| Complete 
|  63|0x0000000083f00000, 0x0000000084000000, 0x0000000084000000|100%| O|  |TAMS 0x0000000084000000, 0x0000000083f00000| Untracked 
|  64|0x0000000084000000, 0x0000000084100000, 0x0000000084100000|100%| O|  |TAMS 0x0000000084100000, 0x0000000084000000| Untracked 
|  65|0x0000000084100000, 0x0000000084200000, 0x0000000084200000|100%| O|  |TAMS 0x0000000084200000, 0x0000000084100000| Untracked 
|  66|0x0000000084200000, 0x0000000084300000, 0x0000000084300000|100%| O|  |TAMS 0x0000000084300000, 0x0000000084200000| Complete 
|  67|0x0000000084300000, 0x0000000084400000, 0x0000000084400000|100%| O|  |TAMS 0x0000000084400000, 0x0000000084300000| Complete 
|  68|0x0000000084400000, 0x0000000084500000, 0x0000000084500000|100%| O|  |TAMS 0x0000000084500000, 0x0000000084400000| Complete 
|  69|0x0000000084500000, 0x0000000084600000, 0x0000000084600000|100%| O|  |TAMS 0x0000000084600000, 0x0000000084500000| Complete 
|  70|0x0000000084600000, 0x0000000084700000, 0x0000000084700000|100%| O|  |TAMS 0x0000000084700000, 0x0000000084600000| Complete 
|  71|0x0000000084700000, 0x0000000084800000, 0x0000000084800000|100%| O|  |TAMS 0x0000000084800000, 0x0000000084700000| Complete 
|  72|0x0000000084800000, 0x0000000084900000, 0x0000000084900000|100%| O|  |TAMS 0x0000000084900000, 0x0000000084800000| Complete 
|  73|0x0000000084900000, 0x0000000084a00000, 0x0000000084a00000|100%| O|  |TAMS 0x0000000084a00000, 0x0000000084900000| Complete 
|  74|0x0000000084a00000, 0x0000000084b00000, 0x0000000084b00000|100%| O|  |TAMS 0x0000000084b00000, 0x0000000084a00000| Complete 
|  75|0x0000000084b00000, 0x0000000084c00000, 0x0000000084c00000|100%| O|  |TAMS 0x0000000084c00000, 0x0000000084b00000| Complete 
|  76|0x0000000084c00000, 0x0000000084d00000, 0x0000000084d00000|100%| O|  |TAMS 0x0000000084d00000, 0x0000000084c00000| Complete 
|  77|0x0000000084d00000, 0x0000000084e00000, 0x0000000084e00000|100%| O|  |TAMS 0x0000000084e00000, 0x0000000084d00000| Untracked 
|  78|0x0000000084e00000, 0x0000000084f00000, 0x0000000084f00000|100%| O|  |TAMS 0x0000000084f00000, 0x0000000084e00000| Complete 
|  79|0x0000000084f00000, 0x0000000085000000, 0x0000000085000000|100%| O|  |TAMS 0x0000000085000000, 0x0000000084f00000| Complete 
|  80|0x0000000085000000, 0x0000000085100000, 0x0000000085100000|100%| O|  |TAMS 0x0000000085100000, 0x0000000085000000| Complete 
|  81|0x0000000085100000, 0x0000000085200000, 0x0000000085200000|100%| O|  |TAMS 0x0000000085200000, 0x0000000085100000| Untracked 
|  82|0x0000000085200000, 0x0000000085300000, 0x0000000085300000|100%| O|  |TAMS 0x0000000085300000, 0x0000000085200000| Untracked 
|  83|0x0000000085300000, 0x0000000085400000, 0x0000000085400000|100%| O|  |TAMS 0x0000000085400000, 0x0000000085300000| Untracked 
|  84|0x0000000085400000, 0x0000000085500000, 0x0000000085500000|100%| O|  |TAMS 0x0000000085500000, 0x0000000085400000| Untracked 
|  85|0x0000000085500000, 0x0000000085600000, 0x0000000085600000|100%| O|  |TAMS 0x0000000085600000, 0x0000000085500000| Untracked 
|  86|0x0000000085600000, 0x0000000085700000, 0x0000000085700000|100%| O|  |TAMS 0x0000000085700000, 0x0000000085600000| Untracked 
|  87|0x0000000085700000, 0x0000000085800000, 0x0000000085800000|100%| O|  |TAMS 0x0000000085800000, 0x0000000085700000| Untracked 
|  88|0x0000000085800000, 0x0000000085900000, 0x0000000085900000|100%| O|  |TAMS 0x0000000085900000, 0x0000000085800000| Untracked 
|  89|0x0000000085900000, 0x0000000085a00000, 0x0000000085a00000|100%| O|  |TAMS 0x0000000085a00000, 0x0000000085900000| Untracked 
|  90|0x0000000085a00000, 0x0000000085b00000, 0x0000000085b00000|100%| O|  |TAMS 0x0000000085b00000, 0x0000000085a00000| Complete 
|  91|0x0000000085b00000, 0x0000000085c00000, 0x0000000085c00000|100%| O|  |TAMS 0x0000000085c00000, 0x0000000085b00000| Untracked 
|  92|0x0000000085c00000, 0x0000000085d00000, 0x0000000085d00000|100%| O|  |TAMS 0x0000000085d00000, 0x0000000085c00000| Untracked 
|  93|0x0000000085d00000, 0x0000000085e00000, 0x0000000085e00000|100%| O|  |TAMS 0x0000000085e00000, 0x0000000085d00000| Complete 
|  94|0x0000000085e00000, 0x0000000085f00000, 0x0000000085f00000|100%| O|  |TAMS 0x0000000085f00000, 0x0000000085e00000| Complete 
|  95|0x0000000085f00000, 0x0000000086000000, 0x0000000086000000|100%| O|  |TAMS 0x0000000086000000, 0x0000000085f00000| Complete 
|  96|0x0000000086000000, 0x0000000086100000, 0x0000000086100000|100%| O|  |TAMS 0x0000000086100000, 0x0000000086000000| Complete 
|  97|0x0000000086100000, 0x0000000086200000, 0x0000000086200000|100%| O|  |TAMS 0x0000000086200000, 0x0000000086100000| Untracked 
|  98|0x0000000086200000, 0x0000000086300000, 0x0000000086300000|100%| O|  |TAMS 0x0000000086300000, 0x0000000086200000| Untracked 
|  99|0x0000000086300000, 0x0000000086400000, 0x0000000086400000|100%| O|  |TAMS 0x0000000086400000, 0x0000000086300000| Untracked 
| 100|0x0000000086400000, 0x0000000086500000, 0x0000000086500000|100%| O|  |TAMS 0x0000000086500000, 0x0000000086400000| Untracked 
| 101|0x0000000086500000, 0x0000000086600000, 0x0000000086600000|100%| O|  |TAMS 0x0000000086600000, 0x0000000086500000| Untracked 
| 102|0x0000000086600000, 0x0000000086700000, 0x0000000086700000|100%| O|  |TAMS 0x0000000086700000, 0x0000000086600000| Untracked 
| 103|0x0000000086700000, 0x0000000086800000, 0x0000000086800000|100%| O|  |TAMS 0x0000000086800000, 0x0000000086700000| Untracked 
| 104|0x0000000086800000, 0x0000000086900000, 0x0000000086900000|100%| O|  |TAMS 0x0000000086900000, 0x0000000086800000| Untracked 
| 105|0x0000000086900000, 0x0000000086a00000, 0x0000000086a00000|100%| O|  |TAMS 0x0000000086a00000, 0x0000000086900000| Untracked 
| 106|0x0000000086a00000, 0x0000000086b00000, 0x0000000086b00000|100%| O|  |TAMS 0x0000000086b00000, 0x0000000086a00000| Untracked 
| 107|0x0000000086b00000, 0x0000000086c00000, 0x0000000086c00000|100%| O|  |TAMS 0x0000000086c00000, 0x0000000086b00000| Untracked 
| 108|0x0000000086c00000, 0x0000000086d00000, 0x0000000086d00000|100%| O|  |TAMS 0x0000000086d00000, 0x0000000086c00000| Untracked 
| 109|0x0000000086d00000, 0x0000000086e00000, 0x0000000086e00000|100%| O|  |TAMS 0x0000000086e00000, 0x0000000086d00000| Complete 
| 110|0x0000000086e00000, 0x0000000086f00000, 0x0000000086f00000|100%| O|  |TAMS 0x0000000086f00000, 0x0000000086e00000| Complete 
| 111|0x0000000086f00000, 0x0000000087000000, 0x0000000087000000|100%| O|  |TAMS 0x0000000087000000, 0x0000000086f00000| Complete 
| 112|0x0000000087000000, 0x0000000087100000, 0x0000000087100000|100%| O|  |TAMS 0x0000000087100000, 0x0000000087000000| Untracked 
| 113|0x0000000087100000, 0x0000000087200000, 0x0000000087200000|100%| O|  |TAMS 0x0000000087200000, 0x0000000087100000| Untracked 
| 114|0x0000000087200000, 0x0000000087300000, 0x0000000087300000|100%| O|  |TAMS 0x0000000087300000, 0x0000000087200000| Untracked 
| 115|0x0000000087300000, 0x0000000087400000, 0x0000000087400000|100%| O|  |TAMS 0x0000000087400000, 0x0000000087300000| Untracked 
| 116|0x0000000087400000, 0x0000000087500000, 0x0000000087500000|100%| O|  |TAMS 0x0000000087500000, 0x0000000087400000| Untracked 
| 117|0x0000000087500000, 0x0000000087600000, 0x0000000087600000|100%| O|  |TAMS 0x0000000087600000, 0x0000000087500000| Untracked 
| 118|0x0000000087600000, 0x0000000087700000, 0x0000000087700000|100%| O|  |TAMS 0x0000000087700000, 0x0000000087600000| Untracked 
| 119|0x0000000087700000, 0x0000000087800000, 0x0000000087800000|100%| O|  |TAMS 0x0000000087800000, 0x0000000087700000| Untracked 
| 120|0x0000000087800000, 0x0000000087900000, 0x0000000087900000|100%| O|  |TAMS 0x0000000087900000, 0x0000000087800000| Untracked 
| 121|0x0000000087900000, 0x0000000087a00000, 0x0000000087a00000|100%| O|  |TAMS 0x0000000087a00000, 0x0000000087900000| Untracked 
| 122|0x0000000087a00000, 0x0000000087b00000, 0x0000000087b00000|100%| O|  |TAMS 0x0000000087b00000, 0x0000000087a00000| Complete 
| 123|0x0000000087b00000, 0x0000000087c00000, 0x0000000087c00000|100%| O|  |TAMS 0x0000000087c00000, 0x0000000087b00000| Complete 
| 124|0x0000000087c00000, 0x0000000087d00000, 0x0000000087d00000|100%| O|  |TAMS 0x0000000087d00000, 0x0000000087c00000| Complete 
| 125|0x0000000087d00000, 0x0000000087e00000, 0x0000000087e00000|100%| O|  |TAMS 0x0000000087e00000, 0x0000000087d00000| Complete 
| 126|0x0000000087e00000, 0x0000000087f00000, 0x0000000087f00000|100%| O|  |TAMS 0x0000000087f00000, 0x0000000087e00000| Untracked 
| 127|0x0000000087f00000, 0x0000000088000000, 0x0000000088000000|100%| O|  |TAMS 0x0000000088000000, 0x0000000087f00000| Untracked 
| 128|0x0000000088000000, 0x0000000088100000, 0x0000000088100000|100%| O|  |TAMS 0x0000000088100000, 0x0000000088000000| Untracked 
| 129|0x0000000088100000, 0x0000000088200000, 0x0000000088200000|100%| O|  |TAMS 0x0000000088200000, 0x0000000088100000| Untracked 
| 130|0x0000000088200000, 0x0000000088300000, 0x0000000088300000|100%| O|  |TAMS 0x0000000088300000, 0x0000000088200000| Untracked 
| 131|0x0000000088300000, 0x0000000088400000, 0x0000000088400000|100%| O|  |TAMS 0x0000000088400000, 0x0000000088300000| Untracked 
| 132|0x0000000088400000, 0x0000000088500000, 0x0000000088500000|100%| O|  |TAMS 0x0000000088500000, 0x0000000088400000| Untracked 
| 133|0x0000000088500000, 0x0000000088600000, 0x0000000088600000|100%| O|  |TAMS 0x0000000088600000, 0x0000000088500000| Untracked 
| 134|0x0000000088600000, 0x0000000088700000, 0x0000000088700000|100%| O|  |TAMS 0x0000000088700000, 0x0000000088600000| Untracked 
| 135|0x0000000088700000, 0x0000000088800000, 0x0000000088800000|100%| O|  |TAMS 0x0000000088800000, 0x0000000088700000| Complete 
| 136|0x0000000088800000, 0x0000000088900000, 0x0000000088900000|100%| O|  |TAMS 0x0000000088900000, 0x0000000088800000| Untracked 
| 137|0x0000000088900000, 0x0000000088a00000, 0x0000000088a00000|100%| O|  |TAMS 0x0000000088a00000, 0x0000000088900000| Complete 
| 138|0x0000000088a00000, 0x0000000088b00000, 0x0000000088b00000|100%| O|  |TAMS 0x0000000088b00000, 0x0000000088a00000| Complete 
| 139|0x0000000088b00000, 0x0000000088c00000, 0x0000000088c00000|100%| O|  |TAMS 0x0000000088c00000, 0x0000000088b00000| Complete 
| 140|0x0000000088c00000, 0x0000000088d00000, 0x0000000088d00000|100%| O|  |TAMS 0x0000000088d00000, 0x0000000088c00000| Untracked 
| 141|0x0000000088d00000, 0x0000000088e00000, 0x0000000088e00000|100%| O|  |TAMS 0x0000000088e00000, 0x0000000088d00000| Untracked 
| 142|0x0000000088e00000, 0x0000000088f00000, 0x0000000088f00000|100%| O|  |TAMS 0x0000000088f00000, 0x0000000088e00000| Untracked 
| 143|0x0000000088f00000, 0x0000000089000000, 0x0000000089000000|100%| O|  |TAMS 0x0000000089000000, 0x0000000088f00000| Untracked 
| 144|0x0000000089000000, 0x0000000089100000, 0x0000000089100000|100%| O|  |TAMS 0x0000000089100000, 0x0000000089000000| Untracked 
| 145|0x0000000089100000, 0x0000000089200000, 0x0000000089200000|100%| O|  |TAMS 0x0000000089200000, 0x0000000089100000| Untracked 
| 146|0x0000000089200000, 0x0000000089300000, 0x0000000089300000|100%| O|  |TAMS 0x0000000089300000, 0x0000000089200000| Untracked 
| 147|0x0000000089300000, 0x0000000089400000, 0x0000000089400000|100%| O|  |TAMS 0x0000000089400000, 0x0000000089300000| Untracked 
| 148|0x0000000089400000, 0x0000000089500000, 0x0000000089500000|100%| O|  |TAMS 0x0000000089500000, 0x0000000089400000| Complete 
| 149|0x0000000089500000, 0x0000000089600000, 0x0000000089600000|100%| O|  |TAMS 0x0000000089600000, 0x0000000089500000| Complete 
| 150|0x0000000089600000, 0x0000000089700000, 0x0000000089700000|100%| O|  |TAMS 0x0000000089700000, 0x0000000089600000| Complete 
| 151|0x0000000089700000, 0x0000000089800000, 0x0000000089800000|100%| O|  |TAMS 0x0000000089800000, 0x0000000089700000| Untracked 
| 152|0x0000000089800000, 0x0000000089900000, 0x0000000089900000|100%| O|  |TAMS 0x0000000089900000, 0x0000000089800000| Untracked 
| 153|0x0000000089900000, 0x0000000089a00000, 0x0000000089a00000|100%| O|  |TAMS 0x0000000089a00000, 0x0000000089900000| Untracked 
| 154|0x0000000089a00000, 0x0000000089b00000, 0x0000000089b00000|100%| O|  |TAMS 0x0000000089b00000, 0x0000000089a00000| Untracked 
| 155|0x0000000089b00000, 0x0000000089c00000, 0x0000000089c00000|100%| O|  |TAMS 0x0000000089c00000, 0x0000000089b00000| Untracked 
| 156|0x0000000089c00000, 0x0000000089d00000, 0x0000000089d00000|100%| O|  |TAMS 0x0000000089d00000, 0x0000000089c00000| Untracked 
| 157|0x0000000089d00000, 0x0000000089e00000, 0x0000000089e00000|100%| O|  |TAMS 0x0000000089e00000, 0x0000000089d00000| Untracked 
| 158|0x0000000089e00000, 0x0000000089f00000, 0x0000000089f00000|100%| O|  |TAMS 0x0000000089f00000, 0x0000000089e00000| Complete 
| 159|0x0000000089f00000, 0x000000008a000000, 0x000000008a000000|100%| O|  |TAMS 0x000000008a000000, 0x0000000089f00000| Complete 
| 160|0x000000008a000000, 0x000000008a100000, 0x000000008a100000|100%| O|  |TAMS 0x000000008a100000, 0x000000008a000000| Complete 
| 161|0x000000008a100000, 0x000000008a200000, 0x000000008a200000|100%| O|  |TAMS 0x000000008a200000, 0x000000008a100000| Untracked 
| 162|0x000000008a200000, 0x000000008a300000, 0x000000008a300000|100%| O|  |TAMS 0x000000008a300000, 0x000000008a200000| Untracked 
| 163|0x000000008a300000, 0x000000008a400000, 0x000000008a400000|100%| O|  |TAMS 0x000000008a400000, 0x000000008a300000| Untracked 
| 164|0x000000008a400000, 0x000000008a500000, 0x000000008a500000|100%| O|  |TAMS 0x000000008a500000, 0x000000008a400000| Untracked 
| 165|0x000000008a500000, 0x000000008a600000, 0x000000008a600000|100%| O|  |TAMS 0x000000008a600000, 0x000000008a500000| Untracked 
| 166|0x000000008a600000, 0x000000008a700000, 0x000000008a700000|100%| O|  |TAMS 0x000000008a700000, 0x000000008a600000| Untracked 
| 167|0x000000008a700000, 0x000000008a800000, 0x000000008a800000|100%| O|  |TAMS 0x000000008a800000, 0x000000008a700000| Untracked 
| 168|0x000000008a800000, 0x000000008a900000, 0x000000008a900000|100%| O|  |TAMS 0x000000008a900000, 0x000000008a800000| Untracked 
| 169|0x000000008a900000, 0x000000008aa00000, 0x000000008aa00000|100%| O|  |TAMS 0x000000008aa00000, 0x000000008a900000| Complete 
| 170|0x000000008aa00000, 0x000000008ab00000, 0x000000008ab00000|100%| O|  |TAMS 0x000000008ab00000, 0x000000008aa00000| Complete 
| 171|0x000000008ab00000, 0x000000008ac00000, 0x000000008ac00000|100%| O|  |TAMS 0x000000008ac00000, 0x000000008ab00000| Untracked 
| 172|0x000000008ac00000, 0x000000008ad00000, 0x000000008ad00000|100%| O|  |TAMS 0x000000008ad00000, 0x000000008ac00000| Untracked 
| 173|0x000000008ad00000, 0x000000008ae00000, 0x000000008ae00000|100%| O|  |TAMS 0x000000008ae00000, 0x000000008ad00000| Untracked 
| 174|0x000000008ae00000, 0x000000008af00000, 0x000000008af00000|100%| O|  |TAMS 0x000000008af00000, 0x000000008ae00000| Untracked 
| 175|0x000000008af00000, 0x000000008b000000, 0x000000008b000000|100%| O|  |TAMS 0x000000008b000000, 0x000000008af00000| Untracked 
| 176|0x000000008b000000, 0x000000008b100000, 0x000000008b100000|100%| O|  |TAMS 0x000000008b100000, 0x000000008b000000| Untracked 
| 177|0x000000008b100000, 0x000000008b200000, 0x000000008b200000|100%| O|  |TAMS 0x000000008b200000, 0x000000008b100000| Untracked 
| 178|0x000000008b200000, 0x000000008b300000, 0x000000008b300000|100%| O|  |TAMS 0x000000008b300000, 0x000000008b200000| Untracked 
| 179|0x000000008b300000, 0x000000008b400000, 0x000000008b400000|100%| O|  |TAMS 0x000000008b400000, 0x000000008b300000| Complete 
| 180|0x000000008b400000, 0x000000008b500000, 0x000000008b500000|100%| O|  |TAMS 0x000000008b500000, 0x000000008b400000| Complete 
| 181|0x000000008b500000, 0x000000008b600000, 0x000000008b600000|100%| O|  |TAMS 0x000000008b600000, 0x000000008b500000| Untracked 
| 182|0x000000008b600000, 0x000000008b700000, 0x000000008b700000|100%| O|  |TAMS 0x000000008b700000, 0x000000008b600000| Untracked 
| 183|0x000000008b700000, 0x000000008b800000, 0x000000008b800000|100%| O|  |TAMS 0x000000008b800000, 0x000000008b700000| Untracked 
| 184|0x000000008b800000, 0x000000008b900000, 0x000000008b900000|100%| O|  |TAMS 0x000000008b900000, 0x000000008b800000| Untracked 
| 185|0x000000008b900000, 0x000000008ba00000, 0x000000008ba00000|100%| O|  |TAMS 0x000000008ba00000, 0x000000008b900000| Untracked 
| 186|0x000000008ba00000, 0x000000008bb00000, 0x000000008bb00000|100%| O|  |TAMS 0x000000008bb00000, 0x000000008ba00000| Untracked 
| 187|0x000000008bb00000, 0x000000008bc00000, 0x000000008bc00000|100%| O|  |TAMS 0x000000008bc00000, 0x000000008bb00000| Untracked 
| 188|0x000000008bc00000, 0x000000008bd00000, 0x000000008bd00000|100%| O|  |TAMS 0x000000008bd00000, 0x000000008bc00000| Complete 
| 189|0x000000008bd00000, 0x000000008be00000, 0x000000008be00000|100%| O|  |TAMS 0x000000008be00000, 0x000000008bd00000| Complete 
| 190|0x000000008be00000, 0x000000008bf00000, 0x000000008bf00000|100%| O|  |TAMS 0x000000008bf00000, 0x000000008be00000| Untracked 
| 191|0x000000008bf00000, 0x000000008c000000, 0x000000008c000000|100%| O|  |TAMS 0x000000008c000000, 0x000000008bf00000| Untracked 
| 192|0x000000008c000000, 0x000000008c100000, 0x000000008c100000|100%| O|  |TAMS 0x000000008c100000, 0x000000008c000000| Untracked 
| 193|0x000000008c100000, 0x000000008c200000, 0x000000008c200000|100%| O|  |TAMS 0x000000008c200000, 0x000000008c100000| Complete 
| 194|0x000000008c200000, 0x000000008c2d7600, 0x000000008c300000| 84%| O|  |TAMS 0x000000008c2d7600, 0x000000008c200000| Untracked 
| 195|0x000000008c300000, 0x000000008c300000, 0x000000008c400000|  0%| F|  |TAMS 0x000000008c300000, 0x000000008c300000| Untracked 
| 196|0x000000008c400000, 0x000000008c400000, 0x000000008c500000|  0%| F|  |TAMS 0x000000008c400000, 0x000000008c400000| Untracked 
| 197|0x000000008c500000, 0x000000008c500000, 0x000000008c600000|  0%| F|  |TAMS 0x000000008c500000, 0x000000008c500000| Untracked 
| 198|0x000000008c600000, 0x000000008c600000, 0x000000008c700000|  0%| F|  |TAMS 0x000000008c600000, 0x000000008c600000| Untracked 
| 199|0x000000008c700000, 0x000000008c700000, 0x000000008c800000|  0%| F|  |TAMS 0x000000008c700000, 0x000000008c700000| Untracked 
| 200|0x000000008c800000, 0x000000008c800000, 0x000000008c900000|  0%| F|  |TAMS 0x000000008c800000, 0x000000008c800000| Untracked 
| 201|0x000000008c900000, 0x000000008c900000, 0x000000008ca00000|  0%| F|  |TAMS 0x000000008c900000, 0x000000008c900000| Untracked 
| 202|0x000000008ca00000, 0x000000008ca00000, 0x000000008cb00000|  0%| F|  |TAMS 0x000000008ca00000, 0x000000008ca00000| Untracked 
| 203|0x000000008cb00000, 0x000000008cb00000, 0x000000008cc00000|  0%| F|  |TAMS 0x000000008cb00000, 0x000000008cb00000| Untracked 
| 204|0x000000008cc00000, 0x000000008cc00000, 0x000000008cd00000|  0%| F|  |TAMS 0x000000008cc00000, 0x000000008cc00000| Untracked 
| 205|0x000000008cd00000, 0x000000008cd00000, 0x000000008ce00000|  0%| F|  |TAMS 0x000000008cd00000, 0x000000008cd00000| Untracked 
| 206|0x000000008ce00000, 0x000000008ce00000, 0x000000008cf00000|  0%| F|  |TAMS 0x000000008ce00000, 0x000000008ce00000| Untracked 
| 207|0x000000008cf00000, 0x000000008cf00000, 0x000000008d000000|  0%| F|  |TAMS 0x000000008cf00000, 0x000000008cf00000| Untracked 
| 208|0x000000008d000000, 0x000000008d000000, 0x000000008d100000|  0%| F|  |TAMS 0x000000008d000000, 0x000000008d000000| Untracked 
| 209|0x000000008d100000, 0x000000008d100000, 0x000000008d200000|  0%| F|  |TAMS 0x000000008d100000, 0x000000008d100000| Untracked 
| 210|0x000000008d200000, 0x000000008d200000, 0x000000008d300000|  0%| F|  |TAMS 0x000000008d200000, 0x000000008d200000| Untracked 
| 211|0x000000008d300000, 0x000000008d300000, 0x000000008d400000|  0%| F|  |TAMS 0x000000008d300000, 0x000000008d300000| Untracked 
| 212|0x000000008d400000, 0x000000008d400000, 0x000000008d500000|  0%| F|  |TAMS 0x000000008d400000, 0x000000008d400000| Untracked 
| 213|0x000000008d500000, 0x000000008d500000, 0x000000008d600000|  0%| F|  |TAMS 0x000000008d500000, 0x000000008d500000| Untracked 
| 214|0x000000008d600000, 0x000000008d600000, 0x000000008d700000|  0%| F|  |TAMS 0x000000008d600000, 0x000000008d600000| Untracked 
| 215|0x000000008d700000, 0x000000008d700000, 0x000000008d800000|  0%| F|  |TAMS 0x000000008d700000, 0x000000008d700000| Untracked 
| 216|0x000000008d800000, 0x000000008d800000, 0x000000008d900000|  0%| F|  |TAMS 0x000000008d800000, 0x000000008d800000| Untracked 
| 217|0x000000008d900000, 0x000000008d900000, 0x000000008da00000|  0%| F|  |TAMS 0x000000008d900000, 0x000000008d900000| Untracked 
| 218|0x000000008da00000, 0x000000008da00000, 0x000000008db00000|  0%| F|  |TAMS 0x000000008da00000, 0x000000008da00000| Untracked 
| 219|0x000000008db00000, 0x000000008db00000, 0x000000008dc00000|  0%| F|  |TAMS 0x000000008db00000, 0x000000008db00000| Untracked 
| 220|0x000000008dc00000, 0x000000008dc00000, 0x000000008dd00000|  0%| F|  |TAMS 0x000000008dc00000, 0x000000008dc00000| Untracked 
| 221|0x000000008dd00000, 0x000000008dd00000, 0x000000008de00000|  0%| F|  |TAMS 0x000000008dd00000, 0x000000008dd00000| Untracked 
| 222|0x000000008de00000, 0x000000008de00000, 0x000000008df00000|  0%| F|  |TAMS 0x000000008de00000, 0x000000008de00000| Untracked 
| 223|0x000000008df00000, 0x000000008df00000, 0x000000008e000000|  0%| F|  |TAMS 0x000000008df00000, 0x000000008df00000| Untracked 
| 224|0x000000008e000000, 0x000000008e000000, 0x000000008e100000|  0%| F|  |TAMS 0x000000008e000000, 0x000000008e000000| Untracked 
| 225|0x000000008e100000, 0x000000008e100000, 0x000000008e200000|  0%| F|  |TAMS 0x000000008e100000, 0x000000008e100000| Untracked 
| 226|0x000000008e200000, 0x000000008e200000, 0x000000008e300000|  0%| F|  |TAMS 0x000000008e200000, 0x000000008e200000| Untracked 
| 227|0x000000008e300000, 0x000000008e300000, 0x000000008e400000|  0%| F|  |TAMS 0x000000008e300000, 0x000000008e300000| Untracked 
| 228|0x000000008e400000, 0x000000008e400000, 0x000000008e500000|  0%| F|  |TAMS 0x000000008e400000, 0x000000008e400000| Untracked 
| 229|0x000000008e500000, 0x000000008e500000, 0x000000008e600000|  0%| F|  |TAMS 0x000000008e500000, 0x000000008e500000| Untracked 
| 230|0x000000008e600000, 0x000000008e600000, 0x000000008e700000|  0%| F|  |TAMS 0x000000008e600000, 0x000000008e600000| Untracked 
| 231|0x000000008e700000, 0x000000008e700000, 0x000000008e800000|  0%| F|  |TAMS 0x000000008e700000, 0x000000008e700000| Untracked 
| 232|0x000000008e800000, 0x000000008e800000, 0x000000008e900000|  0%| F|  |TAMS 0x000000008e800000, 0x000000008e800000| Untracked 
| 233|0x000000008e900000, 0x000000008e900000, 0x000000008ea00000|  0%| F|  |TAMS 0x000000008e900000, 0x000000008e900000| Untracked 
| 234|0x000000008ea00000, 0x000000008ea00000, 0x000000008eb00000|  0%| F|  |TAMS 0x000000008ea00000, 0x000000008ea00000| Untracked 
| 235|0x000000008eb00000, 0x000000008eb00000, 0x000000008ec00000|  0%| F|  |TAMS 0x000000008eb00000, 0x000000008eb00000| Untracked 
| 236|0x000000008ec00000, 0x000000008ec00000, 0x000000008ed00000|  0%| F|  |TAMS 0x000000008ec00000, 0x000000008ec00000| Untracked 
| 237|0x000000008ed00000, 0x000000008ed00000, 0x000000008ee00000|  0%| F|  |TAMS 0x000000008ed00000, 0x000000008ed00000| Untracked 
| 238|0x000000008ee00000, 0x000000008ee00000, 0x000000008ef00000|  0%| F|  |TAMS 0x000000008ee00000, 0x000000008ee00000| Untracked 
| 239|0x000000008ef00000, 0x000000008ef00000, 0x000000008f000000|  0%| F|  |TAMS 0x000000008ef00000, 0x000000008ef00000| Untracked 
| 240|0x000000008f000000, 0x000000008f000000, 0x000000008f100000|  0%| F|  |TAMS 0x000000008f000000, 0x000000008f000000| Untracked 
| 241|0x000000008f100000, 0x000000008f100000, 0x000000008f200000|  0%| F|  |TAMS 0x000000008f100000, 0x000000008f100000| Untracked 
| 242|0x000000008f200000, 0x000000008f200000, 0x000000008f300000|  0%| F|  |TAMS 0x000000008f200000, 0x000000008f200000| Untracked 
| 243|0x000000008f300000, 0x000000008f300000, 0x000000008f400000|  0%| F|  |TAMS 0x000000008f300000, 0x000000008f300000| Untracked 
| 244|0x000000008f400000, 0x000000008f400000, 0x000000008f500000|  0%| F|  |TAMS 0x000000008f400000, 0x000000008f400000| Untracked 
| 245|0x000000008f500000, 0x000000008f500000, 0x000000008f600000|  0%| F|  |TAMS 0x000000008f500000, 0x000000008f500000| Untracked 
| 246|0x000000008f600000, 0x000000008f600000, 0x000000008f700000|  0%| F|  |TAMS 0x000000008f600000, 0x000000008f600000| Untracked 
| 247|0x000000008f700000, 0x000000008f700000, 0x000000008f800000|  0%| F|  |TAMS 0x000000008f700000, 0x000000008f700000| Untracked 
| 248|0x000000008f800000, 0x000000008f800000, 0x000000008f900000|  0%| F|  |TAMS 0x000000008f800000, 0x000000008f800000| Untracked 
| 249|0x000000008f900000, 0x000000008f900000, 0x000000008fa00000|  0%| F|  |TAMS 0x000000008f900000, 0x000000008f900000| Untracked 
| 250|0x000000008fa00000, 0x000000008fa00000, 0x000000008fb00000|  0%| F|  |TAMS 0x000000008fa00000, 0x000000008fa00000| Untracked 
| 251|0x000000008fb00000, 0x000000008fb00000, 0x000000008fc00000|  0%| F|  |TAMS 0x000000008fb00000, 0x000000008fb00000| Untracked 
| 252|0x000000008fc00000, 0x000000008fc00000, 0x000000008fd00000|  0%| F|  |TAMS 0x000000008fc00000, 0x000000008fc00000| Untracked 
| 253|0x000000008fd00000, 0x000000008fd00000, 0x000000008fe00000|  0%| F|  |TAMS 0x000000008fd00000, 0x000000008fd00000| Untracked 
| 254|0x000000008fe00000, 0x000000008fe00000, 0x000000008ff00000|  0%| F|  |TAMS 0x000000008fe00000, 0x000000008fe00000| Untracked 
| 255|0x000000008ff00000, 0x000000008ff00000, 0x0000000090000000|  0%| F|  |TAMS 0x000000008ff00000, 0x000000008ff00000| Untracked 
| 256|0x0000000090000000, 0x0000000090000000, 0x0000000090100000|  0%| F|  |TAMS 0x0000000090000000, 0x0000000090000000| Untracked 
| 257|0x0000000090100000, 0x0000000090100000, 0x0000000090200000|  0%| F|  |TAMS 0x0000000090100000, 0x0000000090100000| Untracked 
| 258|0x0000000090200000, 0x0000000090200000, 0x0000000090300000|  0%| F|  |TAMS 0x0000000090200000, 0x0000000090200000| Untracked 
| 259|0x0000000090300000, 0x0000000090300000, 0x0000000090400000|  0%| F|  |TAMS 0x0000000090300000, 0x0000000090300000| Untracked 
| 260|0x0000000090400000, 0x0000000090400000, 0x0000000090500000|  0%| F|  |TAMS 0x0000000090400000, 0x0000000090400000| Untracked 
| 261|0x0000000090500000, 0x0000000090500000, 0x0000000090600000|  0%| F|  |TAMS 0x0000000090500000, 0x0000000090500000| Untracked 
| 262|0x0000000090600000, 0x0000000090600000, 0x0000000090700000|  0%| F|  |TAMS 0x0000000090600000, 0x0000000090600000| Untracked 
| 263|0x0000000090700000, 0x0000000090700000, 0x0000000090800000|  0%| F|  |TAMS 0x0000000090700000, 0x0000000090700000| Untracked 
| 264|0x0000000090800000, 0x0000000090800000, 0x0000000090900000|  0%| F|  |TAMS 0x0000000090800000, 0x0000000090800000| Untracked 
| 265|0x0000000090900000, 0x0000000090900000, 0x0000000090a00000|  0%| F|  |TAMS 0x0000000090900000, 0x0000000090900000| Untracked 
| 266|0x0000000090a00000, 0x0000000090a00000, 0x0000000090b00000|  0%| F|  |TAMS 0x0000000090a00000, 0x0000000090a00000| Untracked 
| 267|0x0000000090b00000, 0x0000000090b00000, 0x0000000090c00000|  0%| F|  |TAMS 0x0000000090b00000, 0x0000000090b00000| Untracked 
| 268|0x0000000090c00000, 0x0000000090c21db8, 0x0000000090d00000| 13%| S|CS|TAMS 0x0000000090c00000, 0x0000000090c00000| Complete 
| 269|0x0000000090d00000, 0x0000000090e00000, 0x0000000090e00000|100%| S|CS|TAMS 0x0000000090d00000, 0x0000000090d00000| Complete 
| 270|0x0000000090e00000, 0x0000000090f00000, 0x0000000090f00000|100%| S|CS|TAMS 0x0000000090e00000, 0x0000000090e00000| Complete 
| 271|0x0000000090f00000, 0x0000000091000000, 0x0000000091000000|100%| S|CS|TAMS 0x0000000090f00000, 0x0000000090f00000| Complete 
| 272|0x0000000091000000, 0x0000000091100000, 0x0000000091100000|100%| S|CS|TAMS 0x0000000091000000, 0x0000000091000000| Complete 
| 273|0x0000000091100000, 0x0000000091200000, 0x0000000091200000|100%| S|CS|TAMS 0x0000000091100000, 0x0000000091100000| Complete 
| 274|0x0000000091200000, 0x0000000091200000, 0x0000000091300000|  0%| F|  |TAMS 0x0000000091200000, 0x0000000091200000| Untracked 
| 275|0x0000000091300000, 0x0000000091300000, 0x0000000091400000|  0%| F|  |TAMS 0x0000000091300000, 0x0000000091300000| Untracked 
| 276|0x0000000091400000, 0x0000000091400000, 0x0000000091500000|  0%| F|  |TAMS 0x0000000091400000, 0x0000000091400000| Untracked 
| 277|0x0000000091500000, 0x0000000091500000, 0x0000000091600000|  0%| F|  |TAMS 0x0000000091500000, 0x0000000091500000| Untracked 
| 278|0x0000000091600000, 0x0000000091600000, 0x0000000091700000|  0%| F|  |TAMS 0x0000000091600000, 0x0000000091600000| Untracked 
| 279|0x0000000091700000, 0x0000000091700000, 0x0000000091800000|  0%| F|  |TAMS 0x0000000091700000, 0x0000000091700000| Untracked 
| 280|0x0000000091800000, 0x0000000091800000, 0x0000000091900000|  0%| F|  |TAMS 0x0000000091800000, 0x0000000091800000| Untracked 
| 281|0x0000000091900000, 0x0000000091900000, 0x0000000091a00000|  0%| F|  |TAMS 0x0000000091900000, 0x0000000091900000| Untracked 
| 282|0x0000000091a00000, 0x0000000091a00000, 0x0000000091b00000|  0%| F|  |TAMS 0x0000000091a00000, 0x0000000091a00000| Untracked 
| 283|0x0000000091b00000, 0x0000000091b00000, 0x0000000091c00000|  0%| F|  |TAMS 0x0000000091b00000, 0x0000000091b00000| Untracked 
| 284|0x0000000091c00000, 0x0000000091c00000, 0x0000000091d00000|  0%| F|  |TAMS 0x0000000091c00000, 0x0000000091c00000| Untracked 
| 285|0x0000000091d00000, 0x0000000091d00000, 0x0000000091e00000|  0%| F|  |TAMS 0x0000000091d00000, 0x0000000091d00000| Untracked 
| 286|0x0000000091e00000, 0x0000000091e00000, 0x0000000091f00000|  0%| F|  |TAMS 0x0000000091e00000, 0x0000000091e00000| Untracked 
| 287|0x0000000091f00000, 0x0000000091f00000, 0x0000000092000000|  0%| F|  |TAMS 0x0000000091f00000, 0x0000000091f00000| Untracked 
| 288|0x0000000092000000, 0x0000000092000000, 0x0000000092100000|  0%| F|  |TAMS 0x0000000092000000, 0x0000000092000000| Untracked 
| 289|0x0000000092100000, 0x0000000092100000, 0x0000000092200000|  0%| F|  |TAMS 0x0000000092100000, 0x0000000092100000| Untracked 
| 290|0x0000000092200000, 0x0000000092200000, 0x0000000092300000|  0%| F|  |TAMS 0x0000000092200000, 0x0000000092200000| Untracked 
| 291|0x0000000092300000, 0x0000000092300000, 0x0000000092400000|  0%| F|  |TAMS 0x0000000092300000, 0x0000000092300000| Untracked 
| 292|0x0000000092400000, 0x0000000092400000, 0x0000000092500000|  0%| F|  |TAMS 0x0000000092400000, 0x0000000092400000| Untracked 
| 293|0x0000000092500000, 0x0000000092500000, 0x0000000092600000|  0%| F|  |TAMS 0x0000000092500000, 0x0000000092500000| Untracked 
| 294|0x0000000092600000, 0x0000000092600000, 0x0000000092700000|  0%| F|  |TAMS 0x0000000092600000, 0x0000000092600000| Untracked 
| 295|0x0000000092700000, 0x0000000092700000, 0x0000000092800000|  0%| F|  |TAMS 0x0000000092700000, 0x0000000092700000| Untracked 
| 296|0x0000000092800000, 0x0000000092800000, 0x0000000092900000|  0%| F|  |TAMS 0x0000000092800000, 0x0000000092800000| Untracked 
| 297|0x0000000092900000, 0x0000000092900000, 0x0000000092a00000|  0%| F|  |TAMS 0x0000000092900000, 0x0000000092900000| Untracked 
| 298|0x0000000092a00000, 0x0000000092a00000, 0x0000000092b00000|  0%| F|  |TAMS 0x0000000092a00000, 0x0000000092a00000| Untracked 
| 299|0x0000000092b00000, 0x0000000092b00000, 0x0000000092c00000|  0%| F|  |TAMS 0x0000000092b00000, 0x0000000092b00000| Untracked 
| 300|0x0000000092c00000, 0x0000000092c00000, 0x0000000092d00000|  0%| F|  |TAMS 0x0000000092c00000, 0x0000000092c00000| Untracked 
| 301|0x0000000092d00000, 0x0000000092d00000, 0x0000000092e00000|  0%| F|  |TAMS 0x0000000092d00000, 0x0000000092d00000| Untracked 
| 302|0x0000000092e00000, 0x0000000092e00000, 0x0000000092f00000|  0%| F|  |TAMS 0x0000000092e00000, 0x0000000092e00000| Untracked 
| 303|0x0000000092f00000, 0x0000000092f00000, 0x0000000093000000|  0%| F|  |TAMS 0x0000000092f00000, 0x0000000092f00000| Untracked 
| 304|0x0000000093000000, 0x0000000093000000, 0x0000000093100000|  0%| F|  |TAMS 0x0000000093000000, 0x0000000093000000| Untracked 
| 305|0x0000000093100000, 0x0000000093100000, 0x0000000093200000|  0%| F|  |TAMS 0x0000000093100000, 0x0000000093100000| Untracked 
| 306|0x0000000093200000, 0x0000000093200000, 0x0000000093300000|  0%| F|  |TAMS 0x0000000093200000, 0x0000000093200000| Untracked 
| 307|0x0000000093300000, 0x0000000093300000, 0x0000000093400000|  0%| F|  |TAMS 0x0000000093300000, 0x0000000093300000| Untracked 
| 308|0x0000000093400000, 0x0000000093400000, 0x0000000093500000|  0%| F|  |TAMS 0x0000000093400000, 0x0000000093400000| Untracked 
| 309|0x0000000093500000, 0x0000000093500000, 0x0000000093600000|  0%| F|  |TAMS 0x0000000093500000, 0x0000000093500000| Untracked 
| 310|0x0000000093600000, 0x0000000093600000, 0x0000000093700000|  0%| F|  |TAMS 0x0000000093600000, 0x0000000093600000| Untracked 
| 311|0x0000000093700000, 0x0000000093700000, 0x0000000093800000|  0%| F|  |TAMS 0x0000000093700000, 0x0000000093700000| Untracked 
| 312|0x0000000093800000, 0x0000000093800000, 0x0000000093900000|  0%| F|  |TAMS 0x0000000093800000, 0x0000000093800000| Untracked 
| 313|0x0000000093900000, 0x0000000093900000, 0x0000000093a00000|  0%| F|  |TAMS 0x0000000093900000, 0x0000000093900000| Untracked 
| 314|0x0000000093a00000, 0x0000000093a00000, 0x0000000093b00000|  0%| F|  |TAMS 0x0000000093a00000, 0x0000000093a00000| Untracked 
| 315|0x0000000093b00000, 0x0000000093b00000, 0x0000000093c00000|  0%| F|  |TAMS 0x0000000093b00000, 0x0000000093b00000| Untracked 
| 316|0x0000000093c00000, 0x0000000093c00000, 0x0000000093d00000|  0%| F|  |TAMS 0x0000000093c00000, 0x0000000093c00000| Untracked 
| 317|0x0000000093d00000, 0x0000000093d00000, 0x0000000093e00000|  0%| F|  |TAMS 0x0000000093d00000, 0x0000000093d00000| Untracked 
| 318|0x0000000093e00000, 0x0000000093e00000, 0x0000000093f00000|  0%| F|  |TAMS 0x0000000093e00000, 0x0000000093e00000| Untracked 
| 319|0x0000000093f00000, 0x0000000093f00000, 0x0000000094000000|  0%| F|  |TAMS 0x0000000093f00000, 0x0000000093f00000| Untracked 
| 320|0x0000000094000000, 0x0000000094000000, 0x0000000094100000|  0%| F|  |TAMS 0x0000000094000000, 0x0000000094000000| Untracked 
| 321|0x0000000094100000, 0x0000000094100000, 0x0000000094200000|  0%| F|  |TAMS 0x0000000094100000, 0x0000000094100000| Untracked 
| 322|0x0000000094200000, 0x0000000094200000, 0x0000000094300000|  0%| F|  |TAMS 0x0000000094200000, 0x0000000094200000| Untracked 
| 323|0x0000000094300000, 0x0000000094300000, 0x0000000094400000|  0%| F|  |TAMS 0x0000000094300000, 0x0000000094300000| Untracked 
| 324|0x0000000094400000, 0x0000000094400000, 0x0000000094500000|  0%| F|  |TAMS 0x0000000094400000, 0x0000000094400000| Untracked 
| 325|0x0000000094500000, 0x0000000094500000, 0x0000000094600000|  0%| F|  |TAMS 0x0000000094500000, 0x0000000094500000| Untracked 
| 326|0x0000000094600000, 0x0000000094600000, 0x0000000094700000|  0%| F|  |TAMS 0x0000000094600000, 0x0000000094600000| Untracked 
| 327|0x0000000094700000, 0x0000000094700000, 0x0000000094800000|  0%| F|  |TAMS 0x0000000094700000, 0x0000000094700000| Untracked 
| 328|0x0000000094800000, 0x0000000094800000, 0x0000000094900000|  0%| F|  |TAMS 0x0000000094800000, 0x0000000094800000| Untracked 
| 329|0x0000000094900000, 0x0000000094900000, 0x0000000094a00000|  0%| F|  |TAMS 0x0000000094900000, 0x0000000094900000| Untracked 
| 330|0x0000000094a00000, 0x0000000094a00000, 0x0000000094b00000|  0%| F|  |TAMS 0x0000000094a00000, 0x0000000094a00000| Untracked 
| 331|0x0000000094b00000, 0x0000000094b00000, 0x0000000094c00000|  0%| F|  |TAMS 0x0000000094b00000, 0x0000000094b00000| Untracked 
| 332|0x0000000094c00000, 0x0000000094c00000, 0x0000000094d00000|  0%| F|  |TAMS 0x0000000094c00000, 0x0000000094c00000| Untracked 
| 333|0x0000000094d00000, 0x0000000094d00000, 0x0000000094e00000|  0%| F|  |TAMS 0x0000000094d00000, 0x0000000094d00000| Untracked 
| 334|0x0000000094e00000, 0x0000000094e00000, 0x0000000094f00000|  0%| F|  |TAMS 0x0000000094e00000, 0x0000000094e00000| Untracked 
| 335|0x0000000094f00000, 0x0000000094f00000, 0x0000000095000000|  0%| F|  |TAMS 0x0000000094f00000, 0x0000000094f00000| Untracked 
| 336|0x0000000095000000, 0x0000000095000000, 0x0000000095100000|  0%| F|  |TAMS 0x0000000095000000, 0x0000000095000000| Untracked 
| 337|0x0000000095100000, 0x0000000095100000, 0x0000000095200000|  0%| F|  |TAMS 0x0000000095100000, 0x0000000095100000| Untracked 
| 338|0x0000000095200000, 0x0000000095200000, 0x0000000095300000|  0%| F|  |TAMS 0x0000000095200000, 0x0000000095200000| Untracked 
| 339|0x0000000095300000, 0x0000000095300000, 0x0000000095400000|  0%| F|  |TAMS 0x0000000095300000, 0x0000000095300000| Untracked 
| 340|0x0000000095400000, 0x0000000095400000, 0x0000000095500000|  0%| F|  |TAMS 0x0000000095400000, 0x0000000095400000| Untracked 
| 341|0x0000000095500000, 0x0000000095500000, 0x0000000095600000|  0%| F|  |TAMS 0x0000000095500000, 0x0000000095500000| Untracked 
| 342|0x0000000095600000, 0x0000000095600000, 0x0000000095700000|  0%| F|  |TAMS 0x0000000095600000, 0x0000000095600000| Untracked 
| 343|0x0000000095700000, 0x0000000095700000, 0x0000000095800000|  0%| F|  |TAMS 0x0000000095700000, 0x0000000095700000| Untracked 
| 344|0x0000000095800000, 0x0000000095800000, 0x0000000095900000|  0%| F|  |TAMS 0x0000000095800000, 0x0000000095800000| Untracked 
| 345|0x0000000095900000, 0x0000000095900000, 0x0000000095a00000|  0%| F|  |TAMS 0x0000000095900000, 0x0000000095900000| Untracked 
| 346|0x0000000095a00000, 0x0000000095a00000, 0x0000000095b00000|  0%| F|  |TAMS 0x0000000095a00000, 0x0000000095a00000| Untracked 
| 347|0x0000000095b00000, 0x0000000095b00000, 0x0000000095c00000|  0%| F|  |TAMS 0x0000000095b00000, 0x0000000095b00000| Untracked 
| 348|0x0000000095c00000, 0x0000000095c00000, 0x0000000095d00000|  0%| F|  |TAMS 0x0000000095c00000, 0x0000000095c00000| Untracked 
| 349|0x0000000095d00000, 0x0000000095d00000, 0x0000000095e00000|  0%| F|  |TAMS 0x0000000095d00000, 0x0000000095d00000| Untracked 
| 350|0x0000000095e00000, 0x0000000095e00000, 0x0000000095f00000|  0%| F|  |TAMS 0x0000000095e00000, 0x0000000095e00000| Untracked 
| 351|0x0000000095f00000, 0x0000000095f00000, 0x0000000096000000|  0%| F|  |TAMS 0x0000000095f00000, 0x0000000095f00000| Untracked 
| 352|0x0000000096000000, 0x0000000096000000, 0x0000000096100000|  0%| F|  |TAMS 0x0000000096000000, 0x0000000096000000| Untracked 
| 353|0x0000000096100000, 0x0000000096100000, 0x0000000096200000|  0%| F|  |TAMS 0x0000000096100000, 0x0000000096100000| Untracked 
| 354|0x0000000096200000, 0x0000000096200000, 0x0000000096300000|  0%| F|  |TAMS 0x0000000096200000, 0x0000000096200000| Untracked 
| 355|0x0000000096300000, 0x0000000096300000, 0x0000000096400000|  0%| F|  |TAMS 0x0000000096300000, 0x0000000096300000| Untracked 

Card table byte_map: [0x0000026978200000,0x0000026978600000] _byte_map_base: 0x0000026977e00000

Marking Bits (Prev, Next): (CMBitMap*) 0x0000026973e2f808, (CMBitMap*) 0x0000026973e2f840
 Prev Bits: [0x0000026978a00000, 0x000002697aa00000)
 Next Bits: [0x000002697aa00000, 0x000002697ca00000)

Polling page: 0x0000026971e00000

Metaspace:

Usage:
  Non-class:     85.75 MB capacity,    84.15 MB ( 98%) used,     1.29 MB (  1%) free+waste,   321.44 KB ( <1%) overhead. 
      Class:     13.81 MB capacity,    12.81 MB ( 93%) used,   880.03 KB (  6%) free+waste,   147.75 KB (  1%) overhead. 
       Both:     99.56 MB capacity,    96.96 MB ( 97%) used,     2.15 MB (  2%) free+waste,   469.19 KB ( <1%) overhead. 

Virtual space:
  Non-class space:       88.00 MB reserved,      86.25 MB ( 98%) committed 
      Class space:        1.00 GB reserved,      14.20 MB (  1%) committed 
             Both:        1.09 GB reserved,     100.45 MB (  9%) committed 

Chunk freelists:
   Non-Class:  445.00 KB
       Class:  354.00 KB
        Both:  799.00 KB

MaxMetaspaceSize: 17179869184.00 GB
CompressedClassSpaceSize: 1.00 GB

CodeHeap 'non-profiled nmethods': size=120000Kb used=7311Kb max_used=7311Kb free=112688Kb
 bounds [0x0000026907ad0000, 0x0000026908200000, 0x000002690f000000]
CodeHeap 'profiled nmethods': size=120000Kb used=26098Kb max_used=26098Kb free=93902Kb
 bounds [0x00000269005a0000, 0x0000026901f20000, 0x0000026907ad0000]
CodeHeap 'non-nmethods': size=5760Kb used=2304Kb max_used=2344Kb free=3456Kb
 bounds [0x0000026900000000, 0x0000026900270000, 0x00000269005a0000]
 total_blobs=13104 nmethods=12195 adapters=819
 compilation: enabled
              stopped_count=0, restarted_count=0
 full_count=0

Compilation events (20 events):
Event: 10.875 Thread 0x000002690f0a1000 nmethod 12006 0x00000269081f0090 code [0x00000269081f0240, 0x00000269081f02f8]
Event: 10.875 Thread 0x000002690f0a1000 11522       1       com.android.tools.r8.internal.z1::V0 (2 bytes)
Event: 10.875 Thread 0x000002690f0a1000 nmethod 11522 0x00000269081f0390 code [0x00000269081f0540, 0x00000269081f05f8]
Event: 10.875 Thread 0x000002690f0a1000 12047       1       com.android.tools.r8.internal.u1::Z0 (2 bytes)
Event: 10.875 Thread 0x000002690f0a1000 nmethod 12047 0x00000269081f0690 code [0x00000269081f0840, 0x00000269081f08f8]
Event: 10.875 Thread 0x000002690f0a1000 11687       1       com.android.tools.r8.internal.mF::V0 (2 bytes)
Event: 10.875 Thread 0x000002690f0a1000 nmethod 11687 0x00000269081f0990 code [0x00000269081f0b40, 0x00000269081f0bf8]
Event: 10.876 Thread 0x000002690f0a1000 11585       1       com.android.tools.r8.internal.Qs::a2 (3 bytes)
Event: 10.876 Thread 0x000002690f0a1000 nmethod 11585 0x00000269081f0c90 code [0x00000269081f0e40, 0x00000269081f0ef8]
Event: 10.876 Thread 0x000002690f0a1000 12441       2       com.android.tools.r8.graph.i0$b::<init> (48 bytes)
Event: 10.894 Thread 0x000002690f09c800 nmethod 12418 0x00000269081f0f90 code [0x00000269081f11e0, 0x00000269081f24d0]
Event: 10.894 Thread 0x000002690f09c800 12451       4       com.android.tools.r8.internal.Rz::a (109 bytes)
Event: 10.897 Thread 0x000002690f09c800 nmethod 12451 0x00000269081f2e90 code [0x00000269081f3040, 0x00000269081f3248]
Event: 10.897 Thread 0x000002690f09c800 12421       4       com.android.tools.r8.graph.c0::a (47 bytes)
Event: 10.897 Thread 0x000002690f09c800 nmethod 12421 0x00000269081f3490 code [0x00000269081f3620, 0x00000269081f3698]
Event: 10.897 Thread 0x000002690f09c800 12420       4       com.android.tools.r8.graph.B0$b::d (72 bytes)
Event: 10.899 Thread 0x000002690f09c800 nmethod 12420 0x00000269081f3710 code [0x00000269081f38a0, 0x00000269081f3978]
Event: 10.899 Thread 0x000002690f09c800 12423       4       com.android.tools.r8.graph.L::<init> (33 bytes)
Event: 10.900 Thread 0x000002690f09c800 nmethod 12423 0x00000269081f3a90 code [0x00000269081f3c20, 0x00000269081f3d58]
Event: 10.900 Thread 0x000002690f09c800 12216       4       java.util.Collections::unmodifiableList (27 bytes)

GC Heap History (20 events):
Event: 9.794 GC heap after
{Heap after GC invocations=18 (full 0):
 garbage-first heap   total 251904K, used 139264K [0x0000000080000000, 0x0000000100000000)
  region size 1024K, 10 young (10240K), 10 survivors (10240K)
 Metaspace       used 95196K, capacity 98152K, committed 98380K, reserved 1134592K
  class space    used 12678K, capacity 13814K, committed 13900K, reserved 1048576K
}
Event: 9.882 GC heap before
{Heap before GC invocations=18 (full 0):
 garbage-first heap   total 251904K, used 197632K [0x0000000080000000, 0x0000000100000000)
  region size 1024K, 67 young (68608K), 10 survivors (10240K)
 Metaspace       used 95768K, capacity 98752K, committed 99020K, reserved 1134592K
  class space    used 12774K, capacity 13928K, committed 14028K, reserved 1048576K
}
Event: 9.894 GC heap after
{Heap after GC invocations=19 (full 0):
 garbage-first heap   total 251904K, used 151826K [0x0000000080000000, 0x0000000100000000)
  region size 1024K, 9 young (9216K), 9 survivors (9216K)
 Metaspace       used 95768K, capacity 98752K, committed 99020K, reserved 1134592K
  class space    used 12774K, capacity 13928K, committed 14028K, reserved 1048576K
}
Event: 9.949 GC heap before
{Heap before GC invocations=19 (full 0):
 garbage-first heap   total 251904K, used 200978K [0x0000000080000000, 0x0000000100000000)
  region size 1024K, 57 young (58368K), 9 survivors (9216K)
 Metaspace       used 94928K, capacity 97185K, committed 99020K, reserved 1134592K
  class space    used 12446K, capacity 13308K, committed 14028K, reserved 1048576K
}
Event: 9.962 GC heap after
{Heap after GC invocations=20 (full 0):
 garbage-first heap   total 303104K, used 162287K [0x0000000080000000, 0x0000000100000000)
  region size 1024K, 8 young (8192K), 8 survivors (8192K)
 Metaspace       used 94928K, capacity 97185K, committed 99020K, reserved 1134592K
  class space    used 12446K, capacity 13308K, committed 14028K, reserved 1048576K
}
Event: 10.038 GC heap before
{Heap before GC invocations=21 (full 0):
 garbage-first heap   total 303104K, used 232943K [0x0000000080000000, 0x0000000100000000)
  region size 1024K, 77 young (78848K), 8 survivors (8192K)
 Metaspace       used 96069K, capacity 98440K, committed 100172K, reserved 1134592K
  class space    used 12673K, capacity 13581K, committed 14156K, reserved 1048576K
}
Event: 10.049 GC heap after
{Heap after GC invocations=22 (full 0):
 garbage-first heap   total 303104K, used 174293K [0x0000000080000000, 0x0000000100000000)
  region size 1024K, 10 young (10240K), 10 survivors (10240K)
 Metaspace       used 96069K, capacity 98440K, committed 100172K, reserved 1134592K
  class space    used 12673K, capacity 13581K, committed 14156K, reserved 1048576K
}
Event: 10.132 GC heap before
{Heap before GC invocations=22 (full 0):
 garbage-first heap   total 303104K, used 238805K [0x0000000080000000, 0x0000000100000000)
  region size 1024K, 74 young (75776K), 10 survivors (10240K)
 Metaspace       used 96755K, capacity 99212K, committed 100812K, reserved 1136640K
  class space    used 12769K, capacity 13707K, committed 14284K, reserved 1048576K
}
Event: 10.143 GC heap after
{Heap after GC invocations=23 (full 0):
 garbage-first heap   total 303104K, used 184193K [0x0000000080000000, 0x0000000100000000)
  region size 1024K, 9 young (9216K), 9 survivors (9216K)
 Metaspace       used 96755K, capacity 99212K, committed 100812K, reserved 1136640K
  class space    used 12769K, capacity 13707K, committed 14284K, reserved 1048576K
}
Event: 10.234 GC heap before
{Heap before GC invocations=23 (full 0):
 garbage-first heap   total 303104K, used 245633K [0x0000000080000000, 0x0000000100000000)
  region size 1024K, 69 young (70656K), 9 survivors (9216K)
 Metaspace       used 97317K, capacity 99784K, committed 101196K, reserved 1136640K
  class space    used 12866K, capacity 13813K, committed 14412K, reserved 1048576K
}
Event: 10.244 GC heap after
{Heap after GC invocations=24 (full 0):
 garbage-first heap   total 303104K, used 193933K [0x0000000080000000, 0x0000000100000000)
  region size 1024K, 9 young (9216K), 9 survivors (9216K)
 Metaspace       used 97317K, capacity 99784K, committed 101196K, reserved 1136640K
  class space    used 12866K, capacity 13813K, committed 14412K, reserved 1048576K
}
Event: 10.382 GC heap before
{Heap before GC invocations=25 (full 0):
 garbage-first heap   total 303104K, used 247181K [0x0000000080000000, 0x0000000100000000)
  region size 1024K, 62 young (63488K), 9 survivors (9216K)
 Metaspace       used 97728K, capacity 100094K, committed 101708K, reserved 1136640K
  class space    used 12877K, capacity 13784K, committed 14412K, reserved 1048576K
}
Event: 10.393 GC heap after
{Heap after GC invocations=26 (full 0):
 garbage-first heap   total 364544K, used 200040K [0x0000000080000000, 0x0000000100000000)
  region size 1024K, 6 young (6144K), 6 survivors (6144K)
 Metaspace       used 97728K, capacity 100094K, committed 101708K, reserved 1136640K
  class space    used 12877K, capacity 13784K, committed 14412K, reserved 1048576K
}
Event: 10.415 GC heap before
{Heap before GC invocations=26 (full 0):
 garbage-first heap   total 364544K, used 211304K [0x0000000080000000, 0x0000000100000000)
  region size 1024K, 17 young (17408K), 6 survivors (6144K)
 Metaspace       used 97875K, capacity 100289K, committed 101964K, reserved 1136640K
  class space    used 12899K, capacity 13807K, committed 14412K, reserved 1048576K
}
Event: 10.419 GC heap after
{Heap after GC invocations=27 (full 0):
 garbage-first heap   total 364544K, used 200916K [0x0000000080000000, 0x0000000100000000)
  region size 1024K, 2 young (2048K), 2 survivors (2048K)
 Metaspace       used 97875K, capacity 100289K, committed 101964K, reserved 1136640K
  class space    used 12899K, capacity 13807K, committed 14412K, reserved 1048576K
}
Event: 10.569 GC heap before
{Heap before GC invocations=27 (full 0):
 garbage-first heap   total 364544K, used 274644K [0x0000000080000000, 0x0000000100000000)
  region size 1024K, 74 young (75776K), 2 survivors (2048K)
 Metaspace       used 98990K, capacity 101678K, committed 102604K, reserved 1136640K
  class space    used 13083K, capacity 14141K, committed 14540K, reserved 1048576K
}
Event: 10.574 GC heap after
{Heap after GC invocations=28 (full 0):
 garbage-first heap   total 364544K, used 200903K [0x0000000080000000, 0x0000000100000000)
  region size 1024K, 2 young (2048K), 2 survivors (2048K)
 Metaspace       used 98990K, capacity 101678K, committed 102604K, reserved 1136640K
  class space    used 13083K, capacity 14141K, committed 14540K, reserved 1048576K
}
Event: 10.770 GC heap before
{Heap before GC invocations=28 (full 0):
 garbage-first heap   total 364544K, used 277703K [0x0000000080000000, 0x0000000100000000)
  region size 1024K, 78 young (79872K), 2 survivors (2048K)
 Metaspace       used 99082K, capacity 101792K, committed 102860K, reserved 1138688K
  class space    used 13090K, capacity 14132K, committed 14540K, reserved 1048576K
}
Event: 10.774 GC heap after
{Heap after GC invocations=29 (full 0):
 garbage-first heap   total 364544K, used 200999K [0x0000000080000000, 0x0000000100000000)
  region size 1024K, 2 young (2048K), 2 survivors (2048K)
 Metaspace       used 99082K, capacity 101792K, committed 102860K, reserved 1138688K
  class space    used 13090K, capacity 14132K, committed 14540K, reserved 1048576K
}
Event: 10.901 GC heap before
{Heap before GC invocations=30 (full 0):
 garbage-first heap   total 364544K, used 281895K [0x0000000080000000, 0x0000000100000000)
  region size 1024K, 82 young (83968K), 2 survivors (2048K)
 Metaspace       used 99287K, capacity 101953K, committed 102860K, reserved 1138688K
  class space    used 13114K, capacity 14142K, committed 14540K, reserved 1048576K
}

Deoptimization events (20 events):
Event: 10.833 Thread 0x0000026912efe800 DEOPT PACKING pc=0x000002690815cca4 sp=0x000000b9c21f9b50
Event: 10.833 Thread 0x0000026912efe800 DEOPT UNPACKING pc=0x00000269000278af sp=0x000000b9c21f9b10 mode 2
Event: 10.850 Thread 0x0000026912efa000 Uncommon trap: trap_request=0xffffffde fr.pc=0x000002690815e02c relative=0x000000000000048c
Event: 10.850 Thread 0x0000026912efa000 Uncommon trap: reason=class_check action=maybe_recompile pc=0x000002690815e02c method=com.android.tools.r8.internal.DA.a(Ljava/lang/Object;[Lcom/android/tools/r8/internal/zf;I)Ljava/lang/Object; @ 13 c2
Event: 10.850 Thread 0x0000026912efa000 DEOPT PACKING pc=0x000002690815e02c sp=0x000000b9c18f9c20
Event: 10.850 Thread 0x0000026912efa000 DEOPT UNPACKING pc=0x00000269000278af sp=0x000000b9c18f9b68 mode 2
Event: 10.859 Thread 0x0000026912efa000 DEOPT PACKING pc=0x0000026901c77398 sp=0x000000b9c18f8e70
Event: 10.859 Thread 0x0000026912efa000 DEOPT UNPACKING pc=0x00000269000276ce sp=0x000000b9c18f8370 mode 0
Event: 10.860 Thread 0x0000026912ef8000 Uncommon trap: trap_request=0xffffffde fr.pc=0x000002690815e02c relative=0x000000000000048c
Event: 10.860 Thread 0x0000026912ef8000 Uncommon trap: reason=class_check action=maybe_recompile pc=0x000002690815e02c method=com.android.tools.r8.internal.DA.a(Ljava/lang/Object;[Lcom/android/tools/r8/internal/zf;I)Ljava/lang/Object; @ 13 c2
Event: 10.860 Thread 0x0000026912ef8000 DEOPT PACKING pc=0x000002690815e02c sp=0x000000b9c16fa0d0
Event: 10.860 Thread 0x0000026912ef8000 DEOPT UNPACKING pc=0x00000269000278af sp=0x000000b9c16fa018 mode 2
Event: 10.861 Thread 0x0000026912ef8000 DEOPT PACKING pc=0x0000026901c77377 sp=0x000000b9c16fa3d0
Event: 10.861 Thread 0x0000026912ef8000 DEOPT UNPACKING pc=0x00000269000276ce sp=0x000000b9c16f98d0 mode 0
Event: 10.864 Thread 0x0000026912ef8000 DEOPT PACKING pc=0x0000026901c77377 sp=0x000000b9c16f9990
Event: 10.864 Thread 0x0000026912ef8000 DEOPT UNPACKING pc=0x00000269000276ce sp=0x000000b9c16f8e90 mode 0
Event: 10.869 Thread 0x0000026912ef8000 DEOPT PACKING pc=0x0000026901c77398 sp=0x000000b9c16f9a70
Event: 10.869 Thread 0x0000026912ef8000 DEOPT UNPACKING pc=0x00000269000276ce sp=0x000000b9c16f8f70 mode 0
Event: 10.878 Thread 0x0000026912ef8000 DEOPT PACKING pc=0x0000026901c77398 sp=0x000000b9c16f8f00
Event: 10.878 Thread 0x0000026912ef8000 DEOPT UNPACKING pc=0x00000269000276ce sp=0x000000b9c16f8400 mode 0

Classes redefined (0 events):
No events

Internal exceptions (20 events):
Event: 10.146 Thread 0x0000026912efa000 Exception <a 'java/lang/NoSuchMethodError'{0x00000000926a01f0}: 'void java.lang.invoke.DirectMethodHandle$Holder.invokeSpecial(java.lang.Object, java.lang.Object, int, java.lang.Object, java.lang.Object, java.lang.Object, java.lang.Object)'> (0x00000000926a01f0) thrown at [./src/hotspot/share/interpreter/linkResolver.cpp, line 773]
Event: 10.147 Thread 0x0000026912efa000 Exception <a 'java/lang/NoSuchMethodError'{0x000000009245f318}: 'java.lang.Object java.lang.invoke.Invokers$Holder.linkToTargetMethod(java.lang.Object, int, java.lang.Object, java.lang.Object, java.lang.Object, java.lang.Object)'> (0x000000009245f318) thrown at [./src/hotspot/share/interpreter/linkResolver.cpp, line 773]
Event: 10.148 Thread 0x0000026912efa000 Exception <a 'java/lang/NoSuchMethodError'{0x00000000924bb7b8}: 'void java.lang.invoke.DirectMethodHandle$Holder.invokeSpecial(java.lang.Object, java.lang.Object, java.lang.Object, java.lang.Object, java.lang.Object, java.lang.Object, java.lang.Object, java.lang.Object, java.lang.Object)'> (0x00000000924bb7b8) thrown at [./src/hotspot/share/interpreter/linkResolver.cpp, line 773]
Event: 10.153 Thread 0x0000026912efa000 Exception <a 'java/lang/NoSuchMethodError'{0x00000000921111c8}: 'void java.lang.invoke.DirectMethodHandle$Holder.invokeStatic(java.lang.Object, java.lang.Object, java.lang.Object, java.lang.Object, java.lang.Object, java.lang.Object, java.lang.Object, java.lang.Object)'> (0x00000000921111c8) thrown at [./src/hotspot/share/interpreter/linkResolver.cpp, line 773]
Event: 10.218 Thread 0x0000026912ef8000 Exception <a 'java/lang/NoSuchMethodError'{0x000000008f552bb8}: 'java.lang.Object java.lang.invoke.DirectMethodHandle$Holder.invokeSpecial(java.lang.Object, java.lang.Object, java.lang.Object, java.lang.Object, java.lang.Object, java.lang.Object, java.lang.Object, java.lang.Object, java.lang.Object, java.lang.Object, java.lang.Object)'> (0x000000008f552bb8) thrown at [./src/hotspot/share/interpreter/linkResolver.cpp, line 773]
Event: 10.219 Thread 0x0000026912ef8000 Exception <a 'java/lang/NoSuchMethodError'{0x000000008f4069d0}: 'java.lang.Object java.lang.invoke.Invokers$Holder.linkToTargetMethod(java.lang.Object, java.lang.Object, java.lang.Object, java.lang.Object, java.lang.Object, java.lang.Object, java.lang.Object, java.lang.Object, java.lang.Object, java.lang.Object)'> (0x000000008f4069d0) thrown at [./src/hotspot/share/interpreter/linkResolver.cpp, line 773]
Event: 10.271 Thread 0x0000026912ef8000 Exception <a 'java/lang/IncompatibleClassChangeError'{0x0000000091766e90}: Found class java.lang.Object, but interface was expected> (0x0000000091766e90) thrown at [./src/hotspot/share/interpreter/linkResolver.cpp, line 839]
Event: 10.343 Thread 0x0000026912efe000 Exception <a 'java/lang/NoSuchMethodError'{0x0000000090565748}: 'int java.lang.invoke.DirectMethodHandle$Holder.invokeInterface(java.lang.Object, java.lang.Object, int)'> (0x0000000090565748) thrown at [./src/hotspot/share/interpreter/linkResolver.cpp, line 773]
Event: 10.412 Thread 0x0000026912efc800 Exception <a 'java/lang/IncompatibleClassChangeError'{0x0000000095a60778}: Found class java.lang.Object, but interface was expected> (0x0000000095a60778) thrown at [./src/hotspot/share/interpreter/linkResolver.cpp, line 839]
Event: 10.497 Thread 0x0000026912ef8000 Exception <a 'java/lang/NoSuchMethodError'{0x000000009394e870}: 'void java.lang.invoke.DirectMethodHandle$Holder.invokeVirtual(java.lang.Object, java.lang.Object, int)'> (0x000000009394e870) thrown at [./src/hotspot/share/interpreter/linkResolver.cpp, line 773]
Event: 10.498 Thread 0x0000026912efb800 Exception <a 'java/lang/NoSuchMethodError'{0x00000000939e2ea0}: 'void java.lang.invoke.DirectMethodHandle$Holder.invokeVirtual(java.lang.Object, java.lang.Object, int)'> (0x00000000939e2ea0) thrown at [./src/hotspot/share/interpreter/linkResolver.cpp, line 773]
Event: 10.502 Thread 0x0000026912efc800 Exception <a 'java/lang/NoSuchMethodError'{0x00000000939498a8}: 'void java.lang.invoke.DirectMethodHandle$Holder.invokeVirtual(java.lang.Object, java.lang.Object, int)'> (0x00000000939498a8) thrown at [./src/hotspot/share/interpreter/linkResolver.cpp, line 773]
Event: 10.529 Thread 0x0000026912efb800 Exception <a 'sun/nio/fs/WindowsException'{0x0000000092dc5da8}> (0x0000000092dc5da8) thrown at [./src/hotspot/share/prims/jni.cpp, line 615]
Event: 10.530 Thread 0x0000026912efa000 Exception <a 'sun/nio/fs/WindowsException'{0x0000000092eeef20}> (0x0000000092eeef20) thrown at [./src/hotspot/share/prims/jni.cpp, line 615]
Event: 10.533 Thread 0x0000026912ef8000 Exception <a 'sun/nio/fs/WindowsException'{0x0000000092ef84e0}> (0x0000000092ef84e0) thrown at [./src/hotspot/share/prims/jni.cpp, line 615]
Event: 10.534 Thread 0x0000026912efc800 Exception <a 'sun/nio/fs/WindowsException'{0x0000000092ef5460}> (0x0000000092ef5460) thrown at [./src/hotspot/share/prims/jni.cpp, line 615]
Event: 10.666 Thread 0x0000026912ef8000 Exception <a 'java/lang/NoSuchMethodError'{0x0000000093c49918}: 'void java.lang.invoke.DirectMethodHandle$Holder.invokeStatic(java.lang.Object, java.lang.Object, java.lang.Object, java.lang.Object, java.lang.Object, java.lang.Object, java.lang.Object)'> (0x0000000093c49918) thrown at [./src/hotspot/share/interpreter/linkResolver.cpp, line 773]
Event: 10.840 Thread 0x0000026912efe000 Exception <a 'sun/nio/fs/WindowsException'{0x0000000094be7988}> (0x0000000094be7988) thrown at [./src/hotspot/share/prims/jni.cpp, line 615]
Event: 10.849 Thread 0x0000026912efa000 Exception <a 'sun/nio/fs/WindowsException'{0x0000000093eabf28}> (0x0000000093eabf28) thrown at [./src/hotspot/share/prims/jni.cpp, line 615]
Event: 10.860 Thread 0x0000026912ef8000 Exception <a 'sun/nio/fs/WindowsException'{0x00000000938d96b0}> (0x00000000938d96b0) thrown at [./src/hotspot/share/prims/jni.cpp, line 615]

Events (20 events):
Event: 10.831 loading class com/android/tools/r8/code/X3 done
Event: 10.831 loading class com/android/tools/r8/code/Y3
Event: 10.831 loading class com/android/tools/r8/code/Y3 done
Event: 10.831 loading class com/android/tools/r8/internal/qr
Event: 10.831 loading class com/android/tools/r8/internal/qr done
Event: 10.833 loading class com/android/tools/r8/internal/Oj
Event: 10.833 loading class com/android/tools/r8/internal/Oj done
Event: 10.833 loading class com/android/tools/r8/graph/P
Event: 10.833 loading class com/android/tools/r8/graph/P done
Event: 10.833 loading class com/android/tools/r8/internal/qr
Event: 10.833 loading class com/android/tools/r8/internal/qr done
Event: 10.833 loading class com/android/tools/r8/code/V3
Event: 10.833 loading class com/android/tools/r8/code/V3 done
Event: 10.836 loading class com/android/tools/r8/internal/qr
Event: 10.836 loading class com/android/tools/r8/internal/qr done
Event: 10.836 loading class com/android/tools/r8/internal/qr
Event: 10.836 loading class com/android/tools/r8/internal/qr done
Event: 10.876 Executing VM operation: ICBufferFull
Event: 10.876 Executing VM operation: ICBufferFull done
Event: 10.901 Executing VM operation: G1CollectForAllocation


Dynamic libraries:
0x00007ff626050000 - 0x00007ff62605a000 	D:\Program files\Android Studio\jre\bin\java.exe
0x00007ffcae310000 - 0x00007ffcae508000 	C:\Windows\SYSTEM32\ntdll.dll
0x00007ffcadad0000 - 0x00007ffcadb8f000 	C:\Windows\System32\KERNEL32.DLL
0x00007ffcabe60000 - 0x00007ffcac132000 	C:\Windows\System32\KERNELBASE.dll
0x00007ffcaba00000 - 0x00007ffcabb00000 	C:\Windows\System32\ucrtbase.dll
0x00007ffca0fa0000 - 0x00007ffca0fb9000 	D:\Program files\Android Studio\jre\bin\jli.dll
0x00007ffca4b90000 - 0x00007ffca4ba7000 	D:\Program files\Android Studio\jre\bin\VCRUNTIME140.dll
0x00007ffcadcd0000 - 0x00007ffcade71000 	C:\Windows\System32\USER32.dll
0x00007ffc91fc0000 - 0x00007ffc9225a000 	C:\Windows\WinSxS\amd64_microsoft.windows.common-controls_6595b64144ccf1df_6.0.19041.1110_none_60b5254171f9507e\COMCTL32.dll
0x00007ffcabb00000 - 0x00007ffcabb22000 	C:\Windows\System32\win32u.dll
0x00007ffcac350000 - 0x00007ffcac37b000 	C:\Windows\System32\GDI32.dll
0x00007ffcac440000 - 0x00007ffcac4de000 	C:\Windows\System32\msvcrt.dll
0x00007ffcabbf0000 - 0x00007ffcabcff000 	C:\Windows\System32\gdi32full.dll
0x00007ffcabd90000 - 0x00007ffcabe2d000 	C:\Windows\System32\msvcp_win.dll
0x00007ffcad1e0000 - 0x00007ffcad212000 	C:\Windows\System32\IMM32.DLL
0x00007ffc6ca80000 - 0x00007ffc6cb1d000 	D:\Program files\Android Studio\jre\bin\msvcp140.dll
0x00007ffc4e810000 - 0x00007ffc4f2df000 	D:\Program files\Android Studio\jre\bin\server\jvm.dll
0x00007ffcad970000 - 0x00007ffcada1e000 	C:\Windows\System32\ADVAPI32.dll
0x00007ffcac4e0000 - 0x00007ffcac57c000 	C:\Windows\System32\sechost.dll
0x00007ffcad820000 - 0x00007ffcad945000 	C:\Windows\System32\RPCRT4.dll
0x00007ffcac6b0000 - 0x00007ffcac6b8000 	C:\Windows\System32\PSAPI.DLL
0x00007ffca69c0000 - 0x00007ffca69c9000 	C:\Windows\SYSTEM32\WSOCK32.dll
0x00007ffcaa1f0000 - 0x00007ffcaa217000 	C:\Windows\SYSTEM32\WINMM.dll
0x00007ffcad220000 - 0x00007ffcad28b000 	C:\Windows\System32\WS2_32.dll
0x00007ffca2370000 - 0x00007ffca237a000 	C:\Windows\SYSTEM32\VERSION.dll
0x00007ffcaa250000 - 0x00007ffcaa262000 	C:\Windows\SYSTEM32\kernel.appcore.dll
0x00007ffca5c60000 - 0x00007ffca5c71000 	D:\Program files\Android Studio\jre\bin\verify.dll
0x00007ffca95d0000 - 0x00007ffca97b4000 	C:\Windows\SYSTEM32\DBGHELP.DLL
0x00007ffca1210000 - 0x00007ffca1245000 	C:\Windows\SYSTEM32\dbgcore.DLL
0x00007ffcabd00000 - 0x00007ffcabd82000 	C:\Windows\System32\bcryptPrimitives.dll
0x00007ffca4dc0000 - 0x00007ffca4de9000 	D:\Program files\Android Studio\jre\bin\java.dll
0x00007ffca6300000 - 0x00007ffca630b000 	D:\Program files\Android Studio\jre\bin\jimage.dll
0x00007ffca4d60000 - 0x00007ffca4d78000 	D:\Program files\Android Studio\jre\bin\zip.dll
0x00007ffcac810000 - 0x00007ffcacf54000 	C:\Windows\System32\SHELL32.dll
0x00007ffca97c0000 - 0x00007ffca9f52000 	C:\Windows\SYSTEM32\windows.storage.dll
0x00007ffcadf10000 - 0x00007ffcae265000 	C:\Windows\System32\combase.dll
0x00007ffcab460000 - 0x00007ffcab490000 	C:\Windows\SYSTEM32\Wldp.dll
0x00007ffcac390000 - 0x00007ffcac43d000 	C:\Windows\System32\SHCORE.dll
0x00007ffcadb90000 - 0x00007ffcadbe5000 	C:\Windows\System32\shlwapi.dll
0x00007ffcab940000 - 0x00007ffcab95f000 	C:\Windows\SYSTEM32\profapi.dll
0x00007ffca4b60000 - 0x00007ffca4b7a000 	D:\Program files\Android Studio\jre\bin\net.dll
0x00007ffca2ff0000 - 0x00007ffca30fc000 	C:\Windows\SYSTEM32\WINHTTP.dll
0x00007ffcab1c0000 - 0x00007ffcab22a000 	C:\Windows\system32\mswsock.dll
0x00007ffca4a60000 - 0x00007ffca4a74000 	D:\Program files\Android Studio\jre\bin\nio.dll
0x00007ffca5ec0000 - 0x00007ffca5ee7000 	C:\Users\o5bre\.gradle\native\8bec1ad78214c89d9ad589b4d07fe93259594b29d510b10fafb7a158f7737e5d\windows-amd64\native-platform.dll
0x00007ffc52f60000 - 0x00007ffc5309d000 	C:\Users\o5bre\.gradle\native\53dbd7edfb1c66fb8903c78663c9afc45aea4f116125fa6feffd364cf09443e8\windows-amd64\native-platform-file-events.dll
0x00007ffca5dc0000 - 0x00007ffca5dca000 	D:\Program files\Android Studio\jre\bin\management.dll
0x00007ffca5c50000 - 0x00007ffca5c5c000 	D:\Program files\Android Studio\jre\bin\management_ext.dll
0x00007ffcab3c0000 - 0x00007ffcab3d8000 	C:\Windows\SYSTEM32\CRYPTSP.dll
0x00007ffcaaa70000 - 0x00007ffcaaaa4000 	C:\Windows\system32\rsaenh.dll
0x00007ffcabe30000 - 0x00007ffcabe57000 	C:\Windows\System32\bcrypt.dll
0x00007ffcab8c0000 - 0x00007ffcab8ee000 	C:\Windows\SYSTEM32\USERENV.dll
0x00007ffcab3b0000 - 0x00007ffcab3bc000 	C:\Windows\SYSTEM32\CRYPTBASE.dll
0x00007ffcaae40000 - 0x00007ffcaae7b000 	C:\Windows\SYSTEM32\IPHLPAPI.DLL
0x00007ffcac380000 - 0x00007ffcac388000 	C:\Windows\System32\NSI.dll
0x00007ffca3200000 - 0x00007ffca3217000 	C:\Windows\SYSTEM32\dhcpcsvc6.DLL
0x00007ffca35f0000 - 0x00007ffca360d000 	C:\Windows\SYSTEM32\dhcpcsvc.DLL
0x00007ffcaaea0000 - 0x00007ffcaaf6a000 	C:\Windows\SYSTEM32\DNSAPI.dll

dbghelp: loaded successfully - version: 4.0.5 - missing functions: none
symbol engine: initialized successfully - sym options: 0x614 - pdb path: .;D:\Program files\Android Studio\jre\bin;C:\Windows\SYSTEM32;C:\Windows\WinSxS\amd64_microsoft.windows.common-controls_6595b64144ccf1df_6.0.19041.1110_none_60b5254171f9507e;D:\Program files\Android Studio\jre\bin\server;C:\Users\o5bre\.gradle\native\8bec1ad78214c89d9ad589b4d07fe93259594b29d510b10fafb7a158f7737e5d\windows-amd64;C:\Users\o5bre\.gradle\native\53dbd7edfb1c66fb8903c78663c9afc45aea4f116125fa6feffd364cf09443e8\windows-amd64

VM Arguments:
jvm_args: --add-opens=java.base/java.util=ALL-UNNAMED --add-opens=java.base/java.lang=ALL-UNNAMED --add-opens=java.base/java.lang.invoke=ALL-UNNAMED --add-opens=java.base/java.util=ALL-UNNAMED --add-opens=java.prefs/java.util.prefs=ALL-UNNAMED --add-opens=java.prefs/java.util.prefs=ALL-UNNAMED --add-opens=java.base/java.nio.charset=ALL-UNNAMED --add-opens=java.base/java.net=ALL-UNNAMED --add-opens=java.base/java.util.concurrent.atomic=ALL-UNNAMED -Xmx2048m -Dfile.encoding=UTF-8 -Duser.country=RU -Duser.language=ru -Duser.variant 
java_command: org.gradle.launcher.daemon.bootstrap.GradleDaemon 7.0.2
java_class_path (initial): C:\Users\o5bre\.gradle\wrapper\dists\gradle-7.0.2-bin\857tjihv64xamwrf0h14cai3r\gradle-7.0.2\lib\gradle-launcher-7.0.2.jar
Launcher Type: SUN_STANDARD

[Global flags]
     intx CICompilerCount                          = 4                                         {product} {ergonomic}
     uint ConcGCThreads                            = 3                                         {product} {ergonomic}
     uint G1ConcRefinementThreads                  = 10                                        {product} {ergonomic}
   size_t G1HeapRegionSize                         = 1048576                                   {product} {ergonomic}
    uintx GCDrainStackTargetSize                   = 64                                        {product} {ergonomic}
   size_t InitialHeapSize                          = 257949696                                 {product} {ergonomic}
   size_t MarkStackSize                            = 4194304                                   {product} {ergonomic}
   size_t MaxHeapSize                              = 2147483648                                {product} {command line}
   size_t MaxNewSize                               = 1287651328                                {product} {ergonomic}
   size_t MinHeapDeltaBytes                        = 1048576                                   {product} {ergonomic}
    uintx NonNMethodCodeHeapSize                   = 5836300                                {pd product} {ergonomic}
    uintx NonProfiledCodeHeapSize                  = 122910970                              {pd product} {ergonomic}
    uintx ProfiledCodeHeapSize                     = 122910970                              {pd product} {ergonomic}
    uintx ReservedCodeCacheSize                    = 251658240                              {pd product} {ergonomic}
     bool SegmentedCodeCache                       = true                                      {product} {ergonomic}
     bool UseCompressedClassPointers               = true                                 {lp64_product} {ergonomic}
     bool UseCompressedOops                        = true                                 {lp64_product} {ergonomic}
     bool UseG1GC                                  = true                                      {product} {ergonomic}
     bool UseLargePagesIndividualAllocation        = false                                  {pd product} {ergonomic}

Logging:
Log output configuration:
 #0: stdout all=warning uptime,level,tags
 #1: stderr all=off uptime,level,tags

Environment Variables:
PATH=C:\Program Files\Google\Chrome\Application;C:\Windows\system32;C:\Windows;C:\Windows\System32\Wbem;C:\Windows\System32\WindowsPowerShell\v1.0\;C:\Windows\System32\OpenSSH\;D:\Program files\Git\cmd;C:\Program Files\Microsoft SQL Server\130\Tools\Binn\;D:\Program files\Rational\common;D:\Program files\swipl\bin;C:\Program Files\dotnet\;C:\Program Files\Microsoft SQL Server\Client SDK\ODBC\170\Tools\Binn\;C:\Program Files (x86)\Microsoft SQL Server\150\Tools\Binn\;C:\Program Files\Microsoft SQL Server\150\Tools\Binn\;C:\Program Files\Microsoft SQL Server\150\DTS\Binn\;C:\Program Files (x86)\Microsoft SQL Server\150\DTS\Binn\;C:\Program Files\Azure Data Studio\bin;D:\Program files\nodejs\;C:\Users\o5bre\AppData\Local\Microsoft\WindowsApps;C:\Users\o5bre\AppData\Local\GitHubDesktop\bin;D:\Program files\Microsoft VS Code\bin;C:\Users\o5bre\.dotnet\tools;C:\Program Files\Azure Data Studio\bin;C:\Users\o5bre\AppData\Roaming\npm
USERNAME=o5bre
OS=Windows_NT
PROCESSOR_IDENTIFIER=AMD64 Family 23 Model 96 Stepping 1, AuthenticAMD



---------------  S Y S T E M  ---------------

OS: Windows 10 , 64 bit Build 19041 (10.0.19041.2364)
OS uptime: 2 days 1:41 hours

CPU:total 12 (initial active 12) (12 cores per cpu, 2 threads per core) family 23 model 96 stepping 1 microcode 0x0, cmov, cx8, fxsr, mmx, sse, sse2, sse3, ssse3, sse4.1, sse4.2, popcnt, avx, avx2, aes, clmul, mmxext, 3dnowpref, lzcnt, sse4a, ht, tsc, tscinvbit, tscinv, bmi1, bmi2, adx, 

Memory: 4k page, system-wide physical 15741M (2300M free)
TotalPageFile size 27712M (AvailPageFile size 31M)
current process WorkingSet (physical memory assigned to process): 706M, peak: 706M
current process commit charge ("private bytes"): 792M, peak: 887M

vm_info: OpenJDK 64-Bit Server VM (11.0.10+0-b96-7249189) for windows-amd64 JRE (11.0.10+0-b96-7249189), built on Mar 31 2021 21:44:00 by "builder" with MS VC++ 14.0 (VS2015)

END.
