#
# There is insufficient memory for the Java Runtime Environment to continue.
# Native memory allocation (mmap) failed to map 185597952 bytes for Failed to commit area from 0x0000000092800000 to 0x000000009d900000 of length 185597952.
# Possible reasons:
#   The system is out of physical RAM or swap space
#   The process is running with CompressedOops enabled, and the Java Heap may be blocking the growth of the native heap
# Possible solutions:
#   Reduce memory load on the system
#   Increase physical memory or swap space
#   Check if swap backing store is full
#   Decrease Java heap size (-Xmx/-Xms)
#   Decrease number of Java threads
#   Decrease Java thread stack sizes (-Xss)
#   Set larger code cache with -XX:ReservedCodeCacheSize=
#   JVM is running with Unscaled Compressed Oops mode in which the Java heap is
#     placed in the first 4GB address space. The Java Heap base address is the
#     maximum limit for the native heap growth. Please use -XX:HeapBaseMinAddress
#     to set the Java Heap base and to place the Java Heap above 4GB virtual address.
# This output file may be truncated or incomplete.
#
#  Out of Memory Error (./src/hotspot/os/windows/os_windows.cpp:3301), pid=17744, tid=15456
#
# JRE version: OpenJDK Runtime Environment (11.0.10) (build 11.0.10+0-b96-7249189)
# Java VM: OpenJDK 64-Bit Server VM (11.0.10+0-b96-7249189, mixed mode, tiered, compressed oops, g1 gc, windows-amd64)
# No core dump will be written. Minidumps are not enabled by default on client versions of Windows
#

---------------  S U M M A R Y ------------

Command Line: --add-opens=java.base/java.util=ALL-UNNAMED --add-opens=java.base/java.lang=ALL-UNNAMED --add-opens=java.base/java.lang.invoke=ALL-UNNAMED --add-opens=java.base/java.util=ALL-UNNAMED --add-opens=java.prefs/java.util.prefs=ALL-UNNAMED --add-opens=java.prefs/java.util.prefs=ALL-UNNAMED --add-opens=java.base/java.nio.charset=ALL-UNNAMED --add-opens=java.base/java.net=ALL-UNNAMED --add-opens=java.base/java.util.concurrent.atomic=ALL-UNNAMED -Xmx2048m -Dfile.encoding=UTF-8 -Duser.country=RU -Duser.language=ru -Duser.variant org.gradle.launcher.daemon.bootstrap.GradleDaemon 7.0.2

Host: AMD Ryzen 5 4600H with Radeon Graphics         , 12 cores, 15G,  Windows 10 , 64 bit Build 19041 (10.0.19041.2364)
Time: Sat Jan 14 01:24:48 2023 RTZ 6 (зима) elapsed time: 22.247253 seconds (0d 0h 0m 22s)

---------------  T H R E A D  ---------------

Current thread (0x000001f5665d3800):  VMThread "VM Thread" [stack: 0x00000006d7900000,0x00000006d7a00000] [id=15456]

Stack: [0x00000006d7900000,0x00000006d7a00000]
[error occurred during error reporting (printing stack bounds), id 0xc0000005, EXCEPTION_ACCESS_VIOLATION (0xc0000005) at pc=0x000001f54efc0f2d]

Native frames: (J=compiled Java code, j=interpreted, Vv=VM code, C=native code)
V  [jvm.dll+0x5ecfaa]
V  [jvm.dll+0x722bd5]
V  [jvm.dll+0x72412d]
V  [jvm.dll+0x724745]
V  [jvm.dll+0x7246fb]
V  [jvm.dll+0x5ec348]
V  [jvm.dll+0x5ecad8]
C  [ntdll.dll+0xa241f]
C  [ntdll.dll+0x514a4]
C  [ntdll.dll+0xa0f4e]
C  0x000001f54efc0f2d

VM_Operation (0x00000006db8f7080): G1CollectForAllocation, mode: safepoint, requested by thread 0x000001f5693a7800


---------------  P R O C E S S  ---------------

Threads class SMR info:
_java_thread_list=0x000001f568e094c0, length=84, elements={
0x000001f54b4ff800, 0x000001f5665d5000, 0x000001f5665da000, 0x000001f5665f7000,
0x000001f5665f8000, 0x000001f5665f9000, 0x000001f566641800, 0x000001f566642800,
0x000001f56664e800, 0x000001f5667ce800, 0x000001f567905000, 0x000001f566b78800,
0x000001f568740000, 0x000001f568fd1800, 0x000001f567684000, 0x000001f568830800,
0x000001f568834800, 0x000001f568832800, 0x000001f56882f000, 0x000001f568835800,
0x000001f568830000, 0x000001f568834000, 0x000001f569399800, 0x000001f56939e800,
0x000001f56939d000, 0x000001f56939b000, 0x000001f56939d800, 0x000001f569398800,
0x000001f56939f000, 0x000001f5693a0000, 0x000001f56939a800, 0x000001f5693a1000,
0x000001f5693a2800, 0x000001f5693a4000, 0x000001f569140000, 0x000001f56913d000,
0x000001f56913a800, 0x000001f569139800, 0x000001f56913d800, 0x000001f56913f000,
0x000001f56913c000, 0x000001f569145000, 0x000001f569145800, 0x000001f569148000,
0x000001f569142800, 0x000001f569143800, 0x000001f5693a1800, 0x000001f56939c000,
0x000001f5693a5800, 0x000001f5693a6800, 0x000001f5693a7800, 0x000001f568831800,
0x000001f568833000, 0x000001f57019f000, 0x000001f5701a2800, 0x000001f5701a3800,
0x000001f5701a1000, 0x000001f5701a4000, 0x000001f5701a0000, 0x000001f5701a1800,
0x000001f57019e800, 0x000001f5701a6000, 0x000001f5701aa800, 0x000001f5701a7800,
0x000001f5701a5000, 0x000001f5701ac800, 0x000001f5701a6800, 0x000001f5701ad000,
0x000001f5701a8000, 0x000001f5701a9000, 0x000001f5701ab800, 0x000001f5701aa000,
0x000001f56f522800, 0x000001f56f523000, 0x000001f56f520000, 0x000001f56f524000,
0x000001f56f526800, 0x000001f56f520800, 0x000001f56f527000, 0x000001f56f521800,
0x000001f56f52a800, 0x000001f56f529800, 0x000001f56f528000, 0x000001f56f52b800
}

Java Threads: ( => current thread )
  0x000001f54b4ff800 JavaThread "main" [_thread_blocked, id=9060, stack(0x00000006d7300000,0x00000006d7400000)]
  0x000001f5665d5000 JavaThread "Reference Handler" daemon [_thread_blocked, id=16928, stack(0x00000006d7a00000,0x00000006d7b00000)]
  0x000001f5665da000 JavaThread "Finalizer" daemon [_thread_blocked, id=6052, stack(0x00000006d7b00000,0x00000006d7c00000)]
  0x000001f5665f7000 JavaThread "Signal Dispatcher" daemon [_thread_blocked, id=19124, stack(0x00000006d7c00000,0x00000006d7d00000)]
  0x000001f5665f8000 JavaThread "Attach Listener" daemon [_thread_blocked, id=10668, stack(0x00000006d7d00000,0x00000006d7e00000)]
  0x000001f5665f9000 JavaThread "Service Thread" daemon [_thread_blocked, id=17444, stack(0x00000006d7e00000,0x00000006d7f00000)]
  0x000001f566641800 JavaThread "C2 CompilerThread0" daemon [_thread_blocked, id=15024, stack(0x00000006d7f00000,0x00000006d8000000)]
  0x000001f566642800 JavaThread "C1 CompilerThread0" daemon [_thread_blocked, id=14872, stack(0x00000006d8000000,0x00000006d8100000)]
  0x000001f56664e800 JavaThread "Sweeper thread" daemon [_thread_blocked, id=5020, stack(0x00000006d8100000,0x00000006d8200000)]
  0x000001f5667ce800 JavaThread "Common-Cleaner" daemon [_thread_blocked, id=18352, stack(0x00000006d8200000,0x00000006d8300000)]
  0x000001f567905000 JavaThread "Daemon health stats" [_thread_blocked, id=18988, stack(0x00000006d8a00000,0x00000006d8b00000)]
  0x000001f566b78800 JavaThread "Incoming local TCP Connector on port 58782" [_thread_in_native, id=11192, stack(0x00000006d8400000,0x00000006d8500000)]
  0x000001f568740000 JavaThread "Daemon periodic checks" [_thread_blocked, id=14876, stack(0x00000006d8500000,0x00000006d8600000)]
  0x000001f568fd1800 JavaThread "Daemon" [_thread_blocked, id=18040, stack(0x00000006d8b00000,0x00000006d8c00000)]
  0x000001f567684000 JavaThread "Daemon worker" [_thread_blocked, id=16912, stack(0x00000006d8e00000,0x00000006d8f00000)]
  0x000001f568830800 JavaThread "Cache worker for file hash cache (C:\Users\o5bre\.gradle\caches\7.0.2\fileHashes)" [_thread_blocked, id=9488, stack(0x00000006d9200000,0x00000006d9300000)]
  0x000001f568834800 JavaThread "File lock request listener" [_thread_in_native, id=16192, stack(0x00000006d9300000,0x00000006d9400000)]
  0x000001f568832800 JavaThread "Cache worker for journal cache (C:\Users\o5bre\.gradle\caches\journal-1)" [_thread_blocked, id=17656, stack(0x00000006d9b00000,0x00000006d9c00000)]
  0x000001f56882f000 JavaThread "File watcher server" daemon [_thread_blocked, id=11772, stack(0x00000006d9e00000,0x00000006d9f00000)]
  0x000001f568835800 JavaThread "File watcher consumer" daemon [_thread_blocked, id=6136, stack(0x00000006d9f00000,0x00000006da000000)]
  0x000001f568830000 JavaThread "jar transforms" [_thread_blocked, id=18628, stack(0x00000006da000000,0x00000006da100000)]
  0x000001f568834000 JavaThread "jar transforms Thread 2" [_thread_blocked, id=18856, stack(0x00000006da100000,0x00000006da200000)]
  0x000001f569399800 JavaThread "jar transforms Thread 3" [_thread_blocked, id=468, stack(0x00000006da200000,0x00000006da300000)]
  0x000001f56939e800 JavaThread "jar transforms Thread 4" [_thread_blocked, id=7936, stack(0x00000006da300000,0x00000006da400000)]
  0x000001f56939d000 JavaThread "jar transforms Thread 5" [_thread_blocked, id=12264, stack(0x00000006da400000,0x00000006da500000)]
  0x000001f56939b000 JavaThread "jar transforms Thread 6" [_thread_blocked, id=10112, stack(0x00000006da500000,0x00000006da600000)]
  0x000001f56939d800 JavaThread "jar transforms Thread 7" [_thread_blocked, id=6168, stack(0x00000006da600000,0x00000006da700000)]
  0x000001f569398800 JavaThread "jar transforms Thread 8" [_thread_blocked, id=4092, stack(0x00000006da700000,0x00000006da800000)]
  0x000001f56939f000 JavaThread "jar transforms Thread 9" [_thread_blocked, id=16900, stack(0x00000006da800000,0x00000006da900000)]
  0x000001f5693a0000 JavaThread "jar transforms Thread 10" [_thread_blocked, id=12800, stack(0x00000006da900000,0x00000006daa00000)]
  0x000001f56939a800 JavaThread "jar transforms Thread 11" [_thread_blocked, id=7464, stack(0x00000006daa00000,0x00000006dab00000)]
  0x000001f5693a1000 JavaThread "jar transforms Thread 12" [_thread_blocked, id=17036, stack(0x00000006dab00000,0x00000006dac00000)]
  0x000001f5693a2800 JavaThread "Cache worker for execution history cache (C:\Users\o5bre\.gradle\caches\7.0.2\executionHistory)" [_thread_blocked, id=18644, stack(0x00000006db000000,0x00000006db100000)]
  0x000001f5693a4000 JavaThread "Cache worker for file content cache (C:\Users\o5bre\.gradle\caches\7.0.2\fileContent)" [_thread_blocked, id=14108, stack(0x00000006db100000,0x00000006db200000)]
  0x000001f569140000 JavaThread "Memory manager" [_thread_blocked, id=17928, stack(0x00000006dc300000,0x00000006dc400000)]
  0x000001f56913d000 JavaThread "Handler for socket connection from /127.0.0.1:58782 to /127.0.0.1:58797" [_thread_in_native, id=11832, stack(0x00000006d8c00000,0x00000006d8d00000)]
  0x000001f56913a800 JavaThread "Cancel handler" [_thread_blocked, id=18700, stack(0x00000006d8d00000,0x00000006d8e00000)]
  0x000001f569139800 JavaThread "Asynchronous log dispatcher for DefaultDaemonConnection: socket connection from /127.0.0.1:58782 to /127.0.0.1:58797" [_thread_blocked, id=11496, stack(0x00000006d8f00000,0x00000006d9000000)]
  0x000001f56913d800 JavaThread "Stdin handler" [_thread_blocked, id=18388, stack(0x00000006d9000000,0x00000006d9100000)]
  0x000001f56913f000 JavaThread "Daemon client event forwarder" [_thread_blocked, id=19284, stack(0x00000006d9100000,0x00000006d9200000)]
  0x000001f56913c000 JavaThread "Cache worker for file hash cache (D:\Institute\Lab4\Lab4\.gradle\7.0.2\fileHashes)" [_thread_blocked, id=9072, stack(0x00000006d9c00000,0x00000006d9d00000)]
  0x000001f569145000 JavaThread "Cache worker for checksums cache (D:\Institute\Lab4\Lab4\.gradle\checksums)" [_thread_blocked, id=12888, stack(0x00000006dad00000,0x00000006dae00000)]
  0x000001f569145800 JavaThread "Cache worker for cache directory md-supplier (C:\Users\o5bre\.gradle\caches\7.0.2\md-supplier)" [_thread_blocked, id=992, stack(0x00000006dae00000,0x00000006daf00000)]
  0x000001f569148000 JavaThread "Cache worker for cache directory md-rule (C:\Users\o5bre\.gradle\caches\7.0.2\md-rule)" [_thread_blocked, id=5576, stack(0x00000006daf00000,0x00000006db000000)]
  0x000001f569142800 JavaThread "Cache worker for dependencies-accessors (D:\Institute\Lab4\Lab4\.gradle\7.0.2\dependencies-accessors)" [_thread_blocked, id=15064, stack(0x00000006db200000,0x00000006db300000)]
  0x000001f569143800 JavaThread "Cache worker for Build Output Cleanup Cache (D:\Institute\Lab4\Lab4\.gradle\buildOutputCleanup)" [_thread_blocked, id=11400, stack(0x00000006db300000,0x00000006db400000)]
  0x000001f5693a1800 JavaThread "Build operations" [_thread_blocked, id=18092, stack(0x00000006db400000,0x00000006db500000)]
  0x000001f56939c000 JavaThread "Build operations Thread 2" [_thread_blocked, id=16112, stack(0x00000006db500000,0x00000006db600000)]
  0x000001f5693a5800 JavaThread "Build operations Thread 3" [_thread_blocked, id=13900, stack(0x00000006db600000,0x00000006db700000)]
  0x000001f5693a6800 JavaThread "Build operations Thread 4" [_thread_blocked, id=9400, stack(0x00000006db700000,0x00000006db800000)]
  0x000001f5693a7800 JavaThread "Build operations Thread 5" [_thread_blocked, id=11948, stack(0x00000006db800000,0x00000006db900000)]
  0x000001f568831800 JavaThread "Build operations Thread 6" [_thread_blocked, id=16332, stack(0x00000006db900000,0x00000006dba00000)]
  0x000001f568833000 JavaThread "Build operations Thread 7" [_thread_blocked, id=16512, stack(0x00000006dba00000,0x00000006dbb00000)]
  0x000001f57019f000 JavaThread "Build operations Thread 8" [_thread_blocked, id=11032, stack(0x00000006dbb00000,0x00000006dbc00000)]
  0x000001f5701a2800 JavaThread "Build operations Thread 9" [_thread_blocked, id=14424, stack(0x00000006dbc00000,0x00000006dbd00000)]
  0x000001f5701a3800 JavaThread "Build operations Thread 10" [_thread_blocked, id=16880, stack(0x00000006dbd00000,0x00000006dbe00000)]
  0x000001f5701a1000 JavaThread "Build operations Thread 11" [_thread_blocked, id=816, stack(0x00000006dbe00000,0x00000006dbf00000)]
  0x000001f5701a4000 JavaThread "Build operations Thread 12" [_thread_blocked, id=13968, stack(0x00000006dbf00000,0x00000006dc000000)]
  0x000001f5701a0000 JavaThread "build event listener" [_thread_blocked, id=14364, stack(0x00000006dc400000,0x00000006dc500000)]
  0x000001f5701a1800 JavaThread "Execution worker for ':'" [_thread_blocked, id=16768, stack(0x00000006dc500000,0x00000006dc600000)]
  0x000001f57019e800 JavaThread "Execution worker for ':' Thread 2" [_thread_blocked, id=13556, stack(0x00000006dc600000,0x00000006dc700000)]
  0x000001f5701a6000 JavaThread "Execution worker for ':' Thread 3" [_thread_blocked, id=17092, stack(0x00000006dc700000,0x00000006dc800000)]
  0x000001f5701aa800 JavaThread "Execution worker for ':' Thread 4" [_thread_blocked, id=11340, stack(0x00000006dc800000,0x00000006dc900000)]
  0x000001f5701a7800 JavaThread "Execution worker for ':' Thread 5" [_thread_blocked, id=18472, stack(0x00000006dc900000,0x00000006dca00000)]
  0x000001f5701a5000 JavaThread "Execution worker for ':' Thread 6" [_thread_blocked, id=13164, stack(0x00000006dca00000,0x00000006dcb00000)]
  0x000001f5701ac800 JavaThread "Execution worker for ':' Thread 7" [_thread_blocked, id=16864, stack(0x00000006dcb00000,0x00000006dcc00000)]
  0x000001f5701a6800 JavaThread "Execution worker for ':' Thread 8" [_thread_blocked, id=12672, stack(0x00000006dcc00000,0x00000006dcd00000)]
  0x000001f5701ad000 JavaThread "Execution worker for ':' Thread 9" [_thread_blocked, id=4888, stack(0x00000006dcd00000,0x00000006dce00000)]
  0x000001f5701a8000 JavaThread "Execution worker for ':' Thread 10" [_thread_blocked, id=14912, stack(0x00000006dce00000,0x00000006dcf00000)]
  0x000001f5701a9000 JavaThread "Execution worker for ':' Thread 11" [_thread_blocked, id=4080, stack(0x00000006dcf00000,0x00000006dd000000)]
  0x000001f5701ab800 JavaThread "Cache worker for execution history cache (D:\Institute\Lab4\Lab4\.gradle\7.0.2\executionHistory)" [_thread_blocked, id=1220, stack(0x00000006dd000000,0x00000006dd100000)]
  0x000001f5701aa000 JavaThread "WorkerExecutor Queue" [_thread_blocked, id=18204, stack(0x00000006dd100000,0x00000006dd200000)]
  0x000001f56f522800 JavaThread "WorkerExecutor Queue Thread 2" [_thread_blocked, id=18080, stack(0x00000006dd200000,0x00000006dd300000)]
  0x000001f56f523000 JavaThread "WorkerExecutor Queue Thread 3" [_thread_blocked, id=7780, stack(0x00000006dd300000,0x00000006dd400000)]
  0x000001f56f520000 JavaThread "WorkerExecutor Queue Thread 5" [_thread_blocked, id=11288, stack(0x00000006dd500000,0x00000006dd600000)]
  0x000001f56f524000 JavaThread "WorkerExecutor Queue Thread 6" [_thread_blocked, id=14516, stack(0x00000006dd600000,0x00000006dd700000)]
  0x000001f56f526800 JavaThread "WorkerExecutor Queue Thread 7" [_thread_blocked, id=19460, stack(0x00000006dd700000,0x00000006dd800000)]
  0x000001f56f520800 JavaThread "WorkerExecutor Queue Thread 8" [_thread_blocked, id=19464, stack(0x00000006dd800000,0x00000006dd900000)]
  0x000001f56f527000 JavaThread "WorkerExecutor Queue Thread 9" [_thread_blocked, id=19468, stack(0x00000006dd900000,0x00000006dda00000)]
  0x000001f56f521800 JavaThread "WorkerExecutor Queue Thread 10" [_thread_blocked, id=19472, stack(0x00000006dda00000,0x00000006ddb00000)]
  0x000001f56f52a800 JavaThread "WorkerExecutor Queue Thread 11" [_thread_blocked, id=19476, stack(0x00000006ddb00000,0x00000006ddc00000)]
  0x000001f56f529800 JavaThread "WorkerExecutor Queue Thread 12" [_thread_blocked, id=19480, stack(0x00000006ddc00000,0x00000006ddd00000)]
  0x000001f56f528000 JavaThread "C2 CompilerThread1" daemon [_thread_blocked, id=19504, stack(0x00000006d9d00000,0x00000006d9e00000)]
  0x000001f56f52b800 JavaThread "C2 CompilerThread2" daemon [_thread_blocked, id=19508, stack(0x00000006dac00000,0x00000006dad00000)]

Other Threads:
=>0x000001f5665d3800 VMThread "VM Thread" [stack: 0x00000006d7900000,0x00000006d7a00000] [id=15456]
  0x000001f5667dd000 WatcherThread [stack: 0x00000006d8300000,0x00000006d8400000] [id=11072]
  0x000001f54b519800 GCTaskThread "GC Thread#0" [stack: 0x00000006d7400000,0x00000006d7500000] [id=18064]
  0x000001f5675b8800 GCTaskThread "GC Thread#1" [stack: 0x00000006d8600000,0x00000006d8700000] [id=10376]
  0x000001f5673ef000 GCTaskThread "GC Thread#2" [stack: 0x00000006d8700000,0x00000006d8800000] [id=8340]
  0x000001f5673ef800 GCTaskThread "GC Thread#3" [stack: 0x00000006d8800000,0x00000006d8900000] [id=17504]
  0x000001f567b89000 GCTaskThread "GC Thread#4" [stack: 0x00000006d8900000,0x00000006d8a00000] [id=10672]
  0x000001f56854e000 GCTaskThread "GC Thread#5" [stack: 0x00000006d9400000,0x00000006d9500000] [id=9516]
  0x000001f56790f800 GCTaskThread "GC Thread#6" [stack: 0x00000006d9500000,0x00000006d9600000] [id=10908]
  0x000001f568ac4800 GCTaskThread "GC Thread#7" [stack: 0x00000006d9600000,0x00000006d9700000] [id=7956]
  0x000001f5699ef000 GCTaskThread "GC Thread#8" [stack: 0x00000006d9700000,0x00000006d9800000] [id=18280]
  0x000001f568534000 GCTaskThread "GC Thread#9" [stack: 0x00000006d9800000,0x00000006d9900000] [id=17708]
  0x000001f54b54b800 ConcurrentGCThread "G1 Main Marker" [stack: 0x00000006d7500000,0x00000006d7600000] [id=3160]
  0x000001f54b54c800 ConcurrentGCThread "G1 Conc#0" [stack: 0x00000006d7600000,0x00000006d7700000] [id=17372]
  0x000001f56889f800 ConcurrentGCThread "G1 Conc#1" [stack: 0x00000006d9900000,0x00000006d9a00000] [id=18292]
  0x000001f567ecb000 ConcurrentGCThread "G1 Conc#2" [stack: 0x00000006d9a00000,0x00000006d9b00000] [id=19072]
  0x000001f565c22800 ConcurrentGCThread "G1 Refine#0" [stack: 0x00000006d7700000,0x00000006d7800000] [id=19312]
  0x000001f56c7b2000 ConcurrentGCThread "G1 Refine#1" [stack: 0x00000006dc000000,0x00000006dc100000] [id=3780]
  0x000001f56c7b6000 ConcurrentGCThread "G1 Refine#2" [stack: 0x00000006dc100000,0x00000006dc200000] [id=1620]
  0x000001f56c7b2800 ConcurrentGCThread "G1 Refine#3" [stack: 0x00000006dc200000,0x00000006dc300000] [id=13576]
  0x000001f565c23800 ConcurrentGCThread "G1 Young RemSet Sampling" [stack: 0x00000006d7800000,0x00000006d7900000] [id=15084]

Threads with active compile tasks:
C2 CompilerThread0  22262 16684  s!   4       jdk.internal.loader.URLClassPath::getLoader (194 bytes)
C2 CompilerThread1  22262 16846       4       com.android.tools.r8.internal.E9::e (297 bytes)
C2 CompilerThread2  22262 16876   !   4       java.net.URL::<init> (543 bytes)

VM state:at safepoint (normal execution)

VM Mutex/Monitor currently owned by a thread:  ([mutex/lock_event])
[0x000001f54b4fc3d0] Threads_lock - owner thread: 0x000001f5665d3800
[0x000001f54b4fcf10] Heap_lock - owner thread: 0x000001f5693a7800

Heap address: 0x0000000080000000, size: 2048 MB, Compressed Oops mode: 32-bit
Narrow klass base: 0x0000000000000000, Narrow klass shift: 3
Compressed class space size: 1073741824 Address: 0x0000000100000000

Heap:
 garbage-first heap   total 484352K, used 205512K [0x0000000080000000, 0x0000000100000000)
  region size 1024K, 2 young (2048K), 2 survivors (2048K)
 Metaspace       used 117423K, capacity 120784K, committed 121420K, reserved 1155072K
  class space    used 14812K, capacity 16026K, committed 16256K, reserved 1048576K
Heap Regions: E=young(eden), S=young(survivor), O=old, HS=humongous(starts), HC=humongous(continues), CS=collection set, F=free, A=archive, TAMS=top-at-mark-start (previous, next)
|   0|0x0000000080000000, 0x0000000080100000, 0x0000000080100000|100%| O|  |TAMS 0x0000000080100000, 0x0000000080000000| Untracked 
|   1|0x0000000080100000, 0x0000000080200000, 0x0000000080200000|100%| O|  |TAMS 0x0000000080200000, 0x0000000080100000| Untracked 
|   2|0x0000000080200000, 0x0000000080300000, 0x0000000080300000|100%| O|  |TAMS 0x0000000080300000, 0x0000000080200000| Untracked 
|   3|0x0000000080300000, 0x0000000080400000, 0x0000000080400000|100%|HS|  |TAMS 0x0000000080400000, 0x0000000080300000| Complete 
|   4|0x0000000080400000, 0x0000000080500000, 0x0000000080500000|100%|HC|  |TAMS 0x0000000080500000, 0x0000000080400000| Complete 
|   5|0x0000000080500000, 0x0000000080600000, 0x0000000080600000|100%|HC|  |TAMS 0x0000000080600000, 0x0000000080500000| Complete 
|   6|0x0000000080600000, 0x0000000080700000, 0x0000000080700000|100%| O|  |TAMS 0x0000000080700000, 0x0000000080600000| Complete 
|   7|0x0000000080700000, 0x0000000080800000, 0x0000000080800000|100%| O|  |TAMS 0x0000000080800000, 0x0000000080700000| Untracked 
|   8|0x0000000080800000, 0x0000000080900000, 0x0000000080900000|100%| O|  |TAMS 0x0000000080900000, 0x0000000080800000| Untracked 
|   9|0x0000000080900000, 0x0000000080a00000, 0x0000000080a00000|100%| O|  |TAMS 0x0000000080a00000, 0x0000000080900000| Untracked 
|  10|0x0000000080a00000, 0x0000000080b00000, 0x0000000080b00000|100%| O|  |TAMS 0x0000000080b00000, 0x0000000080a00000| Untracked 
|  11|0x0000000080b00000, 0x0000000080c00000, 0x0000000080c00000|100%| O|  |TAMS 0x0000000080c00000, 0x0000000080b00000| Untracked 
|  12|0x0000000080c00000, 0x0000000080d00000, 0x0000000080d00000|100%| O|  |TAMS 0x0000000080d00000, 0x0000000080c00000| Complete 
|  13|0x0000000080d00000, 0x0000000080e00000, 0x0000000080e00000|100%| O|  |TAMS 0x0000000080e00000, 0x0000000080d00000| Untracked 
|  14|0x0000000080e00000, 0x0000000080f00000, 0x0000000080f00000|100%| O|  |TAMS 0x0000000080f00000, 0x0000000080e00000| Untracked 
|  15|0x0000000080f00000, 0x0000000081000000, 0x0000000081000000|100%| O|  |TAMS 0x0000000081000000, 0x0000000080f00000| Untracked 
|  16|0x0000000081000000, 0x0000000081100000, 0x0000000081100000|100%| O|  |TAMS 0x0000000081100000, 0x0000000081000000| Complete 
|  17|0x0000000081100000, 0x0000000081200000, 0x0000000081200000|100%|HS|  |TAMS 0x0000000081200000, 0x0000000081100000| Complete 
|  18|0x0000000081200000, 0x0000000081300000, 0x0000000081300000|100%|HC|  |TAMS 0x0000000081300000, 0x0000000081200000| Complete 
|  19|0x0000000081300000, 0x0000000081400000, 0x0000000081400000|100%|HS|  |TAMS 0x0000000081400000, 0x0000000081300000| Complete 
|  20|0x0000000081400000, 0x0000000081500000, 0x0000000081500000|100%|HC|  |TAMS 0x0000000081500000, 0x0000000081400000| Complete 
|  21|0x0000000081500000, 0x0000000081600000, 0x0000000081600000|100%|HC|  |TAMS 0x0000000081600000, 0x0000000081500000| Complete 
|  22|0x0000000081600000, 0x0000000081700000, 0x0000000081700000|100%|HS|  |TAMS 0x0000000081700000, 0x0000000081600000| Complete 
|  23|0x0000000081700000, 0x0000000081800000, 0x0000000081800000|100%|HC|  |TAMS 0x0000000081800000, 0x0000000081700000| Complete 
|  24|0x0000000081800000, 0x0000000081900000, 0x0000000081900000|100%|HC|  |TAMS 0x0000000081900000, 0x0000000081800000| Complete 
|  25|0x0000000081900000, 0x0000000081a00000, 0x0000000081a00000|100%|HC|  |TAMS 0x0000000081a00000, 0x0000000081900000| Complete 
|  26|0x0000000081a00000, 0x0000000081b00000, 0x0000000081b00000|100%|HC|  |TAMS 0x0000000081b00000, 0x0000000081a00000| Complete 
|  27|0x0000000081b00000, 0x0000000081c00000, 0x0000000081c00000|100%|HS|  |TAMS 0x0000000081c00000, 0x0000000081b00000| Complete 
|  28|0x0000000081c00000, 0x0000000081d00000, 0x0000000081d00000|100%|HS|  |TAMS 0x0000000081d00000, 0x0000000081c00000| Complete 
|  29|0x0000000081d00000, 0x0000000081e00000, 0x0000000081e00000|100%|HS|  |TAMS 0x0000000081e00000, 0x0000000081d00000| Complete 
|  30|0x0000000081e00000, 0x0000000081f00000, 0x0000000081f00000|100%|HS|  |TAMS 0x0000000081f00000, 0x0000000081e00000| Complete 
|  31|0x0000000081f00000, 0x0000000082000000, 0x0000000082000000|100%|HC|  |TAMS 0x0000000082000000, 0x0000000081f00000| Complete 
|  32|0x0000000082000000, 0x0000000082100000, 0x0000000082100000|100%|HC|  |TAMS 0x0000000082100000, 0x0000000082000000| Complete 
|  33|0x0000000082100000, 0x0000000082200000, 0x0000000082200000|100%|HC|  |TAMS 0x0000000082200000, 0x0000000082100000| Complete 
|  34|0x0000000082200000, 0x0000000082300000, 0x0000000082300000|100%|HC|  |TAMS 0x0000000082300000, 0x0000000082200000| Complete 
|  35|0x0000000082300000, 0x0000000082400000, 0x0000000082400000|100%|HS|  |TAMS 0x0000000082400000, 0x0000000082300000| Complete 
|  36|0x0000000082400000, 0x0000000082500000, 0x0000000082500000|100%|HC|  |TAMS 0x0000000082500000, 0x0000000082400000| Complete 
|  37|0x0000000082500000, 0x0000000082600000, 0x0000000082600000|100%|HC|  |TAMS 0x0000000082600000, 0x0000000082500000| Complete 
|  38|0x0000000082600000, 0x0000000082700000, 0x0000000082700000|100%|HS|  |TAMS 0x0000000082700000, 0x0000000082600000| Complete 
|  39|0x0000000082700000, 0x0000000082800000, 0x0000000082800000|100%|HC|  |TAMS 0x0000000082800000, 0x0000000082700000| Complete 
|  40|0x0000000082800000, 0x0000000082900000, 0x0000000082900000|100%|HC|  |TAMS 0x0000000082900000, 0x0000000082800000| Complete 
|  41|0x0000000082900000, 0x0000000082a00000, 0x0000000082a00000|100%|HS|  |TAMS 0x0000000082a00000, 0x0000000082900000| Complete 
|  42|0x0000000082a00000, 0x0000000082b00000, 0x0000000082b00000|100%|HC|  |TAMS 0x0000000082b00000, 0x0000000082a00000| Complete 
|  43|0x0000000082b00000, 0x0000000082c00000, 0x0000000082c00000|100%| O|  |TAMS 0x0000000082c00000, 0x0000000082b00000| Untracked 
|  44|0x0000000082c00000, 0x0000000082d00000, 0x0000000082d00000|100%| O|  |TAMS 0x0000000082d00000, 0x0000000082c00000| Untracked 
|  45|0x0000000082d00000, 0x0000000082e00000, 0x0000000082e00000|100%| O|  |TAMS 0x0000000082e00000, 0x0000000082d00000| Untracked 
|  46|0x0000000082e00000, 0x0000000082f00000, 0x0000000082f00000|100%| O|  |TAMS 0x0000000082f00000, 0x0000000082e00000| Untracked 
|  47|0x0000000082f00000, 0x0000000083000000, 0x0000000083000000|100%| O|  |TAMS 0x0000000083000000, 0x0000000082f00000| Untracked 
|  48|0x0000000083000000, 0x0000000083100000, 0x0000000083100000|100%| O|  |TAMS 0x0000000083100000, 0x0000000083000000| Untracked 
|  49|0x0000000083100000, 0x0000000083200000, 0x0000000083200000|100%| O|  |TAMS 0x0000000083200000, 0x0000000083100000| Untracked 
|  50|0x0000000083200000, 0x0000000083300000, 0x0000000083300000|100%| O|  |TAMS 0x0000000083300000, 0x0000000083200000| Untracked 
|  51|0x0000000083300000, 0x0000000083400000, 0x0000000083400000|100%| O|  |TAMS 0x0000000083400000, 0x0000000083300000| Complete 
|  52|0x0000000083400000, 0x0000000083500000, 0x0000000083500000|100%| O|  |TAMS 0x0000000083500000, 0x0000000083400000| Untracked 
|  53|0x0000000083500000, 0x0000000083600000, 0x0000000083600000|100%| O|  |TAMS 0x0000000083600000, 0x0000000083500000| Untracked 
|  54|0x0000000083600000, 0x0000000083700000, 0x0000000083700000|100%| O|  |TAMS 0x0000000083700000, 0x0000000083600000| Untracked 
|  55|0x0000000083700000, 0x0000000083800000, 0x0000000083800000|100%| O|  |TAMS 0x0000000083800000, 0x0000000083700000| Untracked 
|  56|0x0000000083800000, 0x0000000083900000, 0x0000000083900000|100%| O|  |TAMS 0x0000000083900000, 0x0000000083800000| Untracked 
|  57|0x0000000083900000, 0x0000000083a00000, 0x0000000083a00000|100%| O|  |TAMS 0x0000000083a00000, 0x0000000083900000| Complete 
|  58|0x0000000083a00000, 0x0000000083b00000, 0x0000000083b00000|100%| O|  |TAMS 0x0000000083b00000, 0x0000000083a00000| Untracked 
|  59|0x0000000083b00000, 0x0000000083c00000, 0x0000000083c00000|100%| O|  |TAMS 0x0000000083c00000, 0x0000000083b00000| Untracked 
|  60|0x0000000083c00000, 0x0000000083d00000, 0x0000000083d00000|100%| O|  |TAMS 0x0000000083d00000, 0x0000000083c00000| Untracked 
|  61|0x0000000083d00000, 0x0000000083e00000, 0x0000000083e00000|100%| O|  |TAMS 0x0000000083e00000, 0x0000000083d00000| Untracked 
|  62|0x0000000083e00000, 0x0000000083f00000, 0x0000000083f00000|100%| O|  |TAMS 0x0000000083f00000, 0x0000000083e00000| Untracked 
|  63|0x0000000083f00000, 0x0000000084000000, 0x0000000084000000|100%| O|  |TAMS 0x0000000084000000, 0x0000000083f00000| Untracked 
|  64|0x0000000084000000, 0x0000000084100000, 0x0000000084100000|100%| O|  |TAMS 0x0000000084100000, 0x0000000084000000| Untracked 
|  65|0x0000000084100000, 0x0000000084200000, 0x0000000084200000|100%| O|  |TAMS 0x0000000084200000, 0x0000000084100000| Untracked 
|  66|0x0000000084200000, 0x0000000084300000, 0x0000000084300000|100%| O|  |TAMS 0x0000000084300000, 0x0000000084200000| Untracked 
|  67|0x0000000084300000, 0x0000000084400000, 0x0000000084400000|100%| O|  |TAMS 0x0000000084400000, 0x0000000084300000| Complete 
|  68|0x0000000084400000, 0x0000000084500000, 0x0000000084500000|100%| O|  |TAMS 0x0000000084500000, 0x0000000084400000| Complete 
|  69|0x0000000084500000, 0x0000000084600000, 0x0000000084600000|100%| O|  |TAMS 0x0000000084600000, 0x0000000084500000| Untracked 
|  70|0x0000000084600000, 0x0000000084700000, 0x0000000084700000|100%| O|  |TAMS 0x0000000084700000, 0x0000000084600000| Untracked 
|  71|0x0000000084700000, 0x0000000084800000, 0x0000000084800000|100%| O|  |TAMS 0x0000000084800000, 0x0000000084700000| Untracked 
|  72|0x0000000084800000, 0x0000000084900000, 0x0000000084900000|100%| O|  |TAMS 0x0000000084900000, 0x0000000084800000| Untracked 
|  73|0x0000000084900000, 0x0000000084a00000, 0x0000000084a00000|100%| O|  |TAMS 0x0000000084a00000, 0x0000000084900000| Untracked 
|  74|0x0000000084a00000, 0x0000000084b00000, 0x0000000084b00000|100%| O|  |TAMS 0x0000000084b00000, 0x0000000084a00000| Untracked 
|  75|0x0000000084b00000, 0x0000000084c00000, 0x0000000084c00000|100%| O|  |TAMS 0x0000000084c00000, 0x0000000084b00000| Untracked 
|  76|0x0000000084c00000, 0x0000000084d00000, 0x0000000084d00000|100%| O|  |TAMS 0x0000000084d00000, 0x0000000084c00000| Untracked 
|  77|0x0000000084d00000, 0x0000000084e00000, 0x0000000084e00000|100%| O|  |TAMS 0x0000000084e00000, 0x0000000084d00000| Untracked 
|  78|0x0000000084e00000, 0x0000000084f00000, 0x0000000084f00000|100%| O|  |TAMS 0x0000000084f00000, 0x0000000084e00000| Complete 
|  79|0x0000000084f00000, 0x0000000085000000, 0x0000000085000000|100%| O|  |TAMS 0x0000000085000000, 0x0000000084f00000| Complete 
|  80|0x0000000085000000, 0x0000000085100000, 0x0000000085100000|100%| O|  |TAMS 0x0000000085100000, 0x0000000085000000| Complete 
|  81|0x0000000085100000, 0x0000000085200000, 0x0000000085200000|100%| O|  |TAMS 0x0000000085200000, 0x0000000085100000| Complete 
|  82|0x0000000085200000, 0x0000000085300000, 0x0000000085300000|100%| O|  |TAMS 0x0000000085300000, 0x0000000085200000| Untracked 
|  83|0x0000000085300000, 0x0000000085400000, 0x0000000085400000|100%| O|  |TAMS 0x0000000085400000, 0x0000000085300000| Untracked 
|  84|0x0000000085400000, 0x0000000085500000, 0x0000000085500000|100%| O|  |TAMS 0x0000000085500000, 0x0000000085400000| Complete 
|  85|0x0000000085500000, 0x0000000085600000, 0x0000000085600000|100%| O|  |TAMS 0x0000000085600000, 0x0000000085500000| Complete 
|  86|0x0000000085600000, 0x0000000085700000, 0x0000000085700000|100%| O|  |TAMS 0x0000000085700000, 0x0000000085600000| Complete 
|  87|0x0000000085700000, 0x0000000085800000, 0x0000000085800000|100%| O|  |TAMS 0x0000000085800000, 0x0000000085700000| Complete 
|  88|0x0000000085800000, 0x0000000085900000, 0x0000000085900000|100%| O|  |TAMS 0x0000000085900000, 0x0000000085800000| Untracked 
|  89|0x0000000085900000, 0x0000000085a00000, 0x0000000085a00000|100%| O|  |TAMS 0x0000000085a00000, 0x0000000085900000| Complete 
|  90|0x0000000085a00000, 0x0000000085b00000, 0x0000000085b00000|100%| O|  |TAMS 0x0000000085b00000, 0x0000000085a00000| Complete 
|  91|0x0000000085b00000, 0x0000000085c00000, 0x0000000085c00000|100%| O|  |TAMS 0x0000000085c00000, 0x0000000085b00000| Untracked 
|  92|0x0000000085c00000, 0x0000000085d00000, 0x0000000085d00000|100%| O|  |TAMS 0x0000000085d00000, 0x0000000085c00000| Complete 
|  93|0x0000000085d00000, 0x0000000085e00000, 0x0000000085e00000|100%| O|  |TAMS 0x0000000085e00000, 0x0000000085d00000| Complete 
|  94|0x0000000085e00000, 0x0000000085f00000, 0x0000000085f00000|100%| O|  |TAMS 0x0000000085f00000, 0x0000000085e00000| Complete 
|  95|0x0000000085f00000, 0x0000000086000000, 0x0000000086000000|100%| O|  |TAMS 0x0000000086000000, 0x0000000085f00000| Complete 
|  96|0x0000000086000000, 0x0000000086100000, 0x0000000086100000|100%| O|  |TAMS 0x0000000086100000, 0x0000000086000000| Complete 
|  97|0x0000000086100000, 0x0000000086200000, 0x0000000086200000|100%| O|  |TAMS 0x0000000086200000, 0x0000000086100000| Complete 
|  98|0x0000000086200000, 0x0000000086300000, 0x0000000086300000|100%| O|  |TAMS 0x0000000086300000, 0x0000000086200000| Untracked 
|  99|0x0000000086300000, 0x0000000086400000, 0x0000000086400000|100%| O|  |TAMS 0x0000000086400000, 0x0000000086300000| Untracked 
| 100|0x0000000086400000, 0x0000000086500000, 0x0000000086500000|100%| O|  |TAMS 0x0000000086500000, 0x0000000086400000| Untracked 
| 101|0x0000000086500000, 0x0000000086600000, 0x0000000086600000|100%| O|  |TAMS 0x0000000086600000, 0x0000000086500000| Complete 
| 102|0x0000000086600000, 0x0000000086700000, 0x0000000086700000|100%| O|  |TAMS 0x0000000086700000, 0x0000000086600000| Complete 
| 103|0x0000000086700000, 0x0000000086800000, 0x0000000086800000|100%| O|  |TAMS 0x0000000086800000, 0x0000000086700000| Complete 
| 104|0x0000000086800000, 0x0000000086800000, 0x0000000086900000|  0%| F|  |TAMS 0x0000000086800000, 0x0000000086800000| Untracked 
| 105|0x0000000086900000, 0x0000000086a00000, 0x0000000086a00000|100%| O|  |TAMS 0x0000000086a00000, 0x0000000086900000| Complete 
| 106|0x0000000086a00000, 0x0000000086b00000, 0x0000000086b00000|100%| O|  |TAMS 0x0000000086b00000, 0x0000000086a00000| Complete 
| 107|0x0000000086b00000, 0x0000000086c00000, 0x0000000086c00000|100%| O|  |TAMS 0x0000000086c00000, 0x0000000086b00000| Complete 
| 108|0x0000000086c00000, 0x0000000086d00000, 0x0000000086d00000|100%| O|  |TAMS 0x0000000086d00000, 0x0000000086c00000| Untracked 
| 109|0x0000000086d00000, 0x0000000086e00000, 0x0000000086e00000|100%| O|  |TAMS 0x0000000086e00000, 0x0000000086d00000| Untracked 
| 110|0x0000000086e00000, 0x0000000086f00000, 0x0000000086f00000|100%| O|  |TAMS 0x0000000086f00000, 0x0000000086e00000| Untracked 
| 111|0x0000000086f00000, 0x0000000087000000, 0x0000000087000000|100%| O|  |TAMS 0x0000000087000000, 0x0000000086f00000| Complete 
| 112|0x0000000087000000, 0x0000000087100000, 0x0000000087100000|100%| O|  |TAMS 0x0000000087100000, 0x0000000087000000| Complete 
| 113|0x0000000087100000, 0x0000000087200000, 0x0000000087200000|100%|HS|  |TAMS 0x0000000087200000, 0x0000000087100000| Complete 
| 114|0x0000000087200000, 0x0000000087300000, 0x0000000087300000|100%| O|  |TAMS 0x0000000087300000, 0x0000000087200000| Untracked 
| 115|0x0000000087300000, 0x0000000087400000, 0x0000000087400000|100%| O|  |TAMS 0x0000000087400000, 0x0000000087300000| Untracked 
| 116|0x0000000087400000, 0x0000000087500000, 0x0000000087500000|100%| O|  |TAMS 0x0000000087500000, 0x0000000087400000| Complete 
| 117|0x0000000087500000, 0x0000000087600000, 0x0000000087600000|100%| O|  |TAMS 0x0000000087600000, 0x0000000087500000| Complete 
| 118|0x0000000087600000, 0x0000000087700000, 0x0000000087700000|100%| O|  |TAMS 0x0000000087700000, 0x0000000087600000| Complete 
| 119|0x0000000087700000, 0x0000000087800000, 0x0000000087800000|100%| O|  |TAMS 0x0000000087800000, 0x0000000087700000| Complete 
| 120|0x0000000087800000, 0x0000000087900000, 0x0000000087900000|100%| O|  |TAMS 0x0000000087900000, 0x0000000087800000| Complete 
| 121|0x0000000087900000, 0x0000000087a00000, 0x0000000087a00000|100%| O|  |TAMS 0x00000000879a0e00, 0x0000000087900000| Complete 
| 122|0x0000000087a00000, 0x0000000087b00000, 0x0000000087b00000|100%| O|  |TAMS 0x0000000087b00000, 0x0000000087a00000| Complete 
| 123|0x0000000087b00000, 0x0000000087c00000, 0x0000000087c00000|100%| O|  |TAMS 0x0000000087c00000, 0x0000000087b00000| Complete 
| 124|0x0000000087c00000, 0x0000000087d00000, 0x0000000087d00000|100%| O|  |TAMS 0x0000000087c00000, 0x0000000087c00000| Untracked 
| 125|0x0000000087d00000, 0x0000000087e00000, 0x0000000087e00000|100%| O|  |TAMS 0x0000000087d00000, 0x0000000087d00000| Untracked 
| 126|0x0000000087e00000, 0x0000000087f00000, 0x0000000087f00000|100%| O|  |TAMS 0x0000000087e00000, 0x0000000087e00000| Untracked 
| 127|0x0000000087f00000, 0x0000000088000000, 0x0000000088000000|100%| O|  |TAMS 0x0000000088000000, 0x0000000087f00000| Complete 
| 128|0x0000000088000000, 0x0000000088100000, 0x0000000088100000|100%| O|  |TAMS 0x0000000088100000, 0x0000000088000000| Untracked 
| 129|0x0000000088100000, 0x0000000088200000, 0x0000000088200000|100%| O|  |TAMS 0x0000000088200000, 0x0000000088100000| Untracked 
| 130|0x0000000088200000, 0x0000000088300000, 0x0000000088300000|100%| O|  |TAMS 0x0000000088300000, 0x0000000088200000| Untracked 
| 131|0x0000000088300000, 0x0000000088400000, 0x0000000088400000|100%| O|  |TAMS 0x0000000088400000, 0x0000000088300000| Untracked 
| 132|0x0000000088400000, 0x0000000088500000, 0x0000000088500000|100%| O|  |TAMS 0x0000000088500000, 0x0000000088400000| Untracked 
| 133|0x0000000088500000, 0x0000000088600000, 0x0000000088600000|100%| O|  |TAMS 0x0000000088600000, 0x0000000088500000| Untracked 
| 134|0x0000000088600000, 0x0000000088700000, 0x0000000088700000|100%| O|  |TAMS 0x0000000088700000, 0x0000000088600000| Untracked 
| 135|0x0000000088700000, 0x0000000088800000, 0x0000000088800000|100%| O|  |TAMS 0x0000000088800000, 0x0000000088700000| Untracked 
| 136|0x0000000088800000, 0x0000000088900000, 0x0000000088900000|100%| O|  |TAMS 0x0000000088900000, 0x0000000088800000| Complete 
| 137|0x0000000088900000, 0x0000000088900000, 0x0000000088a00000|  0%| F|  |TAMS 0x0000000088900000, 0x0000000088900000| Untracked 
| 138|0x0000000088a00000, 0x0000000088a00000, 0x0000000088b00000|  0%| F|  |TAMS 0x0000000088a00000, 0x0000000088a00000| Untracked 
| 139|0x0000000088b00000, 0x0000000088c00000, 0x0000000088c00000|100%| O|  |TAMS 0x0000000088c00000, 0x0000000088b00000| Complete 
| 140|0x0000000088c00000, 0x0000000088d00000, 0x0000000088d00000|100%| O|  |TAMS 0x0000000088d00000, 0x0000000088c00000| Complete 
| 141|0x0000000088d00000, 0x0000000088e00000, 0x0000000088e00000|100%| O|  |TAMS 0x0000000088d00000, 0x0000000088d00000| Untracked 
| 142|0x0000000088e00000, 0x0000000088f00000, 0x0000000088f00000|100%| O|  |TAMS 0x0000000088f00000, 0x0000000088e00000| Untracked 
| 143|0x0000000088f00000, 0x0000000089000000, 0x0000000089000000|100%| O|  |TAMS 0x0000000089000000, 0x0000000088f00000| Untracked 
| 144|0x0000000089000000, 0x0000000089100000, 0x0000000089100000|100%| O|  |TAMS 0x0000000089100000, 0x0000000089000000| Untracked 
| 145|0x0000000089100000, 0x0000000089200000, 0x0000000089200000|100%| O|  |TAMS 0x0000000089200000, 0x0000000089100000| Untracked 
| 146|0x0000000089200000, 0x0000000089300000, 0x0000000089300000|100%| O|  |TAMS 0x0000000089300000, 0x0000000089200000| Untracked 
| 147|0x0000000089300000, 0x0000000089400000, 0x0000000089400000|100%| O|  |TAMS 0x0000000089400000, 0x0000000089300000| Untracked 
| 148|0x0000000089400000, 0x0000000089500000, 0x0000000089500000|100%| O|  |TAMS 0x0000000089500000, 0x0000000089400000| Untracked 
| 149|0x0000000089500000, 0x0000000089600000, 0x0000000089600000|100%| O|  |TAMS 0x0000000089600000, 0x0000000089500000| Untracked 
| 150|0x0000000089600000, 0x0000000089700000, 0x0000000089700000|100%| O|  |TAMS 0x0000000089700000, 0x0000000089600000| Untracked 
| 151|0x0000000089700000, 0x0000000089800000, 0x0000000089800000|100%| O|  |TAMS 0x0000000089800000, 0x0000000089700000| Untracked 
| 152|0x0000000089800000, 0x0000000089800000, 0x0000000089900000|  0%| F|  |TAMS 0x0000000089800000, 0x0000000089800000| Untracked 
| 153|0x0000000089900000, 0x0000000089a00000, 0x0000000089a00000|100%| O|  |TAMS 0x0000000089a00000, 0x0000000089900000| Complete 
| 154|0x0000000089a00000, 0x0000000089b00000, 0x0000000089b00000|100%| O|  |TAMS 0x0000000089b00000, 0x0000000089a00000| Untracked 
| 155|0x0000000089b00000, 0x0000000089c00000, 0x0000000089c00000|100%| O|  |TAMS 0x0000000089c00000, 0x0000000089b00000| Untracked 
| 156|0x0000000089c00000, 0x0000000089d00000, 0x0000000089d00000|100%| O|  |TAMS 0x0000000089d00000, 0x0000000089c00000| Untracked 
| 157|0x0000000089d00000, 0x0000000089e00000, 0x0000000089e00000|100%| O|  |TAMS 0x0000000089e00000, 0x0000000089d00000| Untracked 
| 158|0x0000000089e00000, 0x0000000089f00000, 0x0000000089f00000|100%| O|  |TAMS 0x0000000089f00000, 0x0000000089e00000| Untracked 
| 159|0x0000000089f00000, 0x000000008a000000, 0x000000008a000000|100%| O|  |TAMS 0x000000008a000000, 0x0000000089f00000| Untracked 
| 160|0x000000008a000000, 0x000000008a100000, 0x000000008a100000|100%| O|  |TAMS 0x000000008a100000, 0x000000008a000000| Untracked 
| 161|0x000000008a100000, 0x000000008a200000, 0x000000008a200000|100%| O|  |TAMS 0x000000008a200000, 0x000000008a100000| Complete 
| 162|0x000000008a200000, 0x000000008a200000, 0x000000008a300000|  0%| F|  |TAMS 0x000000008a200000, 0x000000008a200000| Untracked 
| 163|0x000000008a300000, 0x000000008a400000, 0x000000008a400000|100%| O|  |TAMS 0x000000008a400000, 0x000000008a300000| Untracked 
| 164|0x000000008a400000, 0x000000008a500000, 0x000000008a500000|100%| O|  |TAMS 0x000000008a500000, 0x000000008a400000| Untracked 
| 165|0x000000008a500000, 0x000000008a600000, 0x000000008a600000|100%| O|  |TAMS 0x000000008a600000, 0x000000008a500000| Untracked 
| 166|0x000000008a600000, 0x000000008a700000, 0x000000008a700000|100%| O|  |TAMS 0x000000008a700000, 0x000000008a600000| Untracked 
| 167|0x000000008a700000, 0x000000008a800000, 0x000000008a800000|100%| O|  |TAMS 0x000000008a800000, 0x000000008a700000| Untracked 
| 168|0x000000008a800000, 0x000000008a900000, 0x000000008a900000|100%| O|  |TAMS 0x000000008a900000, 0x000000008a800000| Complete 
| 169|0x000000008a900000, 0x000000008aa00000, 0x000000008aa00000|100%| O|  |TAMS 0x000000008aa00000, 0x000000008a900000| Untracked 
| 170|0x000000008aa00000, 0x000000008aa00000, 0x000000008ab00000|  0%| F|  |TAMS 0x000000008aa00000, 0x000000008aa00000| Untracked 
| 171|0x000000008ab00000, 0x000000008ab00000, 0x000000008ac00000|  0%| F|  |TAMS 0x000000008ab00000, 0x000000008ab00000| Untracked 
| 172|0x000000008ac00000, 0x000000008ad00000, 0x000000008ad00000|100%| O|  |TAMS 0x000000008ac00000, 0x000000008ac00000| Untracked 
| 173|0x000000008ad00000, 0x000000008ae00000, 0x000000008ae00000|100%| O|  |TAMS 0x000000008ad00000, 0x000000008ad00000| Untracked 
| 174|0x000000008ae00000, 0x000000008af00000, 0x000000008af00000|100%| O|  |TAMS 0x000000008ae00000, 0x000000008ae00000| Untracked 
| 175|0x000000008af00000, 0x000000008b000000, 0x000000008b000000|100%| O|  |TAMS 0x000000008af00000, 0x000000008af00000| Untracked 
| 176|0x000000008b000000, 0x000000008b100000, 0x000000008b100000|100%| O|  |TAMS 0x000000008b000000, 0x000000008b000000| Untracked 
| 177|0x000000008b100000, 0x000000008b200000, 0x000000008b200000|100%| O|  |TAMS 0x000000008b100000, 0x000000008b100000| Untracked 
| 178|0x000000008b200000, 0x000000008b300000, 0x000000008b300000|100%| O|  |TAMS 0x000000008b200000, 0x000000008b200000| Untracked 
| 179|0x000000008b300000, 0x000000008b400000, 0x000000008b400000|100%| O|  |TAMS 0x000000008b300000, 0x000000008b300000| Untracked 
| 180|0x000000008b400000, 0x000000008b500000, 0x000000008b500000|100%| O|  |TAMS 0x000000008b400000, 0x000000008b400000| Untracked 
| 181|0x000000008b500000, 0x000000008b600000, 0x000000008b600000|100%| O|  |TAMS 0x000000008b500000, 0x000000008b500000| Untracked 
| 182|0x000000008b600000, 0x000000008b700000, 0x000000008b700000|100%| O|  |TAMS 0x000000008b600000, 0x000000008b600000| Untracked 
| 183|0x000000008b700000, 0x000000008b800000, 0x000000008b800000|100%| O|  |TAMS 0x000000008b700000, 0x000000008b700000| Untracked 
| 184|0x000000008b800000, 0x000000008b900000, 0x000000008b900000|100%| O|  |TAMS 0x000000008b800000, 0x000000008b800000| Untracked 
| 185|0x000000008b900000, 0x000000008ba00000, 0x000000008ba00000|100%| O|  |TAMS 0x000000008b900000, 0x000000008b900000| Untracked 
| 186|0x000000008ba00000, 0x000000008bb00000, 0x000000008bb00000|100%| O|  |TAMS 0x000000008ba00000, 0x000000008ba00000| Untracked 
| 187|0x000000008bb00000, 0x000000008bc00000, 0x000000008bc00000|100%| O|  |TAMS 0x000000008bb00000, 0x000000008bb00000| Untracked 
| 188|0x000000008bc00000, 0x000000008bd00000, 0x000000008bd00000|100%| O|  |TAMS 0x000000008bc00000, 0x000000008bc00000| Untracked 
| 189|0x000000008bd00000, 0x000000008be00000, 0x000000008be00000|100%| O|  |TAMS 0x000000008bd00000, 0x000000008bd00000| Untracked 
| 190|0x000000008be00000, 0x000000008bf00000, 0x000000008bf00000|100%| O|  |TAMS 0x000000008be00000, 0x000000008be00000| Untracked 
| 191|0x000000008bf00000, 0x000000008c000000, 0x000000008c000000|100%| O|  |TAMS 0x000000008bf00000, 0x000000008bf00000| Untracked 
| 192|0x000000008c000000, 0x000000008c100000, 0x000000008c100000|100%| O|  |TAMS 0x000000008c000000, 0x000000008c000000| Untracked 
| 193|0x000000008c100000, 0x000000008c200000, 0x000000008c200000|100%| O|  |TAMS 0x000000008c100000, 0x000000008c100000| Untracked 
| 194|0x000000008c200000, 0x000000008c300000, 0x000000008c300000|100%| O|  |TAMS 0x000000008c200000, 0x000000008c200000| Untracked 
| 195|0x000000008c300000, 0x000000008c400000, 0x000000008c400000|100%| O|  |TAMS 0x000000008c300000, 0x000000008c300000| Untracked 
| 196|0x000000008c400000, 0x000000008c500000, 0x000000008c500000|100%| O|  |TAMS 0x000000008c400000, 0x000000008c400000| Untracked 
| 197|0x000000008c500000, 0x000000008c600000, 0x000000008c600000|100%| O|  |TAMS 0x000000008c500000, 0x000000008c500000| Untracked 
| 198|0x000000008c600000, 0x000000008c700000, 0x000000008c700000|100%| O|  |TAMS 0x000000008c600000, 0x000000008c600000| Untracked 
| 199|0x000000008c700000, 0x000000008c800000, 0x000000008c800000|100%| O|  |TAMS 0x000000008c700000, 0x000000008c700000| Untracked 
| 200|0x000000008c800000, 0x000000008c900000, 0x000000008c900000|100%| O|  |TAMS 0x000000008c800000, 0x000000008c800000| Untracked 
| 201|0x000000008c900000, 0x000000008ca00000, 0x000000008ca00000|100%| O|  |TAMS 0x000000008c900000, 0x000000008c900000| Untracked 
| 202|0x000000008ca00000, 0x000000008cb00000, 0x000000008cb00000|100%| O|  |TAMS 0x000000008ca00000, 0x000000008ca00000| Untracked 
| 203|0x000000008cb00000, 0x000000008cc00000, 0x000000008cc00000|100%| O|  |TAMS 0x000000008cb00000, 0x000000008cb00000| Untracked 
| 204|0x000000008cc00000, 0x000000008cd00000, 0x000000008cd00000|100%| O|  |TAMS 0x000000008cc00000, 0x000000008cc00000| Untracked 
| 205|0x000000008cd00000, 0x000000008cdb2200, 0x000000008ce00000| 69%| O|  |TAMS 0x000000008cd00000, 0x000000008cd00000| Untracked 
| 206|0x000000008ce00000, 0x000000008ce00000, 0x000000008cf00000|  0%| F|  |TAMS 0x000000008ce00000, 0x000000008ce00000| Untracked 
| 207|0x000000008cf00000, 0x000000008cf00000, 0x000000008d000000|  0%| F|  |TAMS 0x000000008cf00000, 0x000000008cf00000| Untracked 
| 208|0x000000008d000000, 0x000000008d000000, 0x000000008d100000|  0%| F|  |TAMS 0x000000008d000000, 0x000000008d000000| Untracked 
| 209|0x000000008d100000, 0x000000008d100000, 0x000000008d200000|  0%| F|  |TAMS 0x000000008d100000, 0x000000008d100000| Untracked 
| 210|0x000000008d200000, 0x000000008d200000, 0x000000008d300000|  0%| F|  |TAMS 0x000000008d200000, 0x000000008d200000| Untracked 
| 211|0x000000008d300000, 0x000000008d300000, 0x000000008d400000|  0%| F|  |TAMS 0x000000008d300000, 0x000000008d300000| Untracked 
| 212|0x000000008d400000, 0x000000008d400000, 0x000000008d500000|  0%| F|  |TAMS 0x000000008d400000, 0x000000008d400000| Untracked 
| 213|0x000000008d500000, 0x000000008d500000, 0x000000008d600000|  0%| F|  |TAMS 0x000000008d500000, 0x000000008d500000| Untracked 
| 214|0x000000008d600000, 0x000000008d600000, 0x000000008d700000|  0%| F|  |TAMS 0x000000008d600000, 0x000000008d600000| Untracked 
| 215|0x000000008d700000, 0x000000008d700000, 0x000000008d800000|  0%| F|  |TAMS 0x000000008d700000, 0x000000008d700000| Untracked 
| 216|0x000000008d800000, 0x000000008d800000, 0x000000008d900000|  0%| F|  |TAMS 0x000000008d800000, 0x000000008d800000| Untracked 
| 217|0x000000008d900000, 0x000000008d900000, 0x000000008da00000|  0%| F|  |TAMS 0x000000008d900000, 0x000000008d900000| Untracked 
| 218|0x000000008da00000, 0x000000008da00000, 0x000000008db00000|  0%| F|  |TAMS 0x000000008da00000, 0x000000008da00000| Untracked 
| 219|0x000000008db00000, 0x000000008db00000, 0x000000008dc00000|  0%| F|  |TAMS 0x000000008db00000, 0x000000008db00000| Untracked 
| 220|0x000000008dc00000, 0x000000008dc00000, 0x000000008dd00000|  0%| F|  |TAMS 0x000000008dc00000, 0x000000008dc00000| Untracked 
| 221|0x000000008dd00000, 0x000000008dd00000, 0x000000008de00000|  0%| F|  |TAMS 0x000000008dd00000, 0x000000008dd00000| Untracked 
| 222|0x000000008de00000, 0x000000008de00000, 0x000000008df00000|  0%| F|  |TAMS 0x000000008de00000, 0x000000008de00000| Untracked 
| 223|0x000000008df00000, 0x000000008df00000, 0x000000008e000000|  0%| F|  |TAMS 0x000000008df00000, 0x000000008df00000| Untracked 
| 224|0x000000008e000000, 0x000000008e000000, 0x000000008e100000|  0%| F|  |TAMS 0x000000008e000000, 0x000000008e000000| Untracked 
| 225|0x000000008e100000, 0x000000008e100000, 0x000000008e200000|  0%| F|  |TAMS 0x000000008e100000, 0x000000008e100000| Untracked 
| 226|0x000000008e200000, 0x000000008e200000, 0x000000008e300000|  0%| F|  |TAMS 0x000000008e200000, 0x000000008e200000| Untracked 
| 227|0x000000008e300000, 0x000000008e300000, 0x000000008e400000|  0%| F|  |TAMS 0x000000008e300000, 0x000000008e300000| Untracked 
| 228|0x000000008e400000, 0x000000008e400000, 0x000000008e500000|  0%| F|  |TAMS 0x000000008e400000, 0x000000008e400000| Untracked 
| 229|0x000000008e500000, 0x000000008e500000, 0x000000008e600000|  0%| F|  |TAMS 0x000000008e500000, 0x000000008e500000| Untracked 
| 230|0x000000008e600000, 0x000000008e600000, 0x000000008e700000|  0%| F|  |TAMS 0x000000008e600000, 0x000000008e600000| Untracked 
| 231|0x000000008e700000, 0x000000008e700000, 0x000000008e800000|  0%| F|  |TAMS 0x000000008e700000, 0x000000008e700000| Untracked 
| 232|0x000000008e800000, 0x000000008e800000, 0x000000008e900000|  0%| F|  |TAMS 0x000000008e800000, 0x000000008e800000| Untracked 
| 233|0x000000008e900000, 0x000000008e900000, 0x000000008ea00000|  0%| F|  |TAMS 0x000000008e900000, 0x000000008e900000| Untracked 
| 234|0x000000008ea00000, 0x000000008ea00000, 0x000000008eb00000|  0%| F|  |TAMS 0x000000008ea00000, 0x000000008ea00000| Untracked 
| 235|0x000000008eb00000, 0x000000008eb00000, 0x000000008ec00000|  0%| F|  |TAMS 0x000000008eb00000, 0x000000008eb00000| Untracked 
| 236|0x000000008ec00000, 0x000000008ec00000, 0x000000008ed00000|  0%| F|  |TAMS 0x000000008ec00000, 0x000000008ec00000| Untracked 
| 237|0x000000008ed00000, 0x000000008ed00000, 0x000000008ee00000|  0%| F|  |TAMS 0x000000008ed00000, 0x000000008ed00000| Untracked 
| 238|0x000000008ee00000, 0x000000008ee00000, 0x000000008ef00000|  0%| F|  |TAMS 0x000000008ee00000, 0x000000008ee00000| Untracked 
| 239|0x000000008ef00000, 0x000000008ef00000, 0x000000008f000000|  0%| F|  |TAMS 0x000000008ef00000, 0x000000008ef00000| Untracked 
| 240|0x000000008f000000, 0x000000008f000000, 0x000000008f100000|  0%| F|  |TAMS 0x000000008f000000, 0x000000008f000000| Untracked 
| 241|0x000000008f100000, 0x000000008f100000, 0x000000008f200000|  0%| F|  |TAMS 0x000000008f100000, 0x000000008f100000| Untracked 
| 242|0x000000008f200000, 0x000000008f200000, 0x000000008f300000|  0%| F|  |TAMS 0x000000008f200000, 0x000000008f200000| Untracked 
| 243|0x000000008f300000, 0x000000008f300000, 0x000000008f400000|  0%| F|  |TAMS 0x000000008f300000, 0x000000008f300000| Untracked 
| 244|0x000000008f400000, 0x000000008f400000, 0x000000008f500000|  0%| F|  |TAMS 0x000000008f400000, 0x000000008f400000| Untracked 
| 245|0x000000008f500000, 0x000000008f500000, 0x000000008f600000|  0%| F|  |TAMS 0x000000008f500000, 0x000000008f500000| Untracked 
| 246|0x000000008f600000, 0x000000008f600000, 0x000000008f700000|  0%| F|  |TAMS 0x000000008f600000, 0x000000008f600000| Untracked 
| 247|0x000000008f700000, 0x000000008f700000, 0x000000008f800000|  0%| F|  |TAMS 0x000000008f700000, 0x000000008f700000| Untracked 
| 248|0x000000008f800000, 0x000000008f800000, 0x000000008f900000|  0%| F|  |TAMS 0x000000008f800000, 0x000000008f800000| Untracked 
| 249|0x000000008f900000, 0x000000008f900000, 0x000000008fa00000|  0%| F|  |TAMS 0x000000008f900000, 0x000000008f900000| Untracked 
| 250|0x000000008fa00000, 0x000000008fa00000, 0x000000008fb00000|  0%| F|  |TAMS 0x000000008fa00000, 0x000000008fa00000| Untracked 
| 251|0x000000008fb00000, 0x000000008fb00000, 0x000000008fc00000|  0%| F|  |TAMS 0x000000008fb00000, 0x000000008fb00000| Untracked 
| 252|0x000000008fc00000, 0x000000008fc00000, 0x000000008fd00000|  0%| F|  |TAMS 0x000000008fc00000, 0x000000008fc00000| Untracked 
| 253|0x000000008fd00000, 0x000000008fd00000, 0x000000008fe00000|  0%| F|  |TAMS 0x000000008fd00000, 0x000000008fd00000| Untracked 
| 254|0x000000008fe00000, 0x000000008fe00000, 0x000000008ff00000|  0%| F|  |TAMS 0x000000008fe00000, 0x000000008fe00000| Untracked 
| 255|0x000000008ff00000, 0x000000008ff00000, 0x0000000090000000|  0%| F|  |TAMS 0x000000008ff00000, 0x000000008ff00000| Untracked 
| 256|0x0000000090000000, 0x0000000090000000, 0x0000000090100000|  0%| F|  |TAMS 0x0000000090000000, 0x0000000090000000| Untracked 
| 257|0x0000000090100000, 0x0000000090100000, 0x0000000090200000|  0%| F|  |TAMS 0x0000000090100000, 0x0000000090100000| Untracked 
| 258|0x0000000090200000, 0x0000000090200000, 0x0000000090300000|  0%| F|  |TAMS 0x0000000090200000, 0x0000000090200000| Untracked 
| 259|0x0000000090300000, 0x0000000090300000, 0x0000000090400000|  0%| F|  |TAMS 0x0000000090300000, 0x0000000090300000| Untracked 
| 260|0x0000000090400000, 0x0000000090400000, 0x0000000090500000|  0%| F|  |TAMS 0x0000000090400000, 0x0000000090400000| Untracked 
| 261|0x0000000090500000, 0x0000000090500000, 0x0000000090600000|  0%| F|  |TAMS 0x0000000090500000, 0x0000000090500000| Untracked 
| 262|0x0000000090600000, 0x0000000090600000, 0x0000000090700000|  0%| F|  |TAMS 0x0000000090600000, 0x0000000090600000| Untracked 
| 263|0x0000000090700000, 0x0000000090700000, 0x0000000090800000|  0%| F|  |TAMS 0x0000000090700000, 0x0000000090700000| Untracked 
| 264|0x0000000090800000, 0x0000000090800000, 0x0000000090900000|  0%| F|  |TAMS 0x0000000090800000, 0x0000000090800000| Untracked 
| 265|0x0000000090900000, 0x0000000090900000, 0x0000000090a00000|  0%| F|  |TAMS 0x0000000090900000, 0x0000000090900000| Untracked 
| 266|0x0000000090a00000, 0x0000000090a00000, 0x0000000090b00000|  0%| F|  |TAMS 0x0000000090a00000, 0x0000000090a00000| Untracked 
| 267|0x0000000090b00000, 0x0000000090b00000, 0x0000000090c00000|  0%| F|  |TAMS 0x0000000090b00000, 0x0000000090b00000| Untracked 
| 268|0x0000000090c00000, 0x0000000090c00000, 0x0000000090d00000|  0%| F|  |TAMS 0x0000000090c00000, 0x0000000090c00000| Untracked 
| 269|0x0000000090d00000, 0x0000000090d00000, 0x0000000090e00000|  0%| F|  |TAMS 0x0000000090d00000, 0x0000000090d00000| Untracked 
| 270|0x0000000090e00000, 0x0000000090e00000, 0x0000000090f00000|  0%| F|  |TAMS 0x0000000090e00000, 0x0000000090e00000| Untracked 
| 271|0x0000000090f00000, 0x0000000090f00000, 0x0000000091000000|  0%| F|  |TAMS 0x0000000090f00000, 0x0000000090f00000| Untracked 
| 272|0x0000000091000000, 0x0000000091000000, 0x0000000091100000|  0%| F|  |TAMS 0x0000000091000000, 0x0000000091000000| Untracked 
| 273|0x0000000091100000, 0x0000000091100000, 0x0000000091200000|  0%| F|  |TAMS 0x0000000091100000, 0x0000000091100000| Untracked 
| 274|0x0000000091200000, 0x0000000091200000, 0x0000000091300000|  0%| F|  |TAMS 0x0000000091200000, 0x0000000091200000| Untracked 
| 275|0x0000000091300000, 0x0000000091300000, 0x0000000091400000|  0%| F|  |TAMS 0x0000000091300000, 0x0000000091300000| Untracked 
| 276|0x0000000091400000, 0x0000000091400000, 0x0000000091500000|  0%| F|  |TAMS 0x0000000091400000, 0x0000000091400000| Untracked 
| 277|0x0000000091500000, 0x0000000091500000, 0x0000000091600000|  0%| F|  |TAMS 0x0000000091500000, 0x0000000091500000| Untracked 
| 278|0x0000000091600000, 0x0000000091600000, 0x0000000091700000|  0%| F|  |TAMS 0x0000000091600000, 0x0000000091600000| Untracked 
| 279|0x0000000091700000, 0x0000000091700000, 0x0000000091800000|  0%| F|  |TAMS 0x0000000091700000, 0x0000000091700000| Untracked 
| 280|0x0000000091800000, 0x0000000091800000, 0x0000000091900000|  0%| F|  |TAMS 0x0000000091800000, 0x0000000091800000| Untracked 
| 281|0x0000000091900000, 0x0000000091900000, 0x0000000091a00000|  0%| F|  |TAMS 0x0000000091900000, 0x0000000091900000| Untracked 
| 282|0x0000000091a00000, 0x0000000091a00000, 0x0000000091b00000|  0%| F|  |TAMS 0x0000000091a00000, 0x0000000091a00000| Untracked 
| 283|0x0000000091b00000, 0x0000000091b00000, 0x0000000091c00000|  0%| F|  |TAMS 0x0000000091b00000, 0x0000000091b00000| Untracked 
| 284|0x0000000091c00000, 0x0000000091c00000, 0x0000000091d00000|  0%| F|  |TAMS 0x0000000091c00000, 0x0000000091c00000| Untracked 
| 285|0x0000000091d00000, 0x0000000091d00000, 0x0000000091e00000|  0%| F|  |TAMS 0x0000000091d00000, 0x0000000091d00000| Untracked 
| 286|0x0000000091e00000, 0x0000000091e00000, 0x0000000091f00000|  0%| F|  |TAMS 0x0000000091e00000, 0x0000000091e00000| Untracked 
| 287|0x0000000091f00000, 0x0000000092000000, 0x0000000092000000|100%| S|CS|TAMS 0x0000000091f00000, 0x0000000091f00000| Complete 
| 288|0x0000000092000000, 0x0000000092100000, 0x0000000092100000|100%| S|CS|TAMS 0x0000000092000000, 0x0000000092000000| Complete 
| 289|0x0000000092100000, 0x0000000092100000, 0x0000000092200000|  0%| F|  |TAMS 0x0000000092100000, 0x0000000092100000| Untracked 
| 290|0x0000000092200000, 0x0000000092200000, 0x0000000092300000|  0%| F|  |TAMS 0x0000000092200000, 0x0000000092200000| Untracked 
| 291|0x0000000092300000, 0x0000000092300000, 0x0000000092400000|  0%| F|  |TAMS 0x0000000092300000, 0x0000000092300000| Untracked 
| 292|0x0000000092400000, 0x0000000092400000, 0x0000000092500000|  0%| F|  |TAMS 0x0000000092400000, 0x0000000092400000| Untracked 
| 293|0x0000000092500000, 0x0000000092500000, 0x0000000092600000|  0%| F|  |TAMS 0x0000000092500000, 0x0000000092500000| Untracked 
| 294|0x0000000092600000, 0x0000000092600000, 0x0000000092700000|  0%| F|  |TAMS 0x0000000092600000, 0x0000000092600000| Untracked 
| 295|0x0000000092700000, 0x0000000092700000, 0x0000000092800000|  0%| F|  |TAMS 0x0000000092700000, 0x0000000092700000| Untracked 

Card table byte_map: [0x000001f55e910000,0x000001f55ed10000] _byte_map_base: 0x000001f55e510000

Marking Bits (Prev, Next): (CMBitMap*) 0x000001f54b5428a8, (CMBitMap*) 0x000001f54b5428e0
 Prev Bits: [0x000001f55f110000, 0x000001f561110000)
 Next Bits: [0x000001f561110000, 0x000001f563110000)

Polling page: 0x000001f5492e0000

Metaspace:

Usage:
  Non-class:    102.30 MB capacity,   100.21 MB ( 98%) used,     1.74 MB (  2%) free+waste,   363.88 KB ( <1%) overhead. 
      Class:     15.65 MB capacity,    14.47 MB ( 92%) used,     1.02 MB (  7%) free+waste,   164.06 KB (  1%) overhead. 
       Both:    117.95 MB capacity,   114.67 MB ( 97%) used,     2.77 MB (  2%) free+waste,   527.94 KB ( <1%) overhead. 

Virtual space:
  Non-class space:      104.00 MB reserved,     102.70 MB ( 99%) committed 
      Class space:        1.00 GB reserved,      15.88 MB (  2%) committed 
             Both:        1.10 GB reserved,     118.57 MB ( 11%) committed 

Chunk freelists:
   Non-Class:  278.00 KB
       Class:  230.00 KB
        Both:  508.00 KB

MaxMetaspaceSize: 17179869184.00 GB
CompressedClassSpaceSize: 1.00 GB

CodeHeap 'non-profiled nmethods': size=120000Kb used=11020Kb max_used=11020Kb free=108979Kb
 bounds [0x000001f556a90000, 0x000001f557560000, 0x000001f55dfc0000]
CodeHeap 'profiled nmethods': size=120000Kb used=37207Kb max_used=37207Kb free=82792Kb
 bounds [0x000001f54f560000, 0x000001f5519c0000, 0x000001f556a90000]
CodeHeap 'non-nmethods': size=5760Kb used=2337Kb max_used=2403Kb free=3422Kb
 bounds [0x000001f54efc0000, 0x000001f54f230000, 0x000001f54f560000]
 total_blobs=17575 nmethods=16621 adapters=865
 compilation: enabled
              stopped_count=0, restarted_count=0
 full_count=0

Compilation events (20 events):
Event: 22.196 Thread 0x000001f566642800 16898       2       com.android.tools.r8.internal.gr::d (100 bytes)
Event: 22.197 Thread 0x000001f566642800 nmethod 16898 0x000001f5519b3b10 code [0x000001f5519b3ce0, 0x000001f5519b3fd8]
Event: 22.197 Thread 0x000001f566642800 16903       2       com.android.tools.r8.graph.z::e (9 bytes)
Event: 22.197 Thread 0x000001f566642800 nmethod 16903 0x000001f5519b4190 code [0x000001f5519b4340, 0x000001f5519b4468]
Event: 22.197 Thread 0x000001f566642800 16904       2       com.android.tools.r8.internal.hr::d (68 bytes)
Event: 22.197 Thread 0x000001f566642800 nmethod 16904 0x000001f5519b4510 code [0x000001f5519b46e0, 0x000001f5519b48d8]
Event: 22.197 Thread 0x000001f566642800 16900       2       com.android.tools.r8.internal.gr$$Lambda$2061/0x0000000100c9c040::<init> (10 bytes)
Event: 22.197 Thread 0x000001f566642800 nmethod 16900 0x000001f5519b4a10 code [0x000001f5519b4bc0, 0x000001f5519b4cf8]
Event: 22.197 Thread 0x000001f566642800 16895       2       com.android.tools.r8.internal.b2$c::<init> (11 bytes)
Event: 22.197 Thread 0x000001f566642800 nmethod 16895 0x000001f5519b4d90 code [0x000001f5519b4f40, 0x000001f5519b50d8]
Event: 22.197 Thread 0x000001f566642800 16897       2       com.android.tools.r8.internal.N9::a (13 bytes)
Event: 22.197 Thread 0x000001f566642800 nmethod 16897 0x000001f5519b5190 code [0x000001f5519b5340, 0x000001f5519b5488]
Event: 22.206 Thread 0x000001f566642800 16907       2       com.android.tools.r8.internal.HA::size (6 bytes)
Event: 22.207 Thread 0x000001f566642800 nmethod 16907 0x000001f5519b5590 code [0x000001f5519b5740, 0x000001f5519b5838]
Event: 22.223 Thread 0x000001f56f52b800 nmethod 16827 0x000001f557551510 code [0x000001f5575516e0, 0x000001f557552918]
Event: 22.223 Thread 0x000001f56f52b800 16876   !   4       java.net.URL::<init> (543 bytes)
Event: 22.227 Thread 0x000001f566642800 16910       1       com.android.tools.r8.internal.i2::p (5 bytes)
Event: 22.227 Thread 0x000001f566642800 nmethod 16910 0x000001f557552d90 code [0x000001f557552f40, 0x000001f557552ff8]
Event: 22.227 Thread 0x000001f566642800 16911       2       com.android.tools.r8.internal.Ni::W (28 bytes)
Event: 22.227 Thread 0x000001f566642800 nmethod 16911 0x000001f5519b5910 code [0x000001f5519b5ac0, 0x000001f5519b5c98]

GC Heap History (20 events):
Event: 21.591 GC heap after
{Heap after GC invocations=31 (full 0):
 garbage-first heap   total 251904K, used 141778K [0x0000000080000000, 0x0000000100000000)
  region size 1024K, 11 young (11264K), 11 survivors (11264K)
 Metaspace       used 112816K, capacity 116033K, committed 116940K, reserved 1150976K
  class space    used 14127K, capacity 15277K, committed 15616K, reserved 1048576K
}
Event: 21.593 GC heap before
{Heap before GC invocations=31 (full 0):
 garbage-first heap   total 251904K, used 141778K [0x0000000080000000, 0x0000000100000000)
  region size 1024K, 12 young (12288K), 11 survivors (11264K)
 Metaspace       used 112818K, capacity 116033K, committed 116940K, reserved 1150976K
  class space    used 14127K, capacity 15277K, committed 15616K, reserved 1048576K
}
Event: 21.597 GC heap after
{Heap after GC invocations=32 (full 0):
 garbage-first heap   total 251904K, used 139627K [0x0000000080000000, 0x0000000100000000)
  region size 1024K, 2 young (2048K), 2 survivors (2048K)
 Metaspace       used 112818K, capacity 116033K, committed 116940K, reserved 1150976K
  class space    used 14127K, capacity 15277K, committed 15616K, reserved 1048576K
}
Event: 21.721 GC heap before
{Heap before GC invocations=32 (full 0):
 garbage-first heap   total 251904K, used 199019K [0x0000000080000000, 0x0000000100000000)
  region size 1024K, 61 young (62464K), 2 survivors (2048K)
 Metaspace       used 114705K, capacity 118013K, committed 118732K, reserved 1153024K
  class space    used 14420K, capacity 15638K, committed 15872K, reserved 1048576K
}
Event: 21.729 GC heap after
{Heap after GC invocations=33 (full 0):
 garbage-first heap   total 251904K, used 153600K [0x0000000080000000, 0x0000000100000000)
  region size 1024K, 8 young (8192K), 8 survivors (8192K)
 Metaspace       used 114705K, capacity 118013K, committed 118732K, reserved 1153024K
  class space    used 14420K, capacity 15638K, committed 15872K, reserved 1048576K
}
Event: 21.832 GC heap before
{Heap before GC invocations=33 (full 0):
 garbage-first heap   total 251904K, used 202752K [0x0000000080000000, 0x0000000100000000)
  region size 1024K, 56 young (57344K), 8 survivors (8192K)
 Metaspace       used 114967K, capacity 118225K, committed 118988K, reserved 1153024K
  class space    used 14409K, capacity 15579K, committed 15872K, reserved 1048576K
}
Event: 21.844 GC heap after
{Heap after GC invocations=34 (full 0):
 garbage-first heap   total 251904K, used 164213K [0x0000000080000000, 0x0000000100000000)
  region size 1024K, 7 young (7168K), 7 survivors (7168K)
 Metaspace       used 114967K, capacity 118225K, committed 118988K, reserved 1153024K
  class space    used 14409K, capacity 15579K, committed 15872K, reserved 1048576K
}
Event: 21.927 GC heap before
{Heap before GC invocations=35 (full 0):
 garbage-first heap   total 251904K, used 203125K [0x0000000080000000, 0x0000000100000000)
  region size 1024K, 46 young (47104K), 7 survivors (7168K)
 Metaspace       used 115733K, capacity 119082K, committed 119628K, reserved 1153024K
  class space    used 14536K, capacity 15766K, committed 16000K, reserved 1048576K
}
Event: 21.937 GC heap after
{Heap after GC invocations=36 (full 0):
 garbage-first heap   total 251904K, used 173056K [0x0000000080000000, 0x0000000100000000)
  region size 1024K, 6 young (6144K), 6 survivors (6144K)
 Metaspace       used 115733K, capacity 119082K, committed 119628K, reserved 1153024K
  class space    used 14536K, capacity 15766K, committed 16000K, reserved 1048576K
}
Event: 21.945 GC heap before
{Heap before GC invocations=36 (full 0):
 garbage-first heap   total 251904K, used 179200K [0x0000000080000000, 0x0000000100000000)
  region size 1024K, 12 young (12288K), 6 survivors (6144K)
 Metaspace       used 115773K, capacity 119149K, committed 119884K, reserved 1153024K
  class space    used 14544K, capacity 15767K, committed 16000K, reserved 1048576K
}
Event: 21.951 GC heap after
{Heap after GC invocations=37 (full 0):
 garbage-first heap   total 251904K, used 169457K [0x0000000080000000, 0x0000000100000000)
  region size 1024K, 2 young (2048K), 2 survivors (2048K)
 Metaspace       used 115773K, capacity 119149K, committed 119884K, reserved 1153024K
  class space    used 14544K, capacity 15767K, committed 16000K, reserved 1048576K
}
Event: 21.988 GC heap before
{Heap before GC invocations=37 (full 0):
 garbage-first heap   total 251904K, used 205297K [0x0000000080000000, 0x0000000100000000)
  region size 1024K, 38 young (38912K), 2 survivors (2048K)
 Metaspace       used 116176K, capacity 119545K, committed 120268K, reserved 1153024K
  class space    used 14617K, capacity 15857K, committed 16128K, reserved 1048576K
}
Event: 21.997 GC heap after
{Heap after GC invocations=38 (full 0):
 garbage-first heap   total 303104K, used 176771K [0x0000000080000000, 0x0000000100000000)
  region size 1024K, 5 young (5120K), 5 survivors (5120K)
 Metaspace       used 116176K, capacity 119545K, committed 120268K, reserved 1153024K
  class space    used 14617K, capacity 15857K, committed 16128K, reserved 1048576K
}
Event: 22.073 GC heap before
{Heap before GC invocations=38 (full 0):
 garbage-first heap   total 303104K, used 231043K [0x0000000080000000, 0x0000000100000000)
  region size 1024K, 58 young (59392K), 5 survivors (5120K)
 Metaspace       used 116711K, capacity 120073K, committed 120524K, reserved 1153024K
  class space    used 14710K, capacity 15946K, committed 16128K, reserved 1048576K
}
Event: 22.085 GC heap after
{Heap after GC invocations=39 (full 0):
 garbage-first heap   total 303104K, used 188144K [0x0000000080000000, 0x0000000100000000)
  region size 1024K, 8 young (8192K), 8 survivors (8192K)
 Metaspace       used 116711K, capacity 120073K, committed 120524K, reserved 1153024K
  class space    used 14710K, capacity 15946K, committed 16128K, reserved 1048576K
}
Event: 22.155 GC heap before
{Heap before GC invocations=39 (full 0):
 garbage-first heap   total 303104K, used 238320K [0x0000000080000000, 0x0000000100000000)
  region size 1024K, 57 young (58368K), 8 survivors (8192K)
 Metaspace       used 116835K, capacity 120140K, committed 120908K, reserved 1155072K
  class space    used 14706K, capacity 15896K, committed 16256K, reserved 1048576K
}
Event: 22.168 GC heap after
{Heap after GC invocations=40 (full 0):
 garbage-first heap   total 303104K, used 197903K [0x0000000080000000, 0x0000000100000000)
  region size 1024K, 8 young (8192K), 8 survivors (8192K)
 Metaspace       used 116835K, capacity 120140K, committed 120908K, reserved 1155072K
  class space    used 14706K, capacity 15896K, committed 16256K, reserved 1048576K
}
Event: 22.210 GC heap before
{Heap before GC invocations=41 (full 0):
 garbage-first heap   total 303104K, used 242959K [0x0000000080000000, 0x0000000100000000)
  region size 1024K, 53 young (54272K), 8 survivors (8192K)
 Metaspace       used 117343K, capacity 120646K, committed 121420K, reserved 1155072K
  class space    used 14793K, capacity 15980K, committed 16256K, reserved 1048576K
}
Event: 22.221 GC heap after
{Heap after GC invocations=42 (full 0):
 garbage-first heap   total 303104K, used 206678K [0x0000000080000000, 0x0000000100000000)
  region size 1024K, 7 young (7168K), 7 survivors (7168K)
 Metaspace       used 117343K, capacity 120646K, committed 121420K, reserved 1155072K
  class space    used 14793K, capacity 15980K, committed 16256K, reserved 1048576K
}
Event: 22.227 GC heap before
{Heap before GC invocations=42 (full 0):
 garbage-first heap   total 303104K, used 212822K [0x0000000080000000, 0x0000000100000000)
  region size 1024K, 14 young (14336K), 7 survivors (7168K)
 Metaspace       used 117423K, capacity 120784K, committed 121420K, reserved 1155072K
  class space    used 14812K, capacity 16026K, committed 16256K, reserved 1048576K
}

Deoptimization events (20 events):
Event: 22.198 Thread 0x000001f56939c000 DEOPT PACKING pc=0x000001f55191adf7 sp=0x00000006db5f9190
Event: 22.198 Thread 0x000001f56939c000 DEOPT UNPACKING pc=0x000001f54efe76ce sp=0x00000006db5f8708 mode 0
Event: 22.201 Thread 0x000001f5701a3800 DEOPT PACKING pc=0x000001f55191adf7 sp=0x00000006dbdf95e0
Event: 22.201 Thread 0x000001f5701a3800 DEOPT UNPACKING pc=0x000001f54efe76ce sp=0x00000006dbdf8b58 mode 0
Event: 22.205 Thread 0x000001f5701a4000 DEOPT PACKING pc=0x000001f55191adf7 sp=0x00000006dbff9610
Event: 22.205 Thread 0x000001f5701a4000 DEOPT UNPACKING pc=0x000001f54efe76ce sp=0x00000006dbff8b88 mode 0
Event: 22.207 Thread 0x000001f568831800 Uncommon trap: trap_request=0xffffff7e fr.pc=0x000001f5574f3ae4 relative=0x0000000000000244
Event: 22.207 Thread 0x000001f568831800 Uncommon trap: reason=predicate action=maybe_recompile pc=0x000001f5574f3ae4 method=com.android.tools.r8.graph.c0.a([C)I @ 8 c2
Event: 22.207 Thread 0x000001f568831800 DEOPT PACKING pc=0x000001f5574f3ae4 sp=0x00000006db9f9740
Event: 22.207 Thread 0x000001f568831800 DEOPT UNPACKING pc=0x000001f54efe78af sp=0x00000006db9f96c8 mode 2
Event: 22.207 Thread 0x000001f5701a3800 DEOPT PACKING pc=0x000001f55191adf7 sp=0x00000006dbdf91c0
Event: 22.207 Thread 0x000001f5701a3800 DEOPT UNPACKING pc=0x000001f54efe76ce sp=0x00000006dbdf8738 mode 0
Event: 22.208 Thread 0x000001f56939c000 DEOPT PACKING pc=0x000001f55191adf7 sp=0x00000006db5f9190
Event: 22.208 Thread 0x000001f56939c000 DEOPT UNPACKING pc=0x000001f54efe76ce sp=0x00000006db5f8708 mode 0
Event: 22.221 Thread 0x000001f56939c000 DEOPT PACKING pc=0x000001f55191adf7 sp=0x00000006db5f9190
Event: 22.221 Thread 0x000001f56939c000 DEOPT UNPACKING pc=0x000001f54efe76ce sp=0x00000006db5f8708 mode 0
Event: 22.222 Thread 0x000001f5693a5800 DEOPT PACKING pc=0x000001f55191adf7 sp=0x00000006db6f94e0
Event: 22.222 Thread 0x000001f5693a5800 DEOPT UNPACKING pc=0x000001f54efe76ce sp=0x00000006db6f8a58 mode 0
Event: 22.225 Thread 0x000001f56939c000 DEOPT PACKING pc=0x000001f55191adf7 sp=0x00000006db5f9190
Event: 22.225 Thread 0x000001f56939c000 DEOPT UNPACKING pc=0x000001f54efe76ce sp=0x00000006db5f8708 mode 0

Classes redefined (0 events):
No events

Internal exceptions (20 events):
Event: 21.639 Thread 0x000001f5693a7800 Exception <a 'java/lang/NoSuchMethodError'{0x000000008d286448}: 'java.lang.Object java.lang.invoke.DirectMethodHandle$Holder.invokeSpecial(java.lang.Object, java.lang.Object, long)'> (0x000000008d286448) thrown at [./src/hotspot/share/interpreter/linkResolver.cpp, line 773]
Event: 21.639 Thread 0x000001f5693a1800 Exception <a 'java/lang/NoSuchMethodError'{0x000000008d234000}: 'java.lang.Object java.lang.invoke.Invokers$Holder.linkToTargetMethod(long, java.lang.Object)'> (0x000000008d234000) thrown at [./src/hotspot/share/interpreter/linkResolver.cpp, line 773]
Event: 21.639 Thread 0x000001f568833000 Exception <a 'java/lang/NoSuchMethodError'{0x000000008d27a168}: 'java.lang.Object java.lang.invoke.DirectMethodHandle$Holder.invokeSpecial(java.lang.Object, java.lang.Object, long)'> (0x000000008d27a168) thrown at [./src/hotspot/share/interpreter/linkResolver.cpp, line 773]
Event: 21.639 Thread 0x000001f5693a7800 Exception <a 'java/lang/NoSuchMethodError'{0x000000008d289c00}: 'java.lang.Object java.lang.invoke.Invokers$Holder.linkToTargetMethod(long, java.lang.Object)'> (0x000000008d289c00) thrown at [./src/hotspot/share/interpreter/linkResolver.cpp, line 773]
Event: 21.640 Thread 0x000001f568833000 Exception <a 'java/lang/NoSuchMethodError'{0x000000008d27d920}: 'java.lang.Object java.lang.invoke.Invokers$Holder.linkToTargetMethod(long, java.lang.Object)'> (0x000000008d27d920) thrown at [./src/hotspot/share/interpreter/linkResolver.cpp, line 773]
Event: 21.667 Thread 0x000001f56939c000 Exception <a 'sun/nio/fs/WindowsException'{0x000000008c5324f8}> (0x000000008c5324f8) thrown at [./src/hotspot/share/prims/jni.cpp, line 615]
Event: 21.667 Thread 0x000001f5693a6800 Exception <a 'sun/nio/fs/WindowsException'{0x000000008c553260}> (0x000000008c553260) thrown at [./src/hotspot/share/prims/jni.cpp, line 615]
Event: 21.668 Thread 0x000001f568833000 Exception <a 'java/lang/NoSuchMethodError'{0x000000008cb5d0c8}: 'void java.lang.invoke.DirectMethodHandle$Holder.invokeStatic(java.lang.Object, java.lang.Object, java.lang.Object, int)'> (0x000000008cb5d0c8) thrown at [./src/hotspot/share/interpreter/linkResolver.cpp, line 773]
Event: 21.668 Thread 0x000001f57019f000 Exception <a 'java/lang/NoSuchMethodError'{0x000000008c5f1448}: 'void java.lang.invoke.DirectMethodHandle$Holder.invokeStatic(java.lang.Object, java.lang.Object, java.lang.Object, int)'> (0x000000008c5f1448) thrown at [./src/hotspot/share/interpreter/linkResolver.cpp, line 773]
Event: 21.668 Thread 0x000001f5701a2800 Exception <a 'java/lang/NoSuchMethodError'{0x000000008c9ff0d0}: 'void java.lang.invoke.DirectMethodHandle$Holder.invokeStatic(java.lang.Object, java.lang.Object, java.lang.Object, int)'> (0x000000008c9ff0d0) thrown at [./src/hotspot/share/interpreter/linkResolver.cpp, line 773]
Event: 21.668 Thread 0x000001f5701a1000 Exception <a 'java/lang/NoSuchMethodError'{0x000000008c5fbde8}: 'void java.lang.invoke.DirectMethodHandle$Holder.invokeStatic(java.lang.Object, java.lang.Object, java.lang.Object, int)'> (0x000000008c5fbde8) thrown at [./src/hotspot/share/interpreter/linkResolver.cpp, line 773]
Event: 21.672 Thread 0x000001f5701a2800 Exception <a 'java/lang/IncompatibleClassChangeError'{0x000000008c4202d8}: Found class java.lang.Object, but interface was expected> (0x000000008c4202d8) thrown at [./src/hotspot/share/interpreter/linkResolver.cpp, line 839]
Event: 21.960 Thread 0x000001f5701a1000 Exception <a 'java/lang/NoSuchMethodError'{0x000000008eb71a50}: 'int java.lang.invoke.DirectMethodHandle$Holder.invokeSpecial(java.lang.Object, java.lang.Object, java.lang.Object, java.lang.Object, java.lang.Object)'> (0x000000008eb71a50) thrown at [./src/hotspot/share/interpreter/linkResolver.cpp, line 773]
Event: 22.042 Thread 0x000001f568831800 Exception <a 'java/lang/NoSuchMethodError'{0x0000000090855108}: 'java.lang.Object java.lang.invoke.DirectMethodHandle$Holder.invokeVirtual(java.lang.Object, java.lang.Object, int, java.lang.Object)'> (0x0000000090855108) thrown at [./src/hotspot/share/interpreter/linkResolver.cpp, line 773]
Event: 22.051 Thread 0x000001f568831800 Exception <a 'java/lang/IncompatibleClassChangeError'{0x00000000903fbc90}: Found class java.lang.Object, but interface was expected> (0x00000000903fbc90) thrown at [./src/hotspot/share/interpreter/linkResolver.cpp, line 839]
Event: 22.052 Thread 0x000001f568831800 Exception <a 'java/lang/IncompatibleClassChangeError'{0x00000000901261d8}: Found class java.lang.Object, but interface was expected> (0x00000000901261d8) thrown at [./src/hotspot/share/interpreter/linkResolver.cpp, line 839]
Event: 22.171 Thread 0x000001f5701a1000 Exception <a 'java/lang/NoSuchMethodError'{0x0000000092749028}: 'void java.lang.invoke.DirectMethodHandle$Holder.invokeVirtual(java.lang.Object, java.lang.Object, int, java.lang.Object)'> (0x0000000092749028) thrown at [./src/hotspot/share/interpreter/linkResolver.cpp, line 773]
Event: 22.172 Thread 0x000001f5701a2800 Exception <a 'java/lang/NoSuchMethodError'{0x00000000927a2b98}: 'void java.lang.invoke.DirectMethodHandle$Holder.invokeVirtual(java.lang.Object, java.lang.Object, int, java.lang.Object)'> (0x00000000927a2b98) thrown at [./src/hotspot/share/interpreter/linkResolver.cpp, line 773]
Event: 22.173 Thread 0x000001f5693a7800 Exception <a 'java/lang/NoSuchMethodError'{0x0000000092769bd0}: 'void java.lang.invoke.DirectMethodHandle$Holder.invokeVirtual(java.lang.Object, java.lang.Object, int, java.lang.Object)'> (0x0000000092769bd0) thrown at [./src/hotspot/share/interpreter/linkResolver.cpp, line 773]
Event: 22.177 Thread 0x000001f568833000 Exception <a 'java/lang/NoSuchMethodError'{0x000000009274a8c8}: 'void java.lang.invoke.DirectMethodHandle$Holder.invokeVirtual(java.lang.Object, java.lang.Object, int, java.lang.Object)'> (0x000000009274a8c8) thrown at [./src/hotspot/share/interpreter/linkResolver.cpp, line 773]

Events (20 events):
Event: 22.225 loading class com/android/tools/r8/internal/w8 done
Event: 22.226 loading class java/util/stream/SliceOps$1$1
Event: 22.226 loading class com/android/tools/r8/internal/w8
Event: 22.226 loading class com/android/tools/r8/internal/w8 done
Event: 22.226 loading class com/android/tools/r8/internal/w8
Event: 22.226 loading class com/android/tools/r8/internal/w8 done
Event: 22.226 loading class com/android/tools/r8/internal/Te
Event: 22.226 loading class com/android/tools/r8/internal/Te done
Event: 22.226 loading class java/util/stream/SliceOps$1$1 done
Event: 22.226 loading class com/android/tools/r8/internal/w8
Event: 22.226 loading class com/android/tools/r8/internal/w8 done
Event: 22.226 loading class com/android/tools/r8/internal/hu$a
Event: 22.226 loading class com/android/tools/r8/internal/hu$a done
Event: 22.226 loading class com/android/tools/r8/internal/hu$f
Event: 22.226 loading class com/android/tools/r8/internal/hu$f done
Event: 22.227 loading class com/android/tools/r8/ir/regalloc/a
Event: 22.227 loading class com/android/tools/r8/ir/regalloc/a done
Event: 22.227 loading class com/android/tools/r8/internal/hu$d
Event: 22.227 loading class com/android/tools/r8/internal/hu$d done
Event: 22.227 Executing VM operation: G1CollectForAllocation


Dynamic libraries:
0x00007ff626050000 - 0x00007ff62605a000 	D:\Program files\Android Studio\jre\bin\java.exe
0x00007ffcae310000 - 0x00007ffcae508000 	C:\Windows\SYSTEM32\ntdll.dll
0x00007ffcadad0000 - 0x00007ffcadb8f000 	C:\Windows\System32\KERNEL32.DLL
0x00007ffcabe60000 - 0x00007ffcac132000 	C:\Windows\System32\KERNELBASE.dll
0x00007ffcaba00000 - 0x00007ffcabb00000 	C:\Windows\System32\ucrtbase.dll
0x00007ffca4b90000 - 0x00007ffca4ba9000 	D:\Program files\Android Studio\jre\bin\jli.dll
0x00007ffca0fa0000 - 0x00007ffca0fb7000 	D:\Program files\Android Studio\jre\bin\VCRUNTIME140.dll
0x00007ffcadcd0000 - 0x00007ffcade71000 	C:\Windows\System32\USER32.dll
0x00007ffcabb00000 - 0x00007ffcabb22000 	C:\Windows\System32\win32u.dll
0x00007ffc91fc0000 - 0x00007ffc9225a000 	C:\Windows\WinSxS\amd64_microsoft.windows.common-controls_6595b64144ccf1df_6.0.19041.1110_none_60b5254171f9507e\COMCTL32.dll
0x00007ffcac350000 - 0x00007ffcac37b000 	C:\Windows\System32\GDI32.dll
0x00007ffcac440000 - 0x00007ffcac4de000 	C:\Windows\System32\msvcrt.dll
0x00007ffcabbf0000 - 0x00007ffcabcff000 	C:\Windows\System32\gdi32full.dll
0x00007ffcabd90000 - 0x00007ffcabe2d000 	C:\Windows\System32\msvcp_win.dll
0x00007ffcad1e0000 - 0x00007ffcad212000 	C:\Windows\System32\IMM32.DLL
0x00007ffc6ca80000 - 0x00007ffc6cb1d000 	D:\Program files\Android Studio\jre\bin\msvcp140.dll
0x00007ffc4e810000 - 0x00007ffc4f2df000 	D:\Program files\Android Studio\jre\bin\server\jvm.dll
0x00007ffcad970000 - 0x00007ffcada1e000 	C:\Windows\System32\ADVAPI32.dll
0x00007ffcac4e0000 - 0x00007ffcac57c000 	C:\Windows\System32\sechost.dll
0x00007ffcad820000 - 0x00007ffcad945000 	C:\Windows\System32\RPCRT4.dll
0x00007ffcac6b0000 - 0x00007ffcac6b8000 	C:\Windows\System32\PSAPI.DLL
0x00007ffcaa1f0000 - 0x00007ffcaa217000 	C:\Windows\SYSTEM32\WINMM.dll
0x00007ffca2370000 - 0x00007ffca237a000 	C:\Windows\SYSTEM32\VERSION.dll
0x00007ffca69c0000 - 0x00007ffca69c9000 	C:\Windows\SYSTEM32\WSOCK32.dll
0x00007ffcad220000 - 0x00007ffcad28b000 	C:\Windows\System32\WS2_32.dll
0x00007ffcaa250000 - 0x00007ffcaa262000 	C:\Windows\SYSTEM32\kernel.appcore.dll
0x00007ffca5c60000 - 0x00007ffca5c71000 	D:\Program files\Android Studio\jre\bin\verify.dll
0x00007ffca95d0000 - 0x00007ffca97b4000 	C:\Windows\SYSTEM32\DBGHELP.DLL
0x00007ffca1210000 - 0x00007ffca1245000 	C:\Windows\SYSTEM32\dbgcore.DLL
0x00007ffcabd00000 - 0x00007ffcabd82000 	C:\Windows\System32\bcryptPrimitives.dll
0x00007ffca4dc0000 - 0x00007ffca4de9000 	D:\Program files\Android Studio\jre\bin\java.dll
0x00007ffca6300000 - 0x00007ffca630b000 	D:\Program files\Android Studio\jre\bin\jimage.dll
0x00007ffca4d60000 - 0x00007ffca4d78000 	D:\Program files\Android Studio\jre\bin\zip.dll
0x00007ffcac810000 - 0x00007ffcacf54000 	C:\Windows\System32\SHELL32.dll
0x00007ffca97c0000 - 0x00007ffca9f52000 	C:\Windows\SYSTEM32\windows.storage.dll
0x00007ffcadf10000 - 0x00007ffcae265000 	C:\Windows\System32\combase.dll
0x00007ffcab460000 - 0x00007ffcab490000 	C:\Windows\SYSTEM32\Wldp.dll
0x00007ffcac390000 - 0x00007ffcac43d000 	C:\Windows\System32\SHCORE.dll
0x00007ffcadb90000 - 0x00007ffcadbe5000 	C:\Windows\System32\shlwapi.dll
0x00007ffcab940000 - 0x00007ffcab95f000 	C:\Windows\SYSTEM32\profapi.dll
0x00007ffca4b60000 - 0x00007ffca4b7a000 	D:\Program files\Android Studio\jre\bin\net.dll
0x00007ffca2ff0000 - 0x00007ffca30fc000 	C:\Windows\SYSTEM32\WINHTTP.dll
0x00007ffcab1c0000 - 0x00007ffcab22a000 	C:\Windows\system32\mswsock.dll
0x00007ffca4a60000 - 0x00007ffca4a74000 	D:\Program files\Android Studio\jre\bin\nio.dll
0x00007ffca5ec0000 - 0x00007ffca5ee7000 	C:\Users\o5bre\.gradle\native\8bec1ad78214c89d9ad589b4d07fe93259594b29d510b10fafb7a158f7737e5d\windows-amd64\native-platform.dll
0x00007ffc52f60000 - 0x00007ffc5309d000 	C:\Users\o5bre\.gradle\native\53dbd7edfb1c66fb8903c78663c9afc45aea4f116125fa6feffd364cf09443e8\windows-amd64\native-platform-file-events.dll
0x00007ffca5dc0000 - 0x00007ffca5dca000 	D:\Program files\Android Studio\jre\bin\management.dll
0x00007ffca5c50000 - 0x00007ffca5c5c000 	D:\Program files\Android Studio\jre\bin\management_ext.dll
0x00007ffcab3c0000 - 0x00007ffcab3d8000 	C:\Windows\SYSTEM32\CRYPTSP.dll
0x00007ffcaaa70000 - 0x00007ffcaaaa4000 	C:\Windows\system32\rsaenh.dll
0x00007ffcabe30000 - 0x00007ffcabe57000 	C:\Windows\System32\bcrypt.dll
0x00007ffcab8c0000 - 0x00007ffcab8ee000 	C:\Windows\SYSTEM32\USERENV.dll
0x00007ffcab3b0000 - 0x00007ffcab3bc000 	C:\Windows\SYSTEM32\CRYPTBASE.dll
0x00007ffcaae40000 - 0x00007ffcaae7b000 	C:\Windows\SYSTEM32\IPHLPAPI.DLL
0x00007ffcac380000 - 0x00007ffcac388000 	C:\Windows\System32\NSI.dll
0x00007ffca3200000 - 0x00007ffca3217000 	C:\Windows\SYSTEM32\dhcpcsvc6.DLL
0x00007ffca35f0000 - 0x00007ffca360d000 	C:\Windows\SYSTEM32\dhcpcsvc.DLL
0x00007ffcaaea0000 - 0x00007ffcaaf6a000 	C:\Windows\SYSTEM32\DNSAPI.dll

dbghelp: loaded successfully - version: 4.0.5 - missing functions: none
symbol engine: initialized successfully - sym options: 0x614 - pdb path: .;D:\Program files\Android Studio\jre\bin;C:\Windows\SYSTEM32;C:\Windows\WinSxS\amd64_microsoft.windows.common-controls_6595b64144ccf1df_6.0.19041.1110_none_60b5254171f9507e;D:\Program files\Android Studio\jre\bin\server;C:\Users\o5bre\.gradle\native\8bec1ad78214c89d9ad589b4d07fe93259594b29d510b10fafb7a158f7737e5d\windows-amd64;C:\Users\o5bre\.gradle\native\53dbd7edfb1c66fb8903c78663c9afc45aea4f116125fa6feffd364cf09443e8\windows-amd64

VM Arguments:
jvm_args: --add-opens=java.base/java.util=ALL-UNNAMED --add-opens=java.base/java.lang=ALL-UNNAMED --add-opens=java.base/java.lang.invoke=ALL-UNNAMED --add-opens=java.base/java.util=ALL-UNNAMED --add-opens=java.prefs/java.util.prefs=ALL-UNNAMED --add-opens=java.prefs/java.util.prefs=ALL-UNNAMED --add-opens=java.base/java.nio.charset=ALL-UNNAMED --add-opens=java.base/java.net=ALL-UNNAMED --add-opens=java.base/java.util.concurrent.atomic=ALL-UNNAMED -Xmx2048m -Dfile.encoding=UTF-8 -Duser.country=RU -Duser.language=ru -Duser.variant 
java_command: org.gradle.launcher.daemon.bootstrap.GradleDaemon 7.0.2
java_class_path (initial): C:\Users\o5bre\.gradle\wrapper\dists\gradle-7.0.2-bin\857tjihv64xamwrf0h14cai3r\gradle-7.0.2\lib\gradle-launcher-7.0.2.jar
Launcher Type: SUN_STANDARD

[Global flags]
     intx CICompilerCount                          = 4                                         {product} {ergonomic}
     uint ConcGCThreads                            = 3                                         {product} {ergonomic}
     uint G1ConcRefinementThreads                  = 10                                        {product} {ergonomic}
   size_t G1HeapRegionSize                         = 1048576                                   {product} {ergonomic}
    uintx GCDrainStackTargetSize                   = 64                                        {product} {ergonomic}
   size_t InitialHeapSize                          = 257949696                                 {product} {ergonomic}
   size_t MarkStackSize                            = 4194304                                   {product} {ergonomic}
   size_t MaxHeapSize                              = 2147483648                                {product} {command line}
   size_t MaxNewSize                               = 1287651328                                {product} {ergonomic}
   size_t MinHeapDeltaBytes                        = 1048576                                   {product} {ergonomic}
    uintx NonNMethodCodeHeapSize                   = 5836300                                {pd product} {ergonomic}
    uintx NonProfiledCodeHeapSize                  = 122910970                              {pd product} {ergonomic}
    uintx ProfiledCodeHeapSize                     = 122910970                              {pd product} {ergonomic}
    uintx ReservedCodeCacheSize                    = 251658240                              {pd product} {ergonomic}
     bool SegmentedCodeCache                       = true                                      {product} {ergonomic}
     bool UseCompressedClassPointers               = true                                 {lp64_product} {ergonomic}
     bool UseCompressedOops                        = true                                 {lp64_product} {ergonomic}
     bool UseG1GC                                  = true                                      {product} {ergonomic}
     bool UseLargePagesIndividualAllocation        = false                                  {pd product} {ergonomic}

Logging:
Log output configuration:
 #0: stdout all=warning uptime,level,tags
 #1: stderr all=off uptime,level,tags

Environment Variables:
PATH=C:\Program Files\Google\Chrome\Application;C:\Windows\system32;C:\Windows;C:\Windows\System32\Wbem;C:\Windows\System32\WindowsPowerShell\v1.0\;C:\Windows\System32\OpenSSH\;D:\Program files\Git\cmd;C:\Program Files\Microsoft SQL Server\130\Tools\Binn\;D:\Program files\Rational\common;D:\Program files\swipl\bin;C:\Program Files\dotnet\;C:\Program Files\Microsoft SQL Server\Client SDK\ODBC\170\Tools\Binn\;C:\Program Files (x86)\Microsoft SQL Server\150\Tools\Binn\;C:\Program Files\Microsoft SQL Server\150\Tools\Binn\;C:\Program Files\Microsoft SQL Server\150\DTS\Binn\;C:\Program Files (x86)\Microsoft SQL Server\150\DTS\Binn\;C:\Program Files\Azure Data Studio\bin;D:\Program files\nodejs\;C:\Users\o5bre\AppData\Local\Microsoft\WindowsApps;C:\Users\o5bre\AppData\Local\GitHubDesktop\bin;D:\Program files\Microsoft VS Code\bin;C:\Users\o5bre\.dotnet\tools;C:\Program Files\Azure Data Studio\bin;C:\Users\o5bre\AppData\Roaming\npm
USERNAME=o5bre
OS=Windows_NT
PROCESSOR_IDENTIFIER=AMD64 Family 23 Model 96 Stepping 1, AuthenticAMD



---------------  S Y S T E M  ---------------

OS: Windows 10 , 64 bit Build 19041 (10.0.19041.2364)
OS uptime: 2 days 1:40 hours

CPU:total 12 (initial active 12) (12 cores per cpu, 2 threads per core) family 23 model 96 stepping 1 microcode 0x0, cmov, cx8, fxsr, mmx, sse, sse2, sse3, ssse3, sse4.1, sse4.2, popcnt, avx, avx2, aes, clmul, mmxext, 3dnowpref, lzcnt, sse4a, ht, tsc, tscinvbit, tscinv, bmi1, bmi2, adx, 

Memory: 4k page, system-wide physical 15741M (2321M free)
TotalPageFile size 27712M (AvailPageFile size 52M)
current process WorkingSet (physical memory assigned to process): 675M, peak: 676M
current process commit charge ("private bytes"): 766M, peak: 943M

vm_info: OpenJDK 64-Bit Server VM (11.0.10+0-b96-7249189) for windows-amd64 JRE (11.0.10+0-b96-7249189), built on Mar 31 2021 21:44:00 by "builder" with MS VC++ 14.0 (VS2015)

END.
